SLURM_JOB_ID: 61268231
SLURM_JOB_USER: vsc36378
SLURM_JOB_ACCOUNT: lp_wice_pilot
SLURM_JOB_NAME: train_sliding_window.slurm
SLURM_CLUSTER_NAME: wice
SLURM_JOB_PARTITION: gpu_h100
SLURM_NNODES: 1
SLURM_NODELIST: s16g12
SLURM_JOB_CPUS_PER_NODE: 16
SLURM_JOB_GPUS: 2
Date: Fri Mar 22 22:08:25 CET 2024
Walltime: 00-01:15:00
========================================================================

Note: the module "foss" cannot be unloaded because it was not loaded.

The following modules were not unloaded:
  (Use "module --force purge" to unload all):

  1) cluster/wice/gpu_h100

Due to MODULEPATH changes, the following have been reloaded:
  1) OpenSSL/1.1

no change     /apps/leuven/rocky8/skylake/2021a/software/Miniconda3/4.12.0/condabin/conda
no change     /apps/leuven/rocky8/skylake/2021a/software/Miniconda3/4.12.0/bin/conda
no change     /apps/leuven/rocky8/skylake/2021a/software/Miniconda3/4.12.0/bin/conda-env
no change     /apps/leuven/rocky8/skylake/2021a/software/Miniconda3/4.12.0/bin/activate
no change     /apps/leuven/rocky8/skylake/2021a/software/Miniconda3/4.12.0/bin/deactivate
no change     /apps/leuven/rocky8/skylake/2021a/software/Miniconda3/4.12.0/etc/profile.d/conda.sh
no change     /apps/leuven/rocky8/skylake/2021a/software/Miniconda3/4.12.0/etc/fish/conf.d/conda.fish
no change     /apps/leuven/rocky8/skylake/2021a/software/Miniconda3/4.12.0/shell/condabin/Conda.psm1
no change     /apps/leuven/rocky8/skylake/2021a/software/Miniconda3/4.12.0/shell/condabin/conda-hook.ps1
no change     /apps/leuven/rocky8/skylake/2021a/software/Miniconda3/4.12.0/lib/python3.8/site-packages/xontrib/conda.xsh
no change     /apps/leuven/rocky8/skylake/2021a/software/Miniconda3/4.12.0/etc/profile.d/conda.csh
no change     /user/leuven/363/vsc36378/.bashrc
No action taken.
Python 3.12.0
Requirement already satisfied: accelerate==0.28.0 in /scratch/leuven/363/vsc36378/envs/jobs_env/lib/python3.12/site-packages (from -r requirements.txt (line 1)) (0.28.0)
Requirement already satisfied: aiohttp==3.9.3 in /scratch/leuven/363/vsc36378/envs/jobs_env/lib/python3.12/site-packages (from -r requirements.txt (line 2)) (3.9.3)
Requirement already satisfied: aiosignal==1.3.1 in /scratch/leuven/363/vsc36378/envs/jobs_env/lib/python3.12/site-packages (from -r requirements.txt (line 3)) (1.3.1)
Requirement already satisfied: async-timeout==4.0.3 in /scratch/leuven/363/vsc36378/envs/jobs_env/lib/python3.12/site-packages (from -r requirements.txt (line 4)) (4.0.3)
Requirement already satisfied: attrs==23.2.0 in /scratch/leuven/363/vsc36378/envs/jobs_env/lib/python3.12/site-packages (from -r requirements.txt (line 5)) (23.2.0)
Requirement already satisfied: certifi==2024.2.2 in /scratch/leuven/363/vsc36378/envs/jobs_env/lib/python3.12/site-packages (from -r requirements.txt (line 6)) (2024.2.2)
Requirement already satisfied: charset-normalizer==3.3.2 in /scratch/leuven/363/vsc36378/envs/jobs_env/lib/python3.12/site-packages (from -r requirements.txt (line 7)) (3.3.2)
Requirement already satisfied: click==8.1.7 in /scratch/leuven/363/vsc36378/envs/jobs_env/lib/python3.12/site-packages (from -r requirements.txt (line 8)) (8.1.7)
Requirement already satisfied: datasets==2.18.0 in /scratch/leuven/363/vsc36378/envs/jobs_env/lib/python3.12/site-packages (from -r requirements.txt (line 9)) (2.18.0)
Requirement already satisfied: dill==0.3.8 in /scratch/leuven/363/vsc36378/envs/jobs_env/lib/python3.12/site-packages (from -r requirements.txt (line 10)) (0.3.8)
Requirement already satisfied: filelock==3.13.1 in /scratch/leuven/363/vsc36378/envs/jobs_env/lib/python3.12/site-packages (from -r requirements.txt (line 11)) (3.13.1)
Requirement already satisfied: frozenlist==1.4.1 in /scratch/leuven/363/vsc36378/envs/jobs_env/lib/python3.12/site-packages (from -r requirements.txt (line 12)) (1.4.1)
Requirement already satisfied: fsspec==2024.2.0 in /scratch/leuven/363/vsc36378/envs/jobs_env/lib/python3.12/site-packages (from -r requirements.txt (line 13)) (2024.2.0)
Requirement already satisfied: huggingface-hub==0.21.4 in /scratch/leuven/363/vsc36378/envs/jobs_env/lib/python3.12/site-packages (from -r requirements.txt (line 14)) (0.21.4)
Requirement already satisfied: idna==3.6 in /scratch/leuven/363/vsc36378/envs/jobs_env/lib/python3.12/site-packages (from -r requirements.txt (line 15)) (3.6)
Requirement already satisfied: imbalanced-learn==0.12.0 in /scratch/leuven/363/vsc36378/envs/jobs_env/lib/python3.12/site-packages (from -r requirements.txt (line 16)) (0.12.0)
Requirement already satisfied: Jinja2==3.1.3 in /scratch/leuven/363/vsc36378/envs/jobs_env/lib/python3.12/site-packages (from -r requirements.txt (line 17)) (3.1.3)
Requirement already satisfied: joblib==1.3.2 in /scratch/leuven/363/vsc36378/envs/jobs_env/lib/python3.12/site-packages (from -r requirements.txt (line 18)) (1.3.2)
Requirement already satisfied: MarkupSafe==2.1.5 in /scratch/leuven/363/vsc36378/envs/jobs_env/lib/python3.12/site-packages (from -r requirements.txt (line 19)) (2.1.5)
Requirement already satisfied: mpmath==1.3.0 in /scratch/leuven/363/vsc36378/envs/jobs_env/lib/python3.12/site-packages (from -r requirements.txt (line 20)) (1.3.0)
Requirement already satisfied: multidict==6.0.5 in /scratch/leuven/363/vsc36378/envs/jobs_env/lib/python3.12/site-packages (from -r requirements.txt (line 21)) (6.0.5)
Requirement already satisfied: multiprocess==0.70.16 in /scratch/leuven/363/vsc36378/envs/jobs_env/lib/python3.12/site-packages (from -r requirements.txt (line 22)) (0.70.16)
Requirement already satisfied: networkx==3.2.1 in /scratch/leuven/363/vsc36378/envs/jobs_env/lib/python3.12/site-packages (from -r requirements.txt (line 23)) (3.2.1)
Requirement already satisfied: nltk==3.8.1 in /scratch/leuven/363/vsc36378/envs/jobs_env/lib/python3.12/site-packages (from -r requirements.txt (line 24)) (3.8.1)
Requirement already satisfied: numpy==1.26.4 in /scratch/leuven/363/vsc36378/envs/jobs_env/lib/python3.12/site-packages (from -r requirements.txt (line 25)) (1.26.4)
Requirement already satisfied: nvidia-cublas-cu12==12.1.3.1 in /scratch/leuven/363/vsc36378/envs/jobs_env/lib/python3.12/site-packages (from -r requirements.txt (line 26)) (12.1.3.1)
Requirement already satisfied: nvidia-cuda-cupti-cu12==12.1.105 in /scratch/leuven/363/vsc36378/envs/jobs_env/lib/python3.12/site-packages (from -r requirements.txt (line 27)) (12.1.105)
Requirement already satisfied: nvidia-cuda-nvrtc-cu12==12.1.105 in /scratch/leuven/363/vsc36378/envs/jobs_env/lib/python3.12/site-packages (from -r requirements.txt (line 28)) (12.1.105)
Requirement already satisfied: nvidia-cuda-runtime-cu12==12.1.105 in /scratch/leuven/363/vsc36378/envs/jobs_env/lib/python3.12/site-packages (from -r requirements.txt (line 29)) (12.1.105)
Requirement already satisfied: nvidia-cudnn-cu12==8.9.2.26 in /scratch/leuven/363/vsc36378/envs/jobs_env/lib/python3.12/site-packages (from -r requirements.txt (line 30)) (8.9.2.26)
Requirement already satisfied: nvidia-cufft-cu12==11.0.2.54 in /scratch/leuven/363/vsc36378/envs/jobs_env/lib/python3.12/site-packages (from -r requirements.txt (line 31)) (11.0.2.54)
Requirement already satisfied: nvidia-curand-cu12==10.3.2.106 in /scratch/leuven/363/vsc36378/envs/jobs_env/lib/python3.12/site-packages (from -r requirements.txt (line 32)) (10.3.2.106)
Requirement already satisfied: nvidia-cusolver-cu12==11.4.5.107 in /scratch/leuven/363/vsc36378/envs/jobs_env/lib/python3.12/site-packages (from -r requirements.txt (line 33)) (11.4.5.107)
Requirement already satisfied: nvidia-cusparse-cu12==12.1.0.106 in /scratch/leuven/363/vsc36378/envs/jobs_env/lib/python3.12/site-packages (from -r requirements.txt (line 34)) (12.1.0.106)
Requirement already satisfied: nvidia-nccl-cu12==2.19.3 in /scratch/leuven/363/vsc36378/envs/jobs_env/lib/python3.12/site-packages (from -r requirements.txt (line 35)) (2.19.3)
Requirement already satisfied: nvidia-nvjitlink-cu12==12.4.99 in /scratch/leuven/363/vsc36378/envs/jobs_env/lib/python3.12/site-packages (from -r requirements.txt (line 36)) (12.4.99)
Requirement already satisfied: nvidia-nvtx-cu12==12.1.105 in /scratch/leuven/363/vsc36378/envs/jobs_env/lib/python3.12/site-packages (from -r requirements.txt (line 37)) (12.1.105)
Requirement already satisfied: packaging==24.0 in /scratch/leuven/363/vsc36378/envs/jobs_env/lib/python3.12/site-packages (from -r requirements.txt (line 38)) (24.0)
Requirement already satisfied: pandas==2.2.1 in /scratch/leuven/363/vsc36378/envs/jobs_env/lib/python3.12/site-packages (from -r requirements.txt (line 39)) (2.2.1)
Requirement already satisfied: psutil==5.9.8 in /scratch/leuven/363/vsc36378/envs/jobs_env/lib/python3.12/site-packages (from -r requirements.txt (line 40)) (5.9.8)
Requirement already satisfied: pyarrow==15.0.1 in /scratch/leuven/363/vsc36378/envs/jobs_env/lib/python3.12/site-packages (from -r requirements.txt (line 41)) (15.0.1)
Requirement already satisfied: pyarrow-hotfix==0.6 in /scratch/leuven/363/vsc36378/envs/jobs_env/lib/python3.12/site-packages (from -r requirements.txt (line 42)) (0.6)
Requirement already satisfied: python-dateutil==2.9.0.post0 in /scratch/leuven/363/vsc36378/envs/jobs_env/lib/python3.12/site-packages (from -r requirements.txt (line 43)) (2.9.0.post0)
Requirement already satisfied: pytz==2024.1 in /scratch/leuven/363/vsc36378/envs/jobs_env/lib/python3.12/site-packages (from -r requirements.txt (line 44)) (2024.1)
Requirement already satisfied: PyYAML==6.0.1 in /scratch/leuven/363/vsc36378/envs/jobs_env/lib/python3.12/site-packages (from -r requirements.txt (line 45)) (6.0.1)
Requirement already satisfied: regex==2023.12.25 in /scratch/leuven/363/vsc36378/envs/jobs_env/lib/python3.12/site-packages (from -r requirements.txt (line 46)) (2023.12.25)
Requirement already satisfied: requests==2.31.0 in /scratch/leuven/363/vsc36378/envs/jobs_env/lib/python3.12/site-packages (from -r requirements.txt (line 47)) (2.31.0)
Requirement already satisfied: safetensors==0.4.2 in /scratch/leuven/363/vsc36378/envs/jobs_env/lib/python3.12/site-packages (from -r requirements.txt (line 48)) (0.4.2)
Requirement already satisfied: scikit-learn==1.4.1.post1 in /scratch/leuven/363/vsc36378/envs/jobs_env/lib/python3.12/site-packages (from -r requirements.txt (line 49)) (1.4.1.post1)
Requirement already satisfied: scipy==1.12.0 in /scratch/leuven/363/vsc36378/envs/jobs_env/lib/python3.12/site-packages (from -r requirements.txt (line 50)) (1.12.0)
Requirement already satisfied: setuptools==68.2.2 in /scratch/leuven/363/vsc36378/envs/jobs_env/lib/python3.12/site-packages (from -r requirements.txt (line 51)) (68.2.2)
Requirement already satisfied: six==1.16.0 in /scratch/leuven/363/vsc36378/envs/jobs_env/lib/python3.12/site-packages (from -r requirements.txt (line 52)) (1.16.0)
Requirement already satisfied: sympy==1.12 in /scratch/leuven/363/vsc36378/envs/jobs_env/lib/python3.12/site-packages (from -r requirements.txt (line 53)) (1.12)
Requirement already satisfied: threadpoolctl==3.3.0 in /scratch/leuven/363/vsc36378/envs/jobs_env/lib/python3.12/site-packages (from -r requirements.txt (line 54)) (3.3.0)
Requirement already satisfied: tokenizers==0.15.2 in /scratch/leuven/363/vsc36378/envs/jobs_env/lib/python3.12/site-packages (from -r requirements.txt (line 55)) (0.15.2)
Requirement already satisfied: torch==2.2.1 in /scratch/leuven/363/vsc36378/envs/jobs_env/lib/python3.12/site-packages (from -r requirements.txt (line 56)) (2.2.1)
Requirement already satisfied: tqdm==4.66.2 in /scratch/leuven/363/vsc36378/envs/jobs_env/lib/python3.12/site-packages (from -r requirements.txt (line 57)) (4.66.2)
Requirement already satisfied: transformers==4.38.2 in /scratch/leuven/363/vsc36378/envs/jobs_env/lib/python3.12/site-packages (from -r requirements.txt (line 58)) (4.38.2)
Requirement already satisfied: typing_extensions==4.10.0 in /scratch/leuven/363/vsc36378/envs/jobs_env/lib/python3.12/site-packages (from -r requirements.txt (line 59)) (4.10.0)
Requirement already satisfied: tzdata==2024.1 in /scratch/leuven/363/vsc36378/envs/jobs_env/lib/python3.12/site-packages (from -r requirements.txt (line 60)) (2024.1)
Requirement already satisfied: urllib3==2.2.1 in /scratch/leuven/363/vsc36378/envs/jobs_env/lib/python3.12/site-packages (from -r requirements.txt (line 61)) (2.2.1)
Requirement already satisfied: wheel==0.41.2 in /scratch/leuven/363/vsc36378/envs/jobs_env/lib/python3.12/site-packages (from -r requirements.txt (line 62)) (0.41.2)
Requirement already satisfied: xxhash==3.4.1 in /scratch/leuven/363/vsc36378/envs/jobs_env/lib/python3.12/site-packages (from -r requirements.txt (line 63)) (3.4.1)
Requirement already satisfied: yarl==1.9.4 in /scratch/leuven/363/vsc36378/envs/jobs_env/lib/python3.12/site-packages (from -r requirements.txt (line 64)) (1.9.4)
[nltk_data] Downloading package stopwords to
[nltk_data]     /user/leuven/363/vsc36378/nltk_data...
[nltk_data]   Package stopwords is already up-to-date!
[nltk_data] Downloading package wordnet to
[nltk_data]     /user/leuven/363/vsc36378/nltk_data...
[nltk_data]   Package wordnet is already up-to-date!
[nltk_data] Downloading package stopwords to
[nltk_data]     /user/leuven/363/vsc36378/nltk_data...
[nltk_data]   Package stopwords is already up-to-date!
[nltk_data] Downloading package wordnet to
[nltk_data]     /user/leuven/363/vsc36378/nltk_data...
[nltk_data]   Package wordnet is already up-to-date!
WINDOW_SIZE: 512,STRIDE: 256, MAX_CHUNKS: 2, BATCH_SIZE: 8
MODEL: distilbert-base-uncased

Map:   0%|          | 0/3976 [00:00<?, ? examples/s]Token indices sequence length is longer than the specified maximum sequence length for this model (591 > 512). Running this sequence through the model will result in indexing errors

Map:   0%|          | 1/3976 [00:00<09:43,  6.81 examples/s]
Map:   1%|          | 32/3976 [00:00<00:25, 153.55 examples/s]
Map:   2%|â–         | 61/3976 [00:00<00:19, 201.60 examples/s]
Map:   2%|â–         | 96/3976 [00:00<00:15, 249.33 examples/s]
Map:   3%|â–Ž         | 128/3976 [00:00<00:14, 267.79 examples/s]
Map:   4%|â–         | 158/3976 [00:00<00:13, 277.95 examples/s]
Map:   5%|â–         | 188/3976 [00:00<00:13, 279.59 examples/s]
Map:   6%|â–Œ         | 231/3976 [00:00<00:13, 275.44 examples/s]
Map:   7%|â–‹         | 269/3976 [00:01<00:12, 300.22 examples/s]
Map:   8%|â–Š         | 311/3976 [00:01<00:12, 283.07 examples/s]
Map:   9%|â–‰         | 350/3976 [00:01<00:13, 272.60 examples/s]
Map:  10%|â–‰         | 391/3976 [00:01<00:13, 267.31 examples/s]
Map:  11%|â–ˆ         | 429/3976 [00:01<00:13, 261.69 examples/s]
Map:  11%|â–ˆâ–        | 457/3976 [00:01<00:13, 259.51 examples/s]
Map:  12%|â–ˆâ–        | 486/3976 [00:01<00:13, 264.79 examples/s]
Map:  13%|â–ˆâ–Ž        | 522/3976 [00:02<00:13, 250.24 examples/s]
Map:  14%|â–ˆâ–        | 550/3976 [00:02<00:13, 252.50 examples/s]
Map:  15%|â–ˆâ–        | 581/3976 [00:02<00:14, 235.00 examples/s]
Map:  15%|â–ˆâ–Œ        | 609/3976 [00:02<00:13, 240.93 examples/s]
Map:  16%|â–ˆâ–Œ        | 634/3976 [00:02<00:13, 242.97 examples/s]
Map:  17%|â–ˆâ–‹        | 667/3976 [00:02<00:12, 263.56 examples/s]
Map:  18%|â–ˆâ–Š        | 703/3976 [00:02<00:11, 286.35 examples/s]
Map:  19%|â–ˆâ–Š        | 743/3976 [00:02<00:11, 271.09 examples/s]
Map:  20%|â–ˆâ–‰        | 778/3976 [00:02<00:11, 284.53 examples/s]
Map:  20%|â–ˆâ–ˆ        | 809/3976 [00:03<00:11, 285.93 examples/s]
Map:  21%|â–ˆâ–ˆ        | 839/3976 [00:03<00:11, 264.46 examples/s]
Map:  22%|â–ˆâ–ˆâ–       | 866/3976 [00:03<00:11, 265.11 examples/s]
Map:  23%|â–ˆâ–ˆâ–Ž       | 899/3976 [00:03<00:11, 277.90 examples/s]
Map:  24%|â–ˆâ–ˆâ–Ž       | 940/3976 [00:03<00:09, 309.57 examples/s]
Map:  25%|â–ˆâ–ˆâ–       | 979/3976 [00:03<00:10, 287.43 examples/s]
Map:  25%|â–ˆâ–ˆâ–Œ       | 1013/3976 [00:03<00:12, 241.73 examples/s]
Map:  26%|â–ˆâ–ˆâ–‹       | 1049/3976 [00:04<00:14, 209.04 examples/s]
Map:  27%|â–ˆâ–ˆâ–‹       | 1076/3976 [00:04<00:13, 219.59 examples/s]
Map:  28%|â–ˆâ–ˆâ–Š       | 1106/3976 [00:04<00:12, 236.49 examples/s]
Map:  29%|â–ˆâ–ˆâ–Š       | 1142/3976 [00:04<00:10, 264.05 examples/s]
Map:  30%|â–ˆâ–ˆâ–‰       | 1173/3976 [00:04<00:10, 271.06 examples/s]
Map:  30%|â–ˆâ–ˆâ–ˆ       | 1202/3976 [00:04<00:10, 272.99 examples/s]
Map:  31%|â–ˆâ–ˆâ–ˆ       | 1238/3976 [00:04<00:09, 293.28 examples/s]
Map:  32%|â–ˆâ–ˆâ–ˆâ–      | 1270/3976 [00:04<00:09, 299.51 examples/s]
Map:  33%|â–ˆâ–ˆâ–ˆâ–Ž      | 1303/3976 [00:05<00:10, 264.09 examples/s]
Map:  34%|â–ˆâ–ˆâ–ˆâ–Ž      | 1339/3976 [00:05<00:09, 285.07 examples/s]
Map:  35%|â–ˆâ–ˆâ–ˆâ–      | 1373/3976 [00:05<00:08, 298.29 examples/s]
Map:  36%|â–ˆâ–ˆâ–ˆâ–Œ      | 1412/3976 [00:05<00:08, 319.57 examples/s]
Map:  37%|â–ˆâ–ˆâ–ˆâ–‹      | 1457/3976 [00:05<00:08, 307.42 examples/s]
Map:  37%|â–ˆâ–ˆâ–ˆâ–‹      | 1489/3976 [00:05<00:08, 303.34 examples/s]
Map:  39%|â–ˆâ–ˆâ–ˆâ–Š      | 1536/3976 [00:05<00:08, 303.31 examples/s]
Map:  40%|â–ˆâ–ˆâ–ˆâ–‰      | 1575/3976 [00:05<00:08, 279.81 examples/s]
Map:  41%|â–ˆâ–ˆâ–ˆâ–ˆ      | 1616/3976 [00:06<00:08, 272.72 examples/s]
Map:  42%|â–ˆâ–ˆâ–ˆâ–ˆâ–     | 1651/3976 [00:06<00:08, 285.20 examples/s]
Map:  43%|â–ˆâ–ˆâ–ˆâ–ˆâ–Ž     | 1691/3976 [00:06<00:08, 264.26 examples/s]
Map:  43%|â–ˆâ–ˆâ–ˆâ–ˆâ–Ž     | 1726/3976 [00:06<00:08, 251.36 examples/s]
Map:  44%|â–ˆâ–ˆâ–ˆâ–ˆâ–     | 1765/3976 [00:06<00:09, 243.60 examples/s]
Map:  45%|â–ˆâ–ˆâ–ˆâ–ˆâ–Œ     | 1798/3976 [00:06<00:08, 255.61 examples/s]
Map:  46%|â–ˆâ–ˆâ–ˆâ–ˆâ–Œ     | 1832/3976 [00:06<00:07, 272.58 examples/s]
Map:  47%|â–ˆâ–ˆâ–ˆâ–ˆâ–‹     | 1865/3976 [00:07<00:07, 284.74 examples/s]
Map:  48%|â–ˆâ–ˆâ–ˆâ–ˆâ–Š     | 1903/3976 [00:07<00:08, 250.31 examples/s]
Map:  49%|â–ˆâ–ˆâ–ˆâ–ˆâ–‰     | 1942/3976 [00:07<00:08, 243.93 examples/s]
Map:  50%|â–ˆâ–ˆâ–ˆâ–ˆâ–‰     | 1979/3976 [00:07<00:07, 270.25 examples/s]
Map:  51%|â–ˆâ–ˆâ–ˆâ–ˆâ–ˆ     | 2015/3976 [00:07<00:07, 247.12 examples/s]
Map:  52%|â–ˆâ–ˆâ–ˆâ–ˆâ–ˆâ–    | 2051/3976 [00:07<00:07, 242.01 examples/s]
Map:  52%|â–ˆâ–ˆâ–ˆâ–ˆâ–ˆâ–    | 2082/3976 [00:07<00:07, 255.70 examples/s]
Map:  53%|â–ˆâ–ˆâ–ˆâ–ˆâ–ˆâ–Ž    | 2112/3976 [00:08<00:07, 261.83 examples/s]
Map:  54%|â–ˆâ–ˆâ–ˆâ–ˆâ–ˆâ–    | 2143/3976 [00:08<00:06, 266.69 examples/s]
Map:  55%|â–ˆâ–ˆâ–ˆâ–ˆâ–ˆâ–    | 2176/3976 [00:08<00:06, 277.16 examples/s]
Map:  55%|â–ˆâ–ˆâ–ˆâ–ˆâ–ˆâ–Œ    | 2206/3976 [00:08<00:06, 280.73 examples/s]
Map:  56%|â–ˆâ–ˆâ–ˆâ–ˆâ–ˆâ–‹    | 2237/3976 [00:08<00:06, 286.77 examples/s]
Map:  57%|â–ˆâ–ˆâ–ˆâ–ˆâ–ˆâ–‹    | 2270/3976 [00:08<00:05, 293.14 examples/s]
Map:  58%|â–ˆâ–ˆâ–ˆâ–ˆâ–ˆâ–Š    | 2314/3976 [00:08<00:05, 281.44 examples/s]
Map:  59%|â–ˆâ–ˆâ–ˆâ–ˆâ–ˆâ–‰    | 2356/3976 [00:08<00:05, 272.69 examples/s]
Map:  60%|â–ˆâ–ˆâ–ˆâ–ˆâ–ˆâ–ˆ    | 2387/3976 [00:08<00:05, 278.44 examples/s]
Map:  61%|â–ˆâ–ˆâ–ˆâ–ˆâ–ˆâ–ˆ    | 2419/3976 [00:09<00:05, 283.85 examples/s]
Map:  62%|â–ˆâ–ˆâ–ˆâ–ˆâ–ˆâ–ˆâ–   | 2449/3976 [00:09<00:05, 281.09 examples/s]
Map:  62%|â–ˆâ–ˆâ–ˆâ–ˆâ–ˆâ–ˆâ–   | 2479/3976 [00:09<00:05, 285.39 examples/s]
Map:  63%|â–ˆâ–ˆâ–ˆâ–ˆâ–ˆâ–ˆâ–Ž   | 2508/3976 [00:09<00:05, 285.13 examples/s]
Map:  64%|â–ˆâ–ˆâ–ˆâ–ˆâ–ˆâ–ˆâ–   | 2547/3976 [00:09<00:05, 270.66 examples/s]
Map:  65%|â–ˆâ–ˆâ–ˆâ–ˆâ–ˆâ–ˆâ–   | 2578/3976 [00:09<00:05, 245.20 examples/s]
Map:  66%|â–ˆâ–ˆâ–ˆâ–ˆâ–ˆâ–ˆâ–Œ   | 2615/3976 [00:09<00:05, 241.23 examples/s]
Map:  66%|â–ˆâ–ˆâ–ˆâ–ˆâ–ˆâ–ˆâ–‹   | 2640/3976 [00:09<00:05, 239.85 examples/s]
Map:  67%|â–ˆâ–ˆâ–ˆâ–ˆâ–ˆâ–ˆâ–‹   | 2667/3976 [00:10<00:05, 240.61 examples/s]
Map:  68%|â–ˆâ–ˆâ–ˆâ–ˆâ–ˆâ–ˆâ–Š   | 2699/3976 [00:10<00:04, 259.09 examples/s]
Map:  69%|â–ˆâ–ˆâ–ˆâ–ˆâ–ˆâ–ˆâ–Š   | 2727/3976 [00:10<00:04, 256.06 examples/s]
Map:  70%|â–ˆâ–ˆâ–ˆâ–ˆâ–ˆâ–ˆâ–‰   | 2765/3976 [00:10<00:04, 283.33 examples/s]
Map:  70%|â–ˆâ–ˆâ–ˆâ–ˆâ–ˆâ–ˆâ–ˆ   | 2796/3976 [00:10<00:04, 287.27 examples/s]
Map:  71%|â–ˆâ–ˆâ–ˆâ–ˆâ–ˆâ–ˆâ–ˆâ–  | 2841/3976 [00:10<00:03, 289.21 examples/s]
Map:  73%|â–ˆâ–ˆâ–ˆâ–ˆâ–ˆâ–ˆâ–ˆâ–Ž  | 2885/3976 [00:10<00:03, 279.61 examples/s]
Map:  73%|â–ˆâ–ˆâ–ˆâ–ˆâ–ˆâ–ˆâ–ˆâ–Ž  | 2914/3976 [00:10<00:03, 275.43 examples/s]
Map:  74%|â–ˆâ–ˆâ–ˆâ–ˆâ–ˆâ–ˆâ–ˆâ–  | 2946/3976 [00:11<00:03, 283.54 examples/s]
Map:  75%|â–ˆâ–ˆâ–ˆâ–ˆâ–ˆâ–ˆâ–ˆâ–Œ  | 2988/3976 [00:11<00:03, 268.23 examples/s]
Map:  76%|â–ˆâ–ˆâ–ˆâ–ˆâ–ˆâ–ˆâ–ˆâ–Œ  | 3026/3976 [00:11<00:03, 241.19 examples/s]
Map:  77%|â–ˆâ–ˆâ–ˆâ–ˆâ–ˆâ–ˆâ–ˆâ–‹  | 3061/3976 [00:11<00:03, 236.86 examples/s]
Map:  78%|â–ˆâ–ˆâ–ˆâ–ˆâ–ˆâ–ˆâ–ˆâ–Š  | 3089/3976 [00:11<00:03, 239.98 examples/s]
Map:  79%|â–ˆâ–ˆâ–ˆâ–ˆâ–ˆâ–ˆâ–ˆâ–Š  | 3128/3976 [00:11<00:03, 270.12 examples/s]
Map:  80%|â–ˆâ–ˆâ–ˆâ–ˆâ–ˆâ–ˆâ–ˆâ–‰  | 3168/3976 [00:11<00:03, 259.61 examples/s]
Map:  80%|â–ˆâ–ˆâ–ˆâ–ˆâ–ˆâ–ˆâ–ˆâ–ˆ  | 3198/3976 [00:12<00:02, 265.38 examples/s]
Map:  81%|â–ˆâ–ˆâ–ˆâ–ˆâ–ˆâ–ˆâ–ˆâ–ˆ  | 3230/3976 [00:12<00:02, 274.14 examples/s]
Map:  82%|â–ˆâ–ˆâ–ˆâ–ˆâ–ˆâ–ˆâ–ˆâ–ˆâ– | 3260/3976 [00:12<00:02, 275.36 examples/s]
Map:  83%|â–ˆâ–ˆâ–ˆâ–ˆâ–ˆâ–ˆâ–ˆâ–ˆâ–Ž | 3300/3976 [00:12<00:02, 269.48 examples/s]
Map:  84%|â–ˆâ–ˆâ–ˆâ–ˆâ–ˆâ–ˆâ–ˆâ–ˆâ– | 3341/3976 [00:12<00:02, 298.00 examples/s]
Map:  85%|â–ˆâ–ˆâ–ˆâ–ˆâ–ˆâ–ˆâ–ˆâ–ˆâ–Œ | 3383/3976 [00:12<00:02, 287.99 examples/s]
Map:  86%|â–ˆâ–ˆâ–ˆâ–ˆâ–ˆâ–ˆâ–ˆâ–ˆâ–Œ | 3415/3976 [00:12<00:01, 293.34 examples/s]
Map:  87%|â–ˆâ–ˆâ–ˆâ–ˆâ–ˆâ–ˆâ–ˆâ–ˆâ–‹ | 3457/3976 [00:12<00:01, 287.75 examples/s]
Map:  88%|â–ˆâ–ˆâ–ˆâ–ˆâ–ˆâ–ˆâ–ˆâ–ˆâ–Š | 3491/3976 [00:13<00:01, 293.12 examples/s]
Map:  89%|â–ˆâ–ˆâ–ˆâ–ˆâ–ˆâ–ˆâ–ˆâ–ˆâ–Š | 3527/3976 [00:13<00:01, 269.51 examples/s]
Map:  90%|â–ˆâ–ˆâ–ˆâ–ˆâ–ˆâ–ˆâ–ˆâ–ˆâ–‰ | 3559/3976 [00:13<00:01, 278.29 examples/s]
Map:  91%|â–ˆâ–ˆâ–ˆâ–ˆâ–ˆâ–ˆâ–ˆâ–ˆâ–ˆ | 3600/3976 [00:13<00:01, 270.48 examples/s]
Map:  91%|â–ˆâ–ˆâ–ˆâ–ˆâ–ˆâ–ˆâ–ˆâ–ˆâ–ˆâ–| 3634/3976 [00:13<00:01, 280.55 examples/s]
Map:  92%|â–ˆâ–ˆâ–ˆâ–ˆâ–ˆâ–ˆâ–ˆâ–ˆâ–ˆâ–| 3664/3976 [00:13<00:01, 279.38 examples/s]
Map:  93%|â–ˆâ–ˆâ–ˆâ–ˆâ–ˆâ–ˆâ–ˆâ–ˆâ–ˆâ–Ž| 3694/3976 [00:13<00:01, 281.79 examples/s]
Map:  94%|â–ˆâ–ˆâ–ˆâ–ˆâ–ˆâ–ˆâ–ˆâ–ˆâ–ˆâ–| 3734/3976 [00:13<00:00, 253.21 examples/s]
Map:  95%|â–ˆâ–ˆâ–ˆâ–ˆâ–ˆâ–ˆâ–ˆâ–ˆâ–ˆâ–| 3761/3976 [00:14<00:00, 252.03 examples/s]
Map:  95%|â–ˆâ–ˆâ–ˆâ–ˆâ–ˆâ–ˆâ–ˆâ–ˆâ–ˆâ–Œ| 3793/3976 [00:14<00:00, 266.34 examples/s]
Map:  96%|â–ˆâ–ˆâ–ˆâ–ˆâ–ˆâ–ˆâ–ˆâ–ˆâ–ˆâ–Œ| 3826/3976 [00:14<00:00, 278.46 examples/s]
Map:  97%|â–ˆâ–ˆâ–ˆâ–ˆâ–ˆâ–ˆâ–ˆâ–ˆâ–ˆâ–‹| 3855/3976 [00:14<00:00, 277.31 examples/s]
Map:  98%|â–ˆâ–ˆâ–ˆâ–ˆâ–ˆâ–ˆâ–ˆâ–ˆâ–ˆâ–Š| 3885/3976 [00:14<00:00, 279.35 examples/s]
Map:  99%|â–ˆâ–ˆâ–ˆâ–ˆâ–ˆâ–ˆâ–ˆâ–ˆâ–ˆâ–Š| 3924/3976 [00:14<00:00, 270.57 examples/s]
Map: 100%|â–ˆâ–ˆâ–ˆâ–ˆâ–ˆâ–ˆâ–ˆâ–ˆâ–ˆâ–‰| 3964/3976 [00:14<00:00, 265.46 examples/s]
Map: 100%|â–ˆâ–ˆâ–ˆâ–ˆâ–ˆâ–ˆâ–ˆâ–ˆâ–ˆâ–ˆ| 3976/3976 [00:14<00:00, 266.42 examples/s]

Map:   0%|          | 0/636 [00:00<?, ? examples/s]
Map:   6%|â–Œ         | 35/636 [00:00<00:01, 326.78 examples/s]
Map:  11%|â–ˆ         | 68/636 [00:00<00:01, 322.86 examples/s]
Map:  18%|â–ˆâ–Š        | 114/636 [00:00<00:01, 305.73 examples/s]
Map:  25%|â–ˆâ–ˆâ–Œ       | 160/636 [00:00<00:01, 298.50 examples/s]
Map:  32%|â–ˆâ–ˆâ–ˆâ–      | 204/636 [00:00<00:01, 289.09 examples/s]
Map:  38%|â–ˆâ–ˆâ–ˆâ–Š      | 240/636 [00:00<00:01, 269.55 examples/s]
Map:  42%|â–ˆâ–ˆâ–ˆâ–ˆâ–     | 269/636 [00:00<00:01, 271.42 examples/s]
Map:  49%|â–ˆâ–ˆâ–ˆâ–ˆâ–Š     | 309/636 [00:01<00:01, 228.26 examples/s]
Map:  53%|â–ˆâ–ˆâ–ˆâ–ˆâ–ˆâ–Ž    | 335/636 [00:01<00:01, 231.06 examples/s]
Map:  58%|â–ˆâ–ˆâ–ˆâ–ˆâ–ˆâ–Š    | 368/636 [00:01<00:01, 225.72 examples/s]
Map:  62%|â–ˆâ–ˆâ–ˆâ–ˆâ–ˆâ–ˆâ–   | 397/636 [00:01<00:00, 239.63 examples/s]
Map:  67%|â–ˆâ–ˆâ–ˆâ–ˆâ–ˆâ–ˆâ–‹   | 424/636 [00:01<00:00, 244.45 examples/s]
Map:  72%|â–ˆâ–ˆâ–ˆâ–ˆâ–ˆâ–ˆâ–ˆâ–  | 457/636 [00:01<00:00, 263.42 examples/s]
Map:  77%|â–ˆâ–ˆâ–ˆâ–ˆâ–ˆâ–ˆâ–ˆâ–‹  | 488/636 [00:01<00:00, 272.24 examples/s]
Map:  82%|â–ˆâ–ˆâ–ˆâ–ˆâ–ˆâ–ˆâ–ˆâ–ˆâ– | 519/636 [00:01<00:00, 278.54 examples/s]
Map:  87%|â–ˆâ–ˆâ–ˆâ–ˆâ–ˆâ–ˆâ–ˆâ–ˆâ–‹ | 555/636 [00:02<00:00, 260.43 examples/s]
Map:  92%|â–ˆâ–ˆâ–ˆâ–ˆâ–ˆâ–ˆâ–ˆâ–ˆâ–ˆâ–| 585/636 [00:02<00:00, 268.50 examples/s]
Map:  97%|â–ˆâ–ˆâ–ˆâ–ˆâ–ˆâ–ˆâ–ˆâ–ˆâ–ˆâ–‹| 616/636 [00:02<00:00, 271.86 examples/s]
Map: 100%|â–ˆâ–ˆâ–ˆâ–ˆâ–ˆâ–ˆâ–ˆâ–ˆâ–ˆâ–ˆ| 636/636 [00:02<00:00, 260.90 examples/s]

Map:   0%|          | 0/661 [00:00<?, ? examples/s]
Map:   5%|â–         | 33/661 [00:00<00:01, 320.83 examples/s]
Map:  12%|â–ˆâ–        | 79/661 [00:00<00:01, 306.21 examples/s]
Map:  18%|â–ˆâ–Š        | 118/661 [00:00<00:01, 333.13 examples/s]
Map:  25%|â–ˆâ–ˆâ–       | 162/661 [00:00<00:01, 276.27 examples/s]
Map:  31%|â–ˆâ–ˆâ–ˆ       | 205/661 [00:00<00:01, 275.31 examples/s]
Map:  36%|â–ˆâ–ˆâ–ˆâ–‹      | 240/661 [00:00<00:01, 255.94 examples/s]
Map:  42%|â–ˆâ–ˆâ–ˆâ–ˆâ–     | 275/661 [00:01<00:01, 244.84 examples/s]
Map:  47%|â–ˆâ–ˆâ–ˆâ–ˆâ–‹     | 309/661 [00:01<00:01, 264.64 examples/s]
Map:  52%|â–ˆâ–ˆâ–ˆâ–ˆâ–ˆâ–    | 344/661 [00:01<00:01, 285.03 examples/s]
Map:  57%|â–ˆâ–ˆâ–ˆâ–ˆâ–ˆâ–‹    | 374/661 [00:01<00:01, 286.13 examples/s]
Map:  62%|â–ˆâ–ˆâ–ˆâ–ˆâ–ˆâ–ˆâ–   | 407/661 [00:01<00:00, 291.36 examples/s]
Map:  67%|â–ˆâ–ˆâ–ˆâ–ˆâ–ˆâ–ˆâ–‹   | 441/661 [00:01<00:00, 293.35 examples/s]
Map:  71%|â–ˆâ–ˆâ–ˆâ–ˆâ–ˆâ–ˆâ–ˆâ–  | 472/661 [00:01<00:00, 295.44 examples/s]
Map:  76%|â–ˆâ–ˆâ–ˆâ–ˆâ–ˆâ–ˆâ–ˆâ–Œ  | 503/661 [00:01<00:00, 297.21 examples/s]
Map:  83%|â–ˆâ–ˆâ–ˆâ–ˆâ–ˆâ–ˆâ–ˆâ–ˆâ–Ž | 547/661 [00:01<00:00, 294.75 examples/s]
Map:  89%|â–ˆâ–ˆâ–ˆâ–ˆâ–ˆâ–ˆâ–ˆâ–ˆâ–Š | 585/661 [00:02<00:00, 259.95 examples/s]
Map:  93%|â–ˆâ–ˆâ–ˆâ–ˆâ–ˆâ–ˆâ–ˆâ–ˆâ–ˆâ–Ž| 616/661 [00:02<00:00, 267.19 examples/s]
Map:  98%|â–ˆâ–ˆâ–ˆâ–ˆâ–ˆâ–ˆâ–ˆâ–ˆâ–ˆâ–Š| 646/661 [00:02<00:00, 271.52 examples/s]
Map: 100%|â–ˆâ–ˆâ–ˆâ–ˆâ–ˆâ–ˆâ–ˆâ–ˆâ–ˆâ–ˆ| 661/661 [00:02<00:00, 274.07 examples/s]
train
Class 0: 547 samples
Class 1: 1802 samples
Class 2: 1627 samples

test
Class 0: 70 samples
Class 1: 291 samples
Class 2: 275 samples

valid
Class 0: 76 samples
Class 1: 310 samples
Class 2: 275 samples

Some weights of DistilBertForSequenceClassification were not initialized from the model checkpoint at distilbert-base-uncased and are newly initialized: ['classifier.bias', 'classifier.weight', 'pre_classifier.bias', 'pre_classifier.weight']
You should probably TRAIN this model on a down-stream task to be able to use it for predictions and inference.
/scratch/leuven/363/vsc36378/envs/jobs_env/lib/python3.12/site-packages/accelerate/accelerator.py:432: FutureWarning: Passing the following arguments to `Accelerator` is deprecated and will be removed in version 1.0 of Accelerate: dict_keys(['dispatch_batches', 'split_batches', 'even_batches', 'use_seedable_sampler']). Please pass an `accelerate.DataLoaderConfiguration` instead: 
dataloader_config = DataLoaderConfiguration(dispatch_batches=None, split_batches=False, even_batches=True, use_seedable_sampler=True)
  warnings.warn(
Detected kernel version 4.18.0, which is below the recommended minimum of 5.5.0; this can cause the process to hang. It is recommended to upgrade the kernel to the minimum version or higher.
class_weights: [2.4229128 0.7354791 0.8145872]

  0%|          | 0/1491 [00:00<?, ?it/s][rank0]:[W reducer.cpp:1360] Warning: find_unused_parameters=True was specified in DDP constructor, but did not find any unused parameters in the forward pass. This flag results in an extra traversal of the autograd graph every iteration,  which can adversely affect performance. If your model indeed never has any unused parameters in the forward pass, consider turning this flag off. Note that this warning may be a false positive if your model has flow control causing later iterations to have unused parameters. (function operator())

  0%|          | 1/1491 [00:11<4:35:08, 11.08s/it]
  0%|          | 3/1491 [00:11<1:12:51,  2.94s/it]
  0%|          | 5/1491 [00:11<36:22,  1.47s/it]  
  0%|          | 7/1491 [00:11<21:55,  1.13it/s]
  1%|          | 9/1491 [00:11<14:30,  1.70it/s]
  1%|          | 11/1491 [00:11<10:07,  2.44it/s]
  1%|          | 13/1491 [00:12<07:26,  3.31it/s]
  1%|          | 15/1491 [00:12<05:47,  4.25it/s]
  1%|          | 17/1491 [00:12<04:37,  5.31it/s]
  1%|â–         | 19/1491 [00:12<03:52,  6.32it/s]
  1%|â–         | 21/1491 [00:12<03:10,  7.72it/s]
  2%|â–         | 23/1491 [00:12<02:50,  8.63it/s]
  2%|â–         | 25/1491 [00:13<02:29,  9.83it/s]
  2%|â–         | 27/1491 [00:13<02:22, 10.30it/s]
  2%|â–         | 29/1491 [00:13<02:27,  9.94it/s]
  2%|â–         | 31/1491 [00:13<02:10, 11.17it/s]
  2%|â–         | 33/1491 [00:13<01:58, 12.26it/s]
  2%|â–         | 35/1491 [00:13<01:53, 12.84it/s]
  2%|â–         | 37/1491 [00:14<01:56, 12.48it/s]
  3%|â–Ž         | 39/1491 [00:14<01:53, 12.75it/s]
  3%|â–Ž         | 41/1491 [00:14<02:02, 11.84it/s]
  3%|â–Ž         | 43/1491 [00:14<02:01, 11.96it/s]
  3%|â–Ž         | 45/1491 [00:14<02:04, 11.64it/s]
  3%|â–Ž         | 47/1491 [00:14<02:04, 11.64it/s]
  3%|â–Ž         | 49/1491 [00:15<02:03, 11.71it/s]
  3%|â–Ž         | 51/1491 [00:15<01:59, 12.07it/s]
  4%|â–Ž         | 53/1491 [00:15<02:02, 11.72it/s]
  4%|â–Ž         | 55/1491 [00:15<02:00, 11.92it/s]
  4%|â–         | 57/1491 [00:15<01:59, 12.01it/s]
  4%|â–         | 59/1491 [00:15<02:01, 11.78it/s]
  4%|â–         | 61/1491 [00:16<02:02, 11.65it/s]
  4%|â–         | 63/1491 [00:16<02:00, 11.82it/s]
  4%|â–         | 65/1491 [00:16<01:56, 12.20it/s]
  4%|â–         | 67/1491 [00:16<01:59, 11.91it/s]
  5%|â–         | 69/1491 [00:16<02:05, 11.32it/s]
  5%|â–         | 71/1491 [00:17<02:14, 10.52it/s]
  5%|â–         | 73/1491 [00:17<01:56, 12.12it/s]
  5%|â–Œ         | 75/1491 [00:17<01:59, 11.85it/s]
  5%|â–Œ         | 77/1491 [00:17<02:00, 11.73it/s]
  5%|â–Œ         | 79/1491 [00:17<02:03, 11.41it/s]
  5%|â–Œ         | 81/1491 [00:17<01:56, 12.14it/s]
  6%|â–Œ         | 83/1491 [00:17<02:00, 11.72it/s]
  6%|â–Œ         | 85/1491 [00:18<01:59, 11.78it/s]
  6%|â–Œ         | 87/1491 [00:18<01:55, 12.19it/s]
  6%|â–Œ         | 89/1491 [00:18<01:54, 12.29it/s]
  6%|â–Œ         | 91/1491 [00:18<01:54, 12.24it/s]
  6%|â–Œ         | 93/1491 [00:18<01:54, 12.26it/s]
  6%|â–‹         | 95/1491 [00:18<01:57, 11.85it/s]
  7%|â–‹         | 97/1491 [00:19<02:05, 11.11it/s]
  7%|â–‹         | 99/1491 [00:19<02:06, 11.02it/s]
  7%|â–‹         | 101/1491 [00:19<02:06, 11.01it/s]
  7%|â–‹         | 103/1491 [00:19<02:02, 11.37it/s]
  7%|â–‹         | 105/1491 [00:19<01:51, 12.40it/s]
  7%|â–‹         | 107/1491 [00:20<01:52, 12.26it/s]
  7%|â–‹         | 109/1491 [00:20<01:57, 11.80it/s]
  7%|â–‹         | 111/1491 [00:20<02:02, 11.26it/s]
  8%|â–Š         | 113/1491 [00:20<01:53, 12.09it/s]
  8%|â–Š         | 115/1491 [00:20<01:53, 12.09it/s]
  8%|â–Š         | 117/1491 [00:20<01:57, 11.67it/s]
  8%|â–Š         | 119/1491 [00:21<01:56, 11.81it/s]
  8%|â–Š         | 121/1491 [00:21<01:55, 11.85it/s]
  8%|â–Š         | 123/1491 [00:21<01:55, 11.80it/s]
  8%|â–Š         | 125/1491 [00:21<01:53, 12.06it/s]
  9%|â–Š         | 127/1491 [00:21<01:52, 12.11it/s]
  9%|â–Š         | 129/1491 [00:21<01:55, 11.80it/s]
  9%|â–‰         | 131/1491 [00:22<01:51, 12.16it/s]
  9%|â–‰         | 133/1491 [00:22<01:50, 12.25it/s]
  9%|â–‰         | 135/1491 [00:22<01:50, 12.33it/s]
  9%|â–‰         | 137/1491 [00:22<01:52, 12.06it/s]
  9%|â–‰         | 139/1491 [00:22<01:54, 11.76it/s]
  9%|â–‰         | 141/1491 [00:22<01:46, 12.70it/s]
 10%|â–‰         | 143/1491 [00:23<01:49, 12.27it/s]
 10%|â–‰         | 145/1491 [00:23<01:51, 12.12it/s]
 10%|â–‰         | 147/1491 [00:23<01:50, 12.17it/s]
 10%|â–‰         | 149/1491 [00:23<01:54, 11.73it/s]
 10%|â–ˆ         | 151/1491 [00:23<01:54, 11.66it/s]
 10%|â–ˆ         | 153/1491 [00:23<01:53, 11.82it/s]
 10%|â–ˆ         | 155/1491 [00:24<01:50, 12.10it/s]
 11%|â–ˆ         | 157/1491 [00:24<01:47, 12.42it/s]
 11%|â–ˆ         | 159/1491 [00:24<01:46, 12.48it/s]
 11%|â–ˆ         | 161/1491 [00:24<01:49, 12.19it/s]
 11%|â–ˆ         | 163/1491 [00:24<01:48, 12.25it/s]
 11%|â–ˆ         | 165/1491 [00:24<01:50, 12.03it/s]
 11%|â–ˆ         | 167/1491 [00:25<01:53, 11.68it/s]
 11%|â–ˆâ–        | 169/1491 [00:25<01:48, 12.21it/s]
 11%|â–ˆâ–        | 171/1491 [00:25<01:39, 13.27it/s]
 12%|â–ˆâ–        | 173/1491 [00:25<01:35, 13.85it/s]
 12%|â–ˆâ–        | 175/1491 [00:25<01:34, 13.97it/s]
 12%|â–ˆâ–        | 177/1491 [00:25<01:39, 13.23it/s]
 12%|â–ˆâ–        | 179/1491 [00:25<01:45, 12.39it/s]
 12%|â–ˆâ–        | 181/1491 [00:26<01:46, 12.29it/s]
 12%|â–ˆâ–        | 183/1491 [00:26<01:43, 12.60it/s]
 12%|â–ˆâ–        | 185/1491 [00:26<01:41, 12.84it/s]
 13%|â–ˆâ–Ž        | 187/1491 [00:26<01:47, 12.08it/s]
 13%|â–ˆâ–Ž        | 189/1491 [00:26<01:49, 11.86it/s]
 13%|â–ˆâ–Ž        | 191/1491 [00:26<01:41, 12.75it/s]
 13%|â–ˆâ–Ž        | 193/1491 [00:27<01:46, 12.21it/s]
 13%|â–ˆâ–Ž        | 195/1491 [00:27<01:47, 12.09it/s]
 13%|â–ˆâ–Ž        | 197/1491 [00:27<01:50, 11.71it/s]
 13%|â–ˆâ–Ž        | 199/1491 [00:27<01:45, 12.23it/s]
 13%|â–ˆâ–Ž        | 201/1491 [00:27<01:42, 12.62it/s]
 14%|â–ˆâ–Ž        | 203/1491 [00:27<01:42, 12.58it/s]
 14%|â–ˆâ–Ž        | 205/1491 [00:28<01:49, 11.78it/s]
 14%|â–ˆâ–        | 207/1491 [00:28<01:44, 12.24it/s]
 14%|â–ˆâ–        | 209/1491 [00:28<01:47, 11.96it/s]
 14%|â–ˆâ–        | 211/1491 [00:28<01:37, 13.11it/s]
 14%|â–ˆâ–        | 213/1491 [00:28<01:39, 12.89it/s]
 14%|â–ˆâ–        | 215/1491 [00:28<01:39, 12.84it/s]
 15%|â–ˆâ–        | 217/1491 [00:29<01:45, 12.10it/s]
 15%|â–ˆâ–        | 219/1491 [00:29<01:44, 12.19it/s]
 15%|â–ˆâ–        | 221/1491 [00:29<01:44, 12.17it/s]
 15%|â–ˆâ–        | 223/1491 [00:29<01:45, 12.06it/s]
 15%|â–ˆâ–Œ        | 225/1491 [00:29<01:47, 11.79it/s]
 15%|â–ˆâ–Œ        | 227/1491 [00:29<01:43, 12.24it/s]
 15%|â–ˆâ–Œ        | 229/1491 [00:29<01:39, 12.67it/s]
 15%|â–ˆâ–Œ        | 231/1491 [00:30<01:45, 11.96it/s]
 16%|â–ˆâ–Œ        | 233/1491 [00:30<01:50, 11.43it/s]
 16%|â–ˆâ–Œ        | 235/1491 [00:30<01:51, 11.26it/s]
 16%|â–ˆâ–Œ        | 237/1491 [00:30<01:50, 11.38it/s]
 16%|â–ˆâ–Œ        | 239/1491 [00:30<01:48, 11.51it/s]
 16%|â–ˆâ–Œ        | 241/1491 [00:31<01:44, 11.91it/s]
 16%|â–ˆâ–‹        | 243/1491 [00:31<01:48, 11.55it/s]
 16%|â–ˆâ–‹        | 245/1491 [00:31<01:49, 11.37it/s]
 17%|â–ˆâ–‹        | 247/1491 [00:31<01:45, 11.82it/s]
 17%|â–ˆâ–‹        | 249/1491 [00:31<01:45, 11.76it/s]
 17%|â–ˆâ–‹        | 251/1491 [00:31<01:44, 11.85it/s]
 17%|â–ˆâ–‹        | 253/1491 [00:32<01:43, 12.01it/s]
 17%|â–ˆâ–‹        | 255/1491 [00:32<01:41, 12.18it/s]
 17%|â–ˆâ–‹        | 257/1491 [00:32<01:42, 12.05it/s]
 17%|â–ˆâ–‹        | 259/1491 [00:32<01:37, 12.64it/s]
 18%|â–ˆâ–Š        | 261/1491 [00:32<01:39, 12.32it/s]
 18%|â–ˆâ–Š        | 263/1491 [00:32<01:38, 12.47it/s]
 18%|â–ˆâ–Š        | 265/1491 [00:33<01:42, 11.96it/s]
 18%|â–ˆâ–Š        | 267/1491 [00:33<01:39, 12.31it/s]
 18%|â–ˆâ–Š        | 269/1491 [00:33<01:37, 12.57it/s]
 18%|â–ˆâ–Š        | 271/1491 [00:33<01:41, 12.06it/s]
 18%|â–ˆâ–Š        | 273/1491 [00:33<01:39, 12.28it/s]
 18%|â–ˆâ–Š        | 275/1491 [00:33<01:38, 12.37it/s]
 19%|â–ˆâ–Š        | 277/1491 [00:34<01:44, 11.64it/s]
 19%|â–ˆâ–Š        | 279/1491 [00:34<01:45, 11.52it/s]
 19%|â–ˆâ–‰        | 281/1491 [00:34<01:46, 11.32it/s]
 19%|â–ˆâ–‰        | 283/1491 [00:34<01:41, 11.88it/s]
 19%|â–ˆâ–‰        | 285/1491 [00:34<01:40, 11.95it/s]
 19%|â–ˆâ–‰        | 287/1491 [00:34<01:38, 12.20it/s]
 19%|â–ˆâ–‰        | 289/1491 [00:35<01:41, 11.80it/s]
 20%|â–ˆâ–‰        | 291/1491 [00:35<01:38, 12.24it/s]
 20%|â–ˆâ–‰        | 293/1491 [00:35<01:37, 12.24it/s]
 20%|â–ˆâ–‰        | 295/1491 [00:35<01:39, 12.07it/s]
 20%|â–ˆâ–‰        | 297/1491 [00:35<01:40, 11.93it/s]
 20%|â–ˆâ–ˆ        | 299/1491 [00:35<01:41, 11.76it/s]
 20%|â–ˆâ–ˆ        | 301/1491 [00:36<01:37, 12.27it/s]
 20%|â–ˆâ–ˆ        | 303/1491 [00:36<01:44, 11.41it/s]
 20%|â–ˆâ–ˆ        | 305/1491 [00:36<01:45, 11.28it/s]
 21%|â–ˆâ–ˆ        | 307/1491 [00:36<01:42, 11.60it/s]
 21%|â–ˆâ–ˆ        | 309/1491 [00:36<01:47, 11.03it/s]
 21%|â–ˆâ–ˆ        | 311/1491 [00:36<01:44, 11.32it/s]
 21%|â–ˆâ–ˆ        | 313/1491 [00:37<01:45, 11.22it/s]
 21%|â–ˆâ–ˆ        | 315/1491 [00:37<01:41, 11.60it/s]
 21%|â–ˆâ–ˆâ–       | 317/1491 [00:37<01:39, 11.75it/s]
 21%|â–ˆâ–ˆâ–       | 319/1491 [00:37<01:38, 11.94it/s]
 22%|â–ˆâ–ˆâ–       | 321/1491 [00:37<01:42, 11.47it/s]
 22%|â–ˆâ–ˆâ–       | 323/1491 [00:37<01:41, 11.49it/s]
 22%|â–ˆâ–ˆâ–       | 325/1491 [00:38<01:38, 11.79it/s]
 22%|â–ˆâ–ˆâ–       | 327/1491 [00:38<01:36, 12.07it/s]
 22%|â–ˆâ–ˆâ–       | 329/1491 [00:38<01:34, 12.28it/s]
 22%|â–ˆâ–ˆâ–       | 331/1491 [00:38<01:34, 12.22it/s]
 22%|â–ˆâ–ˆâ–       | 333/1491 [00:38<01:36, 12.06it/s]
 22%|â–ˆâ–ˆâ–       | 335/1491 [00:38<01:32, 12.56it/s]
 23%|â–ˆâ–ˆâ–Ž       | 337/1491 [00:39<01:33, 12.29it/s]
 23%|â–ˆâ–ˆâ–Ž       | 339/1491 [00:39<01:33, 12.27it/s]
 23%|â–ˆâ–ˆâ–Ž       | 341/1491 [00:39<01:33, 12.34it/s]
 23%|â–ˆâ–ˆâ–Ž       | 343/1491 [00:39<01:29, 12.86it/s]
 23%|â–ˆâ–ˆâ–Ž       | 345/1491 [00:39<01:28, 12.98it/s]
 23%|â–ˆâ–ˆâ–Ž       | 347/1491 [00:39<01:28, 12.95it/s]
 23%|â–ˆâ–ˆâ–Ž       | 349/1491 [00:40<01:31, 12.46it/s]
 24%|â–ˆâ–ˆâ–Ž       | 351/1491 [00:40<01:38, 11.61it/s]
 24%|â–ˆâ–ˆâ–Ž       | 353/1491 [00:40<01:33, 12.15it/s]
 24%|â–ˆâ–ˆâ–       | 355/1491 [00:40<01:34, 11.97it/s]
 24%|â–ˆâ–ˆâ–       | 357/1491 [00:40<01:30, 12.53it/s]
 24%|â–ˆâ–ˆâ–       | 359/1491 [00:40<01:37, 11.57it/s]
 24%|â–ˆâ–ˆâ–       | 361/1491 [00:41<01:45, 10.73it/s]
 24%|â–ˆâ–ˆâ–       | 363/1491 [00:41<01:41, 11.13it/s]
 24%|â–ˆâ–ˆâ–       | 365/1491 [00:41<01:39, 11.29it/s]
 25%|â–ˆâ–ˆâ–       | 367/1491 [00:41<01:39, 11.35it/s]
 25%|â–ˆâ–ˆâ–       | 369/1491 [00:41<01:39, 11.28it/s]
 25%|â–ˆâ–ˆâ–       | 371/1491 [00:41<01:34, 11.79it/s]
 25%|â–ˆâ–ˆâ–Œ       | 373/1491 [00:42<01:33, 11.91it/s]
 25%|â–ˆâ–ˆâ–Œ       | 375/1491 [00:42<01:35, 11.71it/s]
 25%|â–ˆâ–ˆâ–Œ       | 377/1491 [00:42<01:35, 11.66it/s]
 25%|â–ˆâ–ˆâ–Œ       | 379/1491 [00:42<01:32, 12.00it/s]
 26%|â–ˆâ–ˆâ–Œ       | 381/1491 [00:42<01:33, 11.89it/s]
 26%|â–ˆâ–ˆâ–Œ       | 383/1491 [00:42<01:31, 12.07it/s]
 26%|â–ˆâ–ˆâ–Œ       | 385/1491 [00:43<01:26, 12.77it/s]
 26%|â–ˆâ–ˆâ–Œ       | 387/1491 [00:43<01:29, 12.29it/s]
 26%|â–ˆâ–ˆâ–Œ       | 389/1491 [00:43<01:25, 12.89it/s]
 26%|â–ˆâ–ˆâ–Œ       | 391/1491 [00:43<01:23, 13.11it/s]
 26%|â–ˆâ–ˆâ–‹       | 393/1491 [00:43<01:28, 12.42it/s]
 26%|â–ˆâ–ˆâ–‹       | 395/1491 [00:43<01:27, 12.53it/s]
 27%|â–ˆâ–ˆâ–‹       | 397/1491 [00:44<01:29, 12.26it/s]
 27%|â–ˆâ–ˆâ–‹       | 399/1491 [00:44<01:27, 12.42it/s]
 27%|â–ˆâ–ˆâ–‹       | 401/1491 [00:44<01:23, 12.98it/s]
 27%|â–ˆâ–ˆâ–‹       | 403/1491 [00:44<01:28, 12.24it/s]
 27%|â–ˆâ–ˆâ–‹       | 405/1491 [00:44<01:28, 12.21it/s]
 27%|â–ˆâ–ˆâ–‹       | 407/1491 [00:44<01:30, 12.03it/s]
 27%|â–ˆâ–ˆâ–‹       | 409/1491 [00:45<01:36, 11.21it/s]
 28%|â–ˆâ–ˆâ–Š       | 411/1491 [00:45<01:41, 10.62it/s]
 28%|â–ˆâ–ˆâ–Š       | 413/1491 [00:45<01:37, 11.10it/s]
 28%|â–ˆâ–ˆâ–Š       | 415/1491 [00:45<01:38, 10.95it/s]
 28%|â–ˆâ–ˆâ–Š       | 417/1491 [00:45<01:33, 11.50it/s]
 28%|â–ˆâ–ˆâ–Š       | 419/1491 [00:45<01:35, 11.19it/s]
 28%|â–ˆâ–ˆâ–Š       | 421/1491 [00:46<01:32, 11.62it/s]
 28%|â–ˆâ–ˆâ–Š       | 423/1491 [00:46<01:32, 11.59it/s]
 29%|â–ˆâ–ˆâ–Š       | 425/1491 [00:46<01:32, 11.49it/s]
 29%|â–ˆâ–ˆâ–Š       | 427/1491 [00:46<01:29, 11.85it/s]
 29%|â–ˆâ–ˆâ–‰       | 429/1491 [00:46<01:30, 11.69it/s]
 29%|â–ˆâ–ˆâ–‰       | 431/1491 [00:46<01:29, 11.90it/s]
 29%|â–ˆâ–ˆâ–‰       | 433/1491 [00:47<01:23, 12.62it/s]
 29%|â–ˆâ–ˆâ–‰       | 435/1491 [00:47<01:27, 12.08it/s]
 29%|â–ˆâ–ˆâ–‰       | 437/1491 [00:47<01:29, 11.78it/s]
 29%|â–ˆâ–ˆâ–‰       | 439/1491 [00:47<01:26, 12.17it/s]
 30%|â–ˆâ–ˆâ–‰       | 441/1491 [00:47<01:29, 11.77it/s]
 30%|â–ˆâ–ˆâ–‰       | 443/1491 [00:47<01:27, 12.04it/s]
 30%|â–ˆâ–ˆâ–‰       | 445/1491 [00:48<01:27, 11.97it/s]
 30%|â–ˆâ–ˆâ–‰       | 447/1491 [00:48<01:24, 12.32it/s]
 30%|â–ˆâ–ˆâ–ˆ       | 449/1491 [00:48<01:22, 12.70it/s]
 30%|â–ˆâ–ˆâ–ˆ       | 451/1491 [00:48<01:20, 12.85it/s]
 30%|â–ˆâ–ˆâ–ˆ       | 453/1491 [00:48<01:24, 12.27it/s]
 31%|â–ˆâ–ˆâ–ˆ       | 455/1491 [00:48<01:30, 11.50it/s]
 31%|â–ˆâ–ˆâ–ˆ       | 457/1491 [00:49<01:29, 11.55it/s]
 31%|â–ˆâ–ˆâ–ˆ       | 459/1491 [00:49<01:29, 11.47it/s]
 31%|â–ˆâ–ˆâ–ˆ       | 461/1491 [00:49<01:23, 12.32it/s]
 31%|â–ˆâ–ˆâ–ˆ       | 463/1491 [00:49<01:27, 11.80it/s]
 31%|â–ˆâ–ˆâ–ˆ       | 465/1491 [00:49<01:26, 11.92it/s]
 31%|â–ˆâ–ˆâ–ˆâ–      | 467/1491 [00:50<01:30, 11.32it/s]
 31%|â–ˆâ–ˆâ–ˆâ–      | 469/1491 [00:50<01:29, 11.38it/s]
 32%|â–ˆâ–ˆâ–ˆâ–      | 471/1491 [00:50<01:24, 12.14it/s]
 32%|â–ˆâ–ˆâ–ˆâ–      | 473/1491 [00:50<01:26, 11.73it/s]
 32%|â–ˆâ–ˆâ–ˆâ–      | 475/1491 [00:50<01:25, 11.83it/s]
 32%|â–ˆâ–ˆâ–ˆâ–      | 477/1491 [00:50<01:24, 11.95it/s]
 32%|â–ˆâ–ˆâ–ˆâ–      | 479/1491 [00:51<01:26, 11.69it/s]
 32%|â–ˆâ–ˆâ–ˆâ–      | 481/1491 [00:51<01:23, 12.11it/s]
 32%|â–ˆâ–ˆâ–ˆâ–      | 483/1491 [00:51<01:22, 12.19it/s]
 33%|â–ˆâ–ˆâ–ˆâ–Ž      | 485/1491 [00:51<01:22, 12.26it/s]
 33%|â–ˆâ–ˆâ–ˆâ–Ž      | 487/1491 [00:51<01:26, 11.59it/s]
 33%|â–ˆâ–ˆâ–ˆâ–Ž      | 489/1491 [00:51<01:22, 12.08it/s]
 33%|â–ˆâ–ˆâ–ˆâ–Ž      | 491/1491 [00:51<01:21, 12.20it/s]
 33%|â–ˆâ–ˆâ–ˆâ–Ž      | 493/1491 [00:52<01:22, 12.12it/s]
 33%|â–ˆâ–ˆâ–ˆâ–Ž      | 495/1491 [00:52<01:20, 12.43it/s]
 33%|â–ˆâ–ˆâ–ˆâ–Ž      | 497/1491 [00:52<01:19, 12.55it/s]
                                                  
{'loss': 0.9585, 'grad_norm': 5.560013294219971, 'learning_rate': 3.3333333333333335e-05, 'epoch': 1.0}

 33%|â–ˆâ–ˆâ–ˆâ–Ž      | 497/1491 [00:52<01:19, 12.55it/s]

  0%|          | 0/83 [00:00<?, ?it/s][A

  6%|â–Œ         | 5/83 [00:00<00:01, 43.38it/s][A

 12%|â–ˆâ–        | 10/83 [00:00<00:01, 38.15it/s][A

 18%|â–ˆâ–Š        | 15/83 [00:00<00:01, 38.65it/s][A

 23%|â–ˆâ–ˆâ–Ž       | 19/83 [00:00<00:01, 36.34it/s][A

 28%|â–ˆâ–ˆâ–Š       | 23/83 [00:00<00:01, 34.72it/s][A

 33%|â–ˆâ–ˆâ–ˆâ–Ž      | 27/83 [00:00<00:01, 34.35it/s][A

 37%|â–ˆâ–ˆâ–ˆâ–‹      | 31/83 [00:00<00:01, 31.49it/s][A

 42%|â–ˆâ–ˆâ–ˆâ–ˆâ–     | 35/83 [00:01<00:01, 31.38it/s][A

 47%|â–ˆâ–ˆâ–ˆâ–ˆâ–‹     | 39/83 [00:01<00:01, 33.17it/s][A

 52%|â–ˆâ–ˆâ–ˆâ–ˆâ–ˆâ–    | 43/83 [00:01<00:01, 33.70it/s][A

 57%|â–ˆâ–ˆâ–ˆâ–ˆâ–ˆâ–‹    | 47/83 [00:01<00:01, 34.20it/s][A

 61%|â–ˆâ–ˆâ–ˆâ–ˆâ–ˆâ–ˆâ–   | 51/83 [00:01<00:00, 34.89it/s][A

 66%|â–ˆâ–ˆâ–ˆâ–ˆâ–ˆâ–ˆâ–‹   | 55/83 [00:01<00:00, 35.86it/s][A

 71%|â–ˆâ–ˆâ–ˆâ–ˆâ–ˆâ–ˆâ–ˆ   | 59/83 [00:01<00:00, 35.21it/s][A

 76%|â–ˆâ–ˆâ–ˆâ–ˆâ–ˆâ–ˆâ–ˆâ–Œ  | 63/83 [00:01<00:00, 35.11it/s][A

 81%|â–ˆâ–ˆâ–ˆâ–ˆâ–ˆâ–ˆâ–ˆâ–ˆ  | 67/83 [00:01<00:00, 34.49it/s][A

 86%|â–ˆâ–ˆâ–ˆâ–ˆâ–ˆâ–ˆâ–ˆâ–ˆâ–Œ | 71/83 [00:02<00:00, 33.70it/s][A

 90%|â–ˆâ–ˆâ–ˆâ–ˆâ–ˆâ–ˆâ–ˆâ–ˆâ–ˆ | 75/83 [00:02<00:00, 34.79it/s][A

 95%|â–ˆâ–ˆâ–ˆâ–ˆâ–ˆâ–ˆâ–ˆâ–ˆâ–ˆâ–Œ| 79/83 [00:02<00:00, 35.40it/s][A

100%|â–ˆâ–ˆâ–ˆâ–ˆâ–ˆâ–ˆâ–ˆâ–ˆâ–ˆâ–ˆ| 83/83 [00:02<00:00, 34.93it/s][A661
661

                                                  

                                               
[A{'eval_loss': 0.8039594888687134, 'eval_precision': 0.6162668319485474, 'eval_recall': 0.6127080181543116, 'eval_f1': 0.6084882762881638, 'eval_runtime': 2.5251, 'eval_samples_per_second': 261.773, 'eval_steps_per_second': 32.87, 'epoch': 1.0}

 33%|â–ˆâ–ˆâ–ˆâ–Ž      | 497/1491 [00:55<01:19, 12.55it/s]

100%|â–ˆâ–ˆâ–ˆâ–ˆâ–ˆâ–ˆâ–ˆâ–ˆâ–ˆâ–ˆ| 83/83 [00:02<00:00, 34.93it/s][A

                                               [A
 33%|â–ˆâ–ˆâ–ˆâ–Ž      | 499/1491 [00:55<07:52,  2.10it/s]
 34%|â–ˆâ–ˆâ–ˆâ–Ž      | 501/1491 [00:55<05:52,  2.81it/s]
 34%|â–ˆâ–ˆâ–ˆâ–Ž      | 503/1491 [00:55<04:33,  3.62it/s]
 34%|â–ˆâ–ˆâ–ˆâ–      | 505/1491 [00:55<03:32,  4.63it/s]
 34%|â–ˆâ–ˆâ–ˆâ–      | 507/1491 [00:55<02:54,  5.62it/s]
 34%|â–ˆâ–ˆâ–ˆâ–      | 509/1491 [00:56<02:27,  6.65it/s]
 34%|â–ˆâ–ˆâ–ˆâ–      | 511/1491 [00:56<02:05,  7.84it/s]
 34%|â–ˆâ–ˆâ–ˆâ–      | 513/1491 [00:56<01:47,  9.06it/s]
 35%|â–ˆâ–ˆâ–ˆâ–      | 515/1491 [00:56<01:37,  9.96it/s]
 35%|â–ˆâ–ˆâ–ˆâ–      | 517/1491 [00:56<01:28, 10.97it/s]
 35%|â–ˆâ–ˆâ–ˆâ–      | 519/1491 [00:56<01:27, 11.13it/s]
 35%|â–ˆâ–ˆâ–ˆâ–      | 521/1491 [00:57<01:23, 11.58it/s]
 35%|â–ˆâ–ˆâ–ˆâ–Œ      | 523/1491 [00:57<01:22, 11.75it/s]
 35%|â–ˆâ–ˆâ–ˆâ–Œ      | 525/1491 [00:57<01:19, 12.19it/s]
 35%|â–ˆâ–ˆâ–ˆâ–Œ      | 527/1491 [00:57<01:20, 11.98it/s]
 35%|â–ˆâ–ˆâ–ˆâ–Œ      | 529/1491 [00:57<01:14, 12.83it/s]
 36%|â–ˆâ–ˆâ–ˆâ–Œ      | 531/1491 [00:57<01:10, 13.55it/s]
 36%|â–ˆâ–ˆâ–ˆâ–Œ      | 533/1491 [00:57<01:15, 12.65it/s]
 36%|â–ˆâ–ˆâ–ˆâ–Œ      | 535/1491 [00:58<01:13, 12.92it/s]
 36%|â–ˆâ–ˆâ–ˆâ–Œ      | 537/1491 [00:58<01:18, 12.12it/s]
 36%|â–ˆâ–ˆâ–ˆâ–Œ      | 539/1491 [00:58<01:17, 12.24it/s]
 36%|â–ˆâ–ˆâ–ˆâ–‹      | 541/1491 [00:58<01:18, 12.17it/s]
 36%|â–ˆâ–ˆâ–ˆâ–‹      | 543/1491 [00:58<01:18, 12.04it/s]
 37%|â–ˆâ–ˆâ–ˆâ–‹      | 545/1491 [00:58<01:22, 11.51it/s]
 37%|â–ˆâ–ˆâ–ˆâ–‹      | 547/1491 [00:59<01:23, 11.30it/s]
 37%|â–ˆâ–ˆâ–ˆâ–‹      | 549/1491 [00:59<01:21, 11.57it/s]
 37%|â–ˆâ–ˆâ–ˆâ–‹      | 551/1491 [00:59<01:20, 11.63it/s]
 37%|â–ˆâ–ˆâ–ˆâ–‹      | 553/1491 [00:59<01:18, 11.95it/s]
 37%|â–ˆâ–ˆâ–ˆâ–‹      | 555/1491 [00:59<01:17, 12.07it/s]
 37%|â–ˆâ–ˆâ–ˆâ–‹      | 557/1491 [00:59<01:14, 12.56it/s]
 37%|â–ˆâ–ˆâ–ˆâ–‹      | 559/1491 [01:00<01:13, 12.68it/s]
 38%|â–ˆâ–ˆâ–ˆâ–Š      | 561/1491 [01:00<01:15, 12.30it/s]
 38%|â–ˆâ–ˆâ–ˆâ–Š      | 563/1491 [01:00<01:17, 11.99it/s]
 38%|â–ˆâ–ˆâ–ˆâ–Š      | 565/1491 [01:00<01:16, 12.10it/s]
 38%|â–ˆâ–ˆâ–ˆâ–Š      | 567/1491 [01:00<01:19, 11.55it/s]
 38%|â–ˆâ–ˆâ–ˆâ–Š      | 569/1491 [01:00<01:14, 12.38it/s]
 38%|â–ˆâ–ˆâ–ˆâ–Š      | 571/1491 [01:01<01:16, 12.04it/s]
 38%|â–ˆâ–ˆâ–ˆâ–Š      | 573/1491 [01:01<01:18, 11.71it/s]
 39%|â–ˆâ–ˆâ–ˆâ–Š      | 575/1491 [01:01<01:18, 11.60it/s]
 39%|â–ˆâ–ˆâ–ˆâ–Š      | 577/1491 [01:01<01:15, 12.04it/s]
 39%|â–ˆâ–ˆâ–ˆâ–‰      | 579/1491 [01:01<01:12, 12.59it/s]
 39%|â–ˆâ–ˆâ–ˆâ–‰      | 581/1491 [01:01<01:14, 12.14it/s]
 39%|â–ˆâ–ˆâ–ˆâ–‰      | 583/1491 [01:02<01:16, 11.85it/s]
 39%|â–ˆâ–ˆâ–ˆâ–‰      | 585/1491 [01:02<01:21, 11.07it/s]
 39%|â–ˆâ–ˆâ–ˆâ–‰      | 587/1491 [01:02<01:18, 11.53it/s]
 40%|â–ˆâ–ˆâ–ˆâ–‰      | 589/1491 [01:02<01:16, 11.72it/s]
 40%|â–ˆâ–ˆâ–ˆâ–‰      | 591/1491 [01:02<01:15, 11.99it/s]
 40%|â–ˆâ–ˆâ–ˆâ–‰      | 593/1491 [01:02<01:13, 12.15it/s]
 40%|â–ˆâ–ˆâ–ˆâ–‰      | 595/1491 [01:03<01:11, 12.50it/s]
 40%|â–ˆâ–ˆâ–ˆâ–ˆ      | 597/1491 [01:03<01:11, 12.43it/s]
 40%|â–ˆâ–ˆâ–ˆâ–ˆ      | 599/1491 [01:03<01:13, 12.14it/s]
 40%|â–ˆâ–ˆâ–ˆâ–ˆ      | 601/1491 [01:03<01:18, 11.35it/s]
 40%|â–ˆâ–ˆâ–ˆâ–ˆ      | 603/1491 [01:03<01:15, 11.74it/s]
 41%|â–ˆâ–ˆâ–ˆâ–ˆ      | 605/1491 [01:04<01:20, 11.02it/s]
 41%|â–ˆâ–ˆâ–ˆâ–ˆ      | 607/1491 [01:04<01:20, 10.99it/s]
 41%|â–ˆâ–ˆâ–ˆâ–ˆ      | 609/1491 [01:04<01:21, 10.83it/s]
 41%|â–ˆâ–ˆâ–ˆâ–ˆ      | 611/1491 [01:04<01:21, 10.80it/s]
 41%|â–ˆâ–ˆâ–ˆâ–ˆ      | 613/1491 [01:04<01:20, 10.84it/s]
 41%|â–ˆâ–ˆâ–ˆâ–ˆ      | 615/1491 [01:04<01:18, 11.14it/s]
 41%|â–ˆâ–ˆâ–ˆâ–ˆâ–     | 617/1491 [01:05<01:17, 11.27it/s]
 42%|â–ˆâ–ˆâ–ˆâ–ˆâ–     | 619/1491 [01:05<01:16, 11.33it/s]
 42%|â–ˆâ–ˆâ–ˆâ–ˆâ–     | 621/1491 [01:05<01:17, 11.18it/s]
 42%|â–ˆâ–ˆâ–ˆâ–ˆâ–     | 623/1491 [01:05<01:19, 10.87it/s]
 42%|â–ˆâ–ˆâ–ˆâ–ˆâ–     | 625/1491 [01:05<01:20, 10.78it/s]
 42%|â–ˆâ–ˆâ–ˆâ–ˆâ–     | 627/1491 [01:06<01:17, 11.21it/s]
 42%|â–ˆâ–ˆâ–ˆâ–ˆâ–     | 629/1491 [01:06<01:16, 11.25it/s]
 42%|â–ˆâ–ˆâ–ˆâ–ˆâ–     | 631/1491 [01:06<01:14, 11.54it/s]
 42%|â–ˆâ–ˆâ–ˆâ–ˆâ–     | 633/1491 [01:06<01:13, 11.68it/s]
 43%|â–ˆâ–ˆâ–ˆâ–ˆâ–Ž     | 635/1491 [01:06<01:12, 11.85it/s]
 43%|â–ˆâ–ˆâ–ˆâ–ˆâ–Ž     | 637/1491 [01:06<01:08, 12.50it/s]
 43%|â–ˆâ–ˆâ–ˆâ–ˆâ–Ž     | 639/1491 [01:06<01:09, 12.27it/s]
 43%|â–ˆâ–ˆâ–ˆâ–ˆâ–Ž     | 641/1491 [01:07<01:10, 12.10it/s]
 43%|â–ˆâ–ˆâ–ˆâ–ˆâ–Ž     | 643/1491 [01:07<01:12, 11.74it/s]
 43%|â–ˆâ–ˆâ–ˆâ–ˆâ–Ž     | 645/1491 [01:07<01:10, 11.96it/s]
 43%|â–ˆâ–ˆâ–ˆâ–ˆâ–Ž     | 647/1491 [01:07<01:10, 11.98it/s]
 44%|â–ˆâ–ˆâ–ˆâ–ˆâ–Ž     | 649/1491 [01:07<01:08, 12.22it/s]
 44%|â–ˆâ–ˆâ–ˆâ–ˆâ–Ž     | 651/1491 [01:07<01:07, 12.38it/s]
 44%|â–ˆâ–ˆâ–ˆâ–ˆâ–     | 653/1491 [01:08<01:07, 12.36it/s]
 44%|â–ˆâ–ˆâ–ˆâ–ˆâ–     | 655/1491 [01:08<01:10, 11.83it/s]
 44%|â–ˆâ–ˆâ–ˆâ–ˆâ–     | 657/1491 [01:08<01:12, 11.47it/s]
 44%|â–ˆâ–ˆâ–ˆâ–ˆâ–     | 659/1491 [01:08<01:14, 11.20it/s]
 44%|â–ˆâ–ˆâ–ˆâ–ˆâ–     | 661/1491 [01:08<01:14, 11.17it/s]
 44%|â–ˆâ–ˆâ–ˆâ–ˆâ–     | 663/1491 [01:09<01:10, 11.75it/s]
 45%|â–ˆâ–ˆâ–ˆâ–ˆâ–     | 665/1491 [01:09<01:04, 12.74it/s]
 45%|â–ˆâ–ˆâ–ˆâ–ˆâ–     | 667/1491 [01:09<01:04, 12.87it/s]
 45%|â–ˆâ–ˆâ–ˆâ–ˆâ–     | 669/1491 [01:09<01:04, 12.78it/s]
 45%|â–ˆâ–ˆâ–ˆâ–ˆâ–Œ     | 671/1491 [01:09<01:05, 12.59it/s]
 45%|â–ˆâ–ˆâ–ˆâ–ˆâ–Œ     | 673/1491 [01:09<01:08, 11.96it/s]
 45%|â–ˆâ–ˆâ–ˆâ–ˆâ–Œ     | 675/1491 [01:09<01:08, 11.85it/s]
 45%|â–ˆâ–ˆâ–ˆâ–ˆâ–Œ     | 677/1491 [01:10<01:04, 12.55it/s]
 46%|â–ˆâ–ˆâ–ˆâ–ˆâ–Œ     | 679/1491 [01:10<01:07, 12.07it/s]
 46%|â–ˆâ–ˆâ–ˆâ–ˆâ–Œ     | 681/1491 [01:10<01:10, 11.52it/s]
 46%|â–ˆâ–ˆâ–ˆâ–ˆâ–Œ     | 683/1491 [01:10<01:10, 11.51it/s]
 46%|â–ˆâ–ˆâ–ˆâ–ˆâ–Œ     | 685/1491 [01:10<01:07, 11.87it/s]
 46%|â–ˆâ–ˆâ–ˆâ–ˆâ–Œ     | 687/1491 [01:11<01:08, 11.71it/s]
 46%|â–ˆâ–ˆâ–ˆâ–ˆâ–Œ     | 689/1491 [01:11<01:07, 11.83it/s]
 46%|â–ˆâ–ˆâ–ˆâ–ˆâ–‹     | 691/1491 [01:11<01:06, 12.03it/s]
 46%|â–ˆâ–ˆâ–ˆâ–ˆâ–‹     | 693/1491 [01:11<01:11, 11.14it/s]
 47%|â–ˆâ–ˆâ–ˆâ–ˆâ–‹     | 695/1491 [01:11<01:09, 11.43it/s]
 47%|â–ˆâ–ˆâ–ˆâ–ˆâ–‹     | 697/1491 [01:11<01:07, 11.69it/s]
 47%|â–ˆâ–ˆâ–ˆâ–ˆâ–‹     | 699/1491 [01:12<01:06, 11.91it/s]
 47%|â–ˆâ–ˆâ–ˆâ–ˆâ–‹     | 701/1491 [01:12<01:03, 12.51it/s]
 47%|â–ˆâ–ˆâ–ˆâ–ˆâ–‹     | 703/1491 [01:12<01:03, 12.33it/s]
 47%|â–ˆâ–ˆâ–ˆâ–ˆâ–‹     | 705/1491 [01:12<01:06, 11.78it/s]
 47%|â–ˆâ–ˆâ–ˆâ–ˆâ–‹     | 707/1491 [01:12<01:04, 12.16it/s]
 48%|â–ˆâ–ˆâ–ˆâ–ˆâ–Š     | 709/1491 [01:12<01:06, 11.80it/s]
 48%|â–ˆâ–ˆâ–ˆâ–ˆâ–Š     | 711/1491 [01:13<01:07, 11.52it/s]
 48%|â–ˆâ–ˆâ–ˆâ–ˆâ–Š     | 713/1491 [01:13<01:08, 11.39it/s]
 48%|â–ˆâ–ˆâ–ˆâ–ˆâ–Š     | 715/1491 [01:13<01:08, 11.28it/s]
 48%|â–ˆâ–ˆâ–ˆâ–ˆâ–Š     | 717/1491 [01:13<01:06, 11.59it/s]
 48%|â–ˆâ–ˆâ–ˆâ–ˆâ–Š     | 719/1491 [01:13<01:08, 11.31it/s]
 48%|â–ˆâ–ˆâ–ˆâ–ˆâ–Š     | 721/1491 [01:13<01:11, 10.73it/s]
 48%|â–ˆâ–ˆâ–ˆâ–ˆâ–Š     | 723/1491 [01:14<01:10, 10.95it/s]
 49%|â–ˆâ–ˆâ–ˆâ–ˆâ–Š     | 725/1491 [01:14<01:05, 11.63it/s]
 49%|â–ˆâ–ˆâ–ˆâ–ˆâ–‰     | 727/1491 [01:14<01:07, 11.30it/s]
 49%|â–ˆâ–ˆâ–ˆâ–ˆâ–‰     | 729/1491 [01:14<01:08, 11.07it/s]
 49%|â–ˆâ–ˆâ–ˆâ–ˆâ–‰     | 731/1491 [01:14<01:07, 11.23it/s]
 49%|â–ˆâ–ˆâ–ˆâ–ˆâ–‰     | 733/1491 [01:15<01:09, 10.92it/s]
 49%|â–ˆâ–ˆâ–ˆâ–ˆâ–‰     | 735/1491 [01:15<01:07, 11.18it/s]
 49%|â–ˆâ–ˆâ–ˆâ–ˆâ–‰     | 737/1491 [01:15<01:05, 11.51it/s]
 50%|â–ˆâ–ˆâ–ˆâ–ˆâ–‰     | 739/1491 [01:15<01:06, 11.33it/s]
 50%|â–ˆâ–ˆâ–ˆâ–ˆâ–‰     | 741/1491 [01:15<01:06, 11.36it/s]
 50%|â–ˆâ–ˆâ–ˆâ–ˆâ–‰     | 743/1491 [01:15<01:04, 11.64it/s]
 50%|â–ˆâ–ˆâ–ˆâ–ˆâ–‰     | 745/1491 [01:16<01:02, 11.96it/s]
 50%|â–ˆâ–ˆâ–ˆâ–ˆâ–ˆ     | 747/1491 [01:16<01:02, 11.90it/s]
 50%|â–ˆâ–ˆâ–ˆâ–ˆâ–ˆ     | 749/1491 [01:16<00:59, 12.42it/s]
 50%|â–ˆâ–ˆâ–ˆâ–ˆâ–ˆ     | 751/1491 [01:16<01:02, 11.83it/s]
 51%|â–ˆâ–ˆâ–ˆâ–ˆâ–ˆ     | 753/1491 [01:16<01:01, 11.98it/s]
 51%|â–ˆâ–ˆâ–ˆâ–ˆâ–ˆ     | 755/1491 [01:16<00:58, 12.60it/s]
 51%|â–ˆâ–ˆâ–ˆâ–ˆâ–ˆ     | 757/1491 [01:16<00:56, 13.07it/s]
 51%|â–ˆâ–ˆâ–ˆâ–ˆâ–ˆ     | 759/1491 [01:17<00:55, 13.10it/s]
 51%|â–ˆâ–ˆâ–ˆâ–ˆâ–ˆ     | 761/1491 [01:17<00:53, 13.53it/s]
 51%|â–ˆâ–ˆâ–ˆâ–ˆâ–ˆ     | 763/1491 [01:17<00:56, 13.00it/s]
 51%|â–ˆâ–ˆâ–ˆâ–ˆâ–ˆâ–    | 765/1491 [01:17<00:58, 12.42it/s]
 51%|â–ˆâ–ˆâ–ˆâ–ˆâ–ˆâ–    | 767/1491 [01:17<00:59, 12.08it/s]
 52%|â–ˆâ–ˆâ–ˆâ–ˆâ–ˆâ–    | 769/1491 [01:17<01:01, 11.76it/s]
 52%|â–ˆâ–ˆâ–ˆâ–ˆâ–ˆâ–    | 771/1491 [01:18<00:59, 12.03it/s]
 52%|â–ˆâ–ˆâ–ˆâ–ˆâ–ˆâ–    | 773/1491 [01:18<00:59, 12.07it/s]
 52%|â–ˆâ–ˆâ–ˆâ–ˆâ–ˆâ–    | 775/1491 [01:18<00:54, 13.11it/s]
 52%|â–ˆâ–ˆâ–ˆâ–ˆâ–ˆâ–    | 777/1491 [01:18<00:58, 12.25it/s]
 52%|â–ˆâ–ˆâ–ˆâ–ˆâ–ˆâ–    | 779/1491 [01:18<00:59, 12.00it/s]
 52%|â–ˆâ–ˆâ–ˆâ–ˆâ–ˆâ–    | 781/1491 [01:18<00:56, 12.65it/s]
 53%|â–ˆâ–ˆâ–ˆâ–ˆâ–ˆâ–Ž    | 783/1491 [01:19<00:56, 12.50it/s]
 53%|â–ˆâ–ˆâ–ˆâ–ˆâ–ˆâ–Ž    | 785/1491 [01:19<00:59, 11.86it/s]
 53%|â–ˆâ–ˆâ–ˆâ–ˆâ–ˆâ–Ž    | 787/1491 [01:19<01:04, 10.94it/s]
 53%|â–ˆâ–ˆâ–ˆâ–ˆâ–ˆâ–Ž    | 789/1491 [01:19<01:03, 10.98it/s]
 53%|â–ˆâ–ˆâ–ˆâ–ˆâ–ˆâ–Ž    | 791/1491 [01:19<01:01, 11.41it/s]
 53%|â–ˆâ–ˆâ–ˆâ–ˆâ–ˆâ–Ž    | 793/1491 [01:20<01:01, 11.42it/s]
 53%|â–ˆâ–ˆâ–ˆâ–ˆâ–ˆâ–Ž    | 795/1491 [01:20<00:59, 11.66it/s]
 53%|â–ˆâ–ˆâ–ˆâ–ˆâ–ˆâ–Ž    | 797/1491 [01:20<01:02, 11.10it/s]
 54%|â–ˆâ–ˆâ–ˆâ–ˆâ–ˆâ–Ž    | 799/1491 [01:20<01:04, 10.81it/s]
 54%|â–ˆâ–ˆâ–ˆâ–ˆâ–ˆâ–Ž    | 801/1491 [01:20<01:03, 10.88it/s]
 54%|â–ˆâ–ˆâ–ˆâ–ˆâ–ˆâ–    | 803/1491 [01:20<01:03, 10.91it/s]
 54%|â–ˆâ–ˆâ–ˆâ–ˆâ–ˆâ–    | 805/1491 [01:21<00:59, 11.49it/s]
 54%|â–ˆâ–ˆâ–ˆâ–ˆâ–ˆâ–    | 807/1491 [01:21<01:02, 10.92it/s]
 54%|â–ˆâ–ˆâ–ˆâ–ˆâ–ˆâ–    | 809/1491 [01:21<00:59, 11.43it/s]
 54%|â–ˆâ–ˆâ–ˆâ–ˆâ–ˆâ–    | 811/1491 [01:21<00:55, 12.15it/s]
 55%|â–ˆâ–ˆâ–ˆâ–ˆâ–ˆâ–    | 813/1491 [01:21<00:59, 11.45it/s]
 55%|â–ˆâ–ˆâ–ˆâ–ˆâ–ˆâ–    | 815/1491 [01:21<00:56, 11.97it/s]
 55%|â–ˆâ–ˆâ–ˆâ–ˆâ–ˆâ–    | 817/1491 [01:22<00:55, 12.09it/s]
 55%|â–ˆâ–ˆâ–ˆâ–ˆâ–ˆâ–    | 819/1491 [01:22<00:56, 11.82it/s]
 55%|â–ˆâ–ˆâ–ˆâ–ˆâ–ˆâ–Œ    | 821/1491 [01:22<00:54, 12.20it/s]
 55%|â–ˆâ–ˆâ–ˆâ–ˆâ–ˆâ–Œ    | 823/1491 [01:22<00:55, 12.03it/s]
 55%|â–ˆâ–ˆâ–ˆâ–ˆâ–ˆâ–Œ    | 825/1491 [01:22<00:54, 12.24it/s]
 55%|â–ˆâ–ˆâ–ˆâ–ˆâ–ˆâ–Œ    | 827/1491 [01:22<00:54, 12.19it/s]
 56%|â–ˆâ–ˆâ–ˆâ–ˆâ–ˆâ–Œ    | 829/1491 [01:23<00:53, 12.29it/s]
 56%|â–ˆâ–ˆâ–ˆâ–ˆâ–ˆâ–Œ    | 831/1491 [01:23<00:50, 12.95it/s]
 56%|â–ˆâ–ˆâ–ˆâ–ˆâ–ˆâ–Œ    | 833/1491 [01:23<00:51, 12.77it/s]
 56%|â–ˆâ–ˆâ–ˆâ–ˆâ–ˆâ–Œ    | 835/1491 [01:23<00:51, 12.76it/s]
 56%|â–ˆâ–ˆâ–ˆâ–ˆâ–ˆâ–Œ    | 837/1491 [01:23<00:49, 13.22it/s]
 56%|â–ˆâ–ˆâ–ˆâ–ˆâ–ˆâ–‹    | 839/1491 [01:23<00:47, 13.63it/s]
 56%|â–ˆâ–ˆâ–ˆâ–ˆâ–ˆâ–‹    | 841/1491 [01:23<00:50, 12.91it/s]
 57%|â–ˆâ–ˆâ–ˆâ–ˆâ–ˆâ–‹    | 843/1491 [01:24<00:53, 12.02it/s]
 57%|â–ˆâ–ˆâ–ˆâ–ˆâ–ˆâ–‹    | 845/1491 [01:24<00:52, 12.33it/s]
 57%|â–ˆâ–ˆâ–ˆâ–ˆâ–ˆâ–‹    | 847/1491 [01:24<00:53, 12.09it/s]
 57%|â–ˆâ–ˆâ–ˆâ–ˆâ–ˆâ–‹    | 849/1491 [01:24<00:53, 12.03it/s]
 57%|â–ˆâ–ˆâ–ˆâ–ˆâ–ˆâ–‹    | 851/1491 [01:24<00:57, 11.21it/s]
 57%|â–ˆâ–ˆâ–ˆâ–ˆâ–ˆâ–‹    | 853/1491 [01:24<00:52, 12.10it/s]
 57%|â–ˆâ–ˆâ–ˆâ–ˆâ–ˆâ–‹    | 855/1491 [01:25<00:51, 12.27it/s]
 57%|â–ˆâ–ˆâ–ˆâ–ˆâ–ˆâ–‹    | 857/1491 [01:25<00:50, 12.46it/s]
 58%|â–ˆâ–ˆâ–ˆâ–ˆâ–ˆâ–Š    | 859/1491 [01:25<00:53, 11.92it/s]
 58%|â–ˆâ–ˆâ–ˆâ–ˆâ–ˆâ–Š    | 861/1491 [01:25<00:51, 12.24it/s]
 58%|â–ˆâ–ˆâ–ˆâ–ˆâ–ˆâ–Š    | 863/1491 [01:25<00:52, 12.01it/s]
 58%|â–ˆâ–ˆâ–ˆâ–ˆâ–ˆâ–Š    | 865/1491 [01:25<00:52, 11.99it/s]
 58%|â–ˆâ–ˆâ–ˆâ–ˆâ–ˆâ–Š    | 867/1491 [01:26<00:47, 13.07it/s]
 58%|â–ˆâ–ˆâ–ˆâ–ˆâ–ˆâ–Š    | 869/1491 [01:26<00:48, 12.84it/s]
 58%|â–ˆâ–ˆâ–ˆâ–ˆâ–ˆâ–Š    | 871/1491 [01:26<00:50, 12.29it/s]
 59%|â–ˆâ–ˆâ–ˆâ–ˆâ–ˆâ–Š    | 873/1491 [01:26<00:49, 12.54it/s]
 59%|â–ˆâ–ˆâ–ˆâ–ˆâ–ˆâ–Š    | 875/1491 [01:26<00:50, 12.29it/s]
 59%|â–ˆâ–ˆâ–ˆâ–ˆâ–ˆâ–‰    | 877/1491 [01:26<00:49, 12.30it/s]
 59%|â–ˆâ–ˆâ–ˆâ–ˆâ–ˆâ–‰    | 879/1491 [01:27<00:48, 12.52it/s]
 59%|â–ˆâ–ˆâ–ˆâ–ˆâ–ˆâ–‰    | 881/1491 [01:27<00:50, 12.20it/s]
 59%|â–ˆâ–ˆâ–ˆâ–ˆâ–ˆâ–‰    | 883/1491 [01:27<00:53, 11.30it/s]
 59%|â–ˆâ–ˆâ–ˆâ–ˆâ–ˆâ–‰    | 885/1491 [01:27<00:51, 11.76it/s]
 59%|â–ˆâ–ˆâ–ˆâ–ˆâ–ˆâ–‰    | 887/1491 [01:27<00:51, 11.82it/s]
 60%|â–ˆâ–ˆâ–ˆâ–ˆâ–ˆâ–‰    | 889/1491 [01:27<00:52, 11.42it/s]
 60%|â–ˆâ–ˆâ–ˆâ–ˆâ–ˆâ–‰    | 891/1491 [01:28<00:50, 11.85it/s]
 60%|â–ˆâ–ˆâ–ˆâ–ˆâ–ˆâ–‰    | 893/1491 [01:28<00:48, 12.28it/s]
 60%|â–ˆâ–ˆâ–ˆâ–ˆâ–ˆâ–ˆ    | 895/1491 [01:28<00:48, 12.20it/s]
 60%|â–ˆâ–ˆâ–ˆâ–ˆâ–ˆâ–ˆ    | 897/1491 [01:28<00:48, 12.22it/s]
 60%|â–ˆâ–ˆâ–ˆâ–ˆâ–ˆâ–ˆ    | 899/1491 [01:28<00:49, 12.08it/s]
 60%|â–ˆâ–ˆâ–ˆâ–ˆâ–ˆâ–ˆ    | 901/1491 [01:28<00:50, 11.71it/s]
 61%|â–ˆâ–ˆâ–ˆâ–ˆâ–ˆâ–ˆ    | 903/1491 [01:29<00:49, 11.88it/s]
 61%|â–ˆâ–ˆâ–ˆâ–ˆâ–ˆâ–ˆ    | 905/1491 [01:29<00:51, 11.28it/s]
 61%|â–ˆâ–ˆâ–ˆâ–ˆâ–ˆâ–ˆ    | 907/1491 [01:29<00:52, 11.07it/s]
 61%|â–ˆâ–ˆâ–ˆâ–ˆâ–ˆâ–ˆ    | 909/1491 [01:29<00:53, 10.96it/s]
 61%|â–ˆâ–ˆâ–ˆâ–ˆâ–ˆâ–ˆ    | 911/1491 [01:29<00:51, 11.33it/s]
 61%|â–ˆâ–ˆâ–ˆâ–ˆâ–ˆâ–ˆ    | 913/1491 [01:30<00:50, 11.42it/s]
 61%|â–ˆâ–ˆâ–ˆâ–ˆâ–ˆâ–ˆâ–   | 915/1491 [01:30<00:50, 11.47it/s]
 62%|â–ˆâ–ˆâ–ˆâ–ˆâ–ˆâ–ˆâ–   | 917/1491 [01:30<00:49, 11.62it/s]
 62%|â–ˆâ–ˆâ–ˆâ–ˆâ–ˆâ–ˆâ–   | 919/1491 [01:30<00:50, 11.39it/s]
 62%|â–ˆâ–ˆâ–ˆâ–ˆâ–ˆâ–ˆâ–   | 921/1491 [01:30<00:49, 11.53it/s]
 62%|â–ˆâ–ˆâ–ˆâ–ˆâ–ˆâ–ˆâ–   | 923/1491 [01:30<00:47, 11.98it/s]
 62%|â–ˆâ–ˆâ–ˆâ–ˆâ–ˆâ–ˆâ–   | 925/1491 [01:31<00:43, 12.87it/s]
 62%|â–ˆâ–ˆâ–ˆâ–ˆâ–ˆâ–ˆâ–   | 927/1491 [01:31<00:44, 12.70it/s]
 62%|â–ˆâ–ˆâ–ˆâ–ˆâ–ˆâ–ˆâ–   | 929/1491 [01:31<00:42, 13.24it/s]
 62%|â–ˆâ–ˆâ–ˆâ–ˆâ–ˆâ–ˆâ–   | 931/1491 [01:31<00:45, 12.31it/s]
 63%|â–ˆâ–ˆâ–ˆâ–ˆâ–ˆâ–ˆâ–Ž   | 933/1491 [01:31<00:45, 12.26it/s]
 63%|â–ˆâ–ˆâ–ˆâ–ˆâ–ˆâ–ˆâ–Ž   | 935/1491 [01:31<00:44, 12.44it/s]
 63%|â–ˆâ–ˆâ–ˆâ–ˆâ–ˆâ–ˆâ–Ž   | 937/1491 [01:31<00:42, 13.07it/s]
 63%|â–ˆâ–ˆâ–ˆâ–ˆâ–ˆâ–ˆâ–Ž   | 939/1491 [01:32<00:44, 12.28it/s]
 63%|â–ˆâ–ˆâ–ˆâ–ˆâ–ˆâ–ˆâ–Ž   | 941/1491 [01:32<00:43, 12.65it/s]
 63%|â–ˆâ–ˆâ–ˆâ–ˆâ–ˆâ–ˆâ–Ž   | 943/1491 [01:32<00:44, 12.20it/s]
 63%|â–ˆâ–ˆâ–ˆâ–ˆâ–ˆâ–ˆâ–Ž   | 945/1491 [01:32<00:45, 11.92it/s]
 64%|â–ˆâ–ˆâ–ˆâ–ˆâ–ˆâ–ˆâ–Ž   | 947/1491 [01:32<00:46, 11.76it/s]
 64%|â–ˆâ–ˆâ–ˆâ–ˆâ–ˆâ–ˆâ–Ž   | 949/1491 [01:32<00:46, 11.72it/s]
 64%|â–ˆâ–ˆâ–ˆâ–ˆâ–ˆâ–ˆâ–   | 951/1491 [01:33<00:47, 11.37it/s]
 64%|â–ˆâ–ˆâ–ˆâ–ˆâ–ˆâ–ˆâ–   | 953/1491 [01:33<00:47, 11.33it/s]
 64%|â–ˆâ–ˆâ–ˆâ–ˆâ–ˆâ–ˆâ–   | 955/1491 [01:33<00:46, 11.48it/s]
 64%|â–ˆâ–ˆâ–ˆâ–ˆâ–ˆâ–ˆâ–   | 957/1491 [01:33<00:47, 11.36it/s]
 64%|â–ˆâ–ˆâ–ˆâ–ˆâ–ˆâ–ˆâ–   | 959/1491 [01:33<00:45, 11.59it/s]
 64%|â–ˆâ–ˆâ–ˆâ–ˆâ–ˆâ–ˆâ–   | 961/1491 [01:34<00:47, 11.27it/s]
 65%|â–ˆâ–ˆâ–ˆâ–ˆâ–ˆâ–ˆâ–   | 963/1491 [01:34<00:44, 11.88it/s]
 65%|â–ˆâ–ˆâ–ˆâ–ˆâ–ˆâ–ˆâ–   | 965/1491 [01:34<00:43, 12.14it/s]
 65%|â–ˆâ–ˆâ–ˆâ–ˆâ–ˆâ–ˆâ–   | 967/1491 [01:34<00:40, 13.00it/s]
 65%|â–ˆâ–ˆâ–ˆâ–ˆâ–ˆâ–ˆâ–   | 969/1491 [01:34<00:40, 12.81it/s]
 65%|â–ˆâ–ˆâ–ˆâ–ˆâ–ˆâ–ˆâ–Œ   | 971/1491 [01:34<00:39, 13.29it/s]
 65%|â–ˆâ–ˆâ–ˆâ–ˆâ–ˆâ–ˆâ–Œ   | 973/1491 [01:34<00:39, 13.02it/s]
 65%|â–ˆâ–ˆâ–ˆâ–ˆâ–ˆâ–ˆâ–Œ   | 975/1491 [01:35<00:38, 13.41it/s]
 66%|â–ˆâ–ˆâ–ˆâ–ˆâ–ˆâ–ˆâ–Œ   | 977/1491 [01:35<00:39, 13.08it/s]
 66%|â–ˆâ–ˆâ–ˆâ–ˆâ–ˆâ–ˆâ–Œ   | 979/1491 [01:35<00:41, 12.36it/s]
 66%|â–ˆâ–ˆâ–ˆâ–ˆâ–ˆâ–ˆâ–Œ   | 981/1491 [01:35<00:40, 12.59it/s]
 66%|â–ˆâ–ˆâ–ˆâ–ˆâ–ˆâ–ˆâ–Œ   | 983/1491 [01:35<00:42, 11.99it/s]
 66%|â–ˆâ–ˆâ–ˆâ–ˆâ–ˆâ–ˆâ–Œ   | 985/1491 [01:35<00:40, 12.36it/s]
 66%|â–ˆâ–ˆâ–ˆâ–ˆâ–ˆâ–ˆâ–Œ   | 987/1491 [01:36<00:41, 12.00it/s]
 66%|â–ˆâ–ˆâ–ˆâ–ˆâ–ˆâ–ˆâ–‹   | 989/1491 [01:36<00:40, 12.38it/s]
 66%|â–ˆâ–ˆâ–ˆâ–ˆâ–ˆâ–ˆâ–‹   | 991/1491 [01:36<00:42, 11.89it/s]
 67%|â–ˆâ–ˆâ–ˆâ–ˆâ–ˆâ–ˆâ–‹   | 993/1491 [01:36<00:42, 11.68it/s]
                                                  
{'loss': 0.7717, 'grad_norm': 2.1294355392456055, 'learning_rate': 1.6666666666666667e-05, 'epoch': 2.0}

 67%|â–ˆâ–ˆâ–ˆâ–ˆâ–ˆâ–ˆâ–‹   | 994/1491 [01:36<00:42, 11.68it/s]

  0%|          | 0/83 [00:00<?, ?it/s][A

  6%|â–Œ         | 5/83 [00:00<00:01, 43.44it/s][A

 12%|â–ˆâ–        | 10/83 [00:00<00:01, 38.20it/s][A

 17%|â–ˆâ–‹        | 14/83 [00:00<00:01, 38.75it/s][A

 22%|â–ˆâ–ˆâ–       | 18/83 [00:00<00:01, 36.26it/s][A

 27%|â–ˆâ–ˆâ–‹       | 22/83 [00:00<00:01, 35.10it/s][A

 31%|â–ˆâ–ˆâ–ˆâ–      | 26/83 [00:00<00:01, 34.01it/s][A

 36%|â–ˆâ–ˆâ–ˆâ–Œ      | 30/83 [00:00<00:01, 32.56it/s][A

 41%|â–ˆâ–ˆâ–ˆâ–ˆ      | 34/83 [00:01<00:01, 31.26it/s][A

 46%|â–ˆâ–ˆâ–ˆâ–ˆâ–Œ     | 38/83 [00:01<00:01, 32.79it/s][A

 51%|â–ˆâ–ˆâ–ˆâ–ˆâ–ˆ     | 42/83 [00:01<00:01, 33.75it/s][A

 55%|â–ˆâ–ˆâ–ˆâ–ˆâ–ˆâ–Œ    | 46/83 [00:01<00:01, 34.31it/s][A

 60%|â–ˆâ–ˆâ–ˆâ–ˆâ–ˆâ–ˆ    | 50/83 [00:01<00:00, 34.88it/s][A

 65%|â–ˆâ–ˆâ–ˆâ–ˆâ–ˆâ–ˆâ–Œ   | 54/83 [00:01<00:00, 34.71it/s][A

 70%|â–ˆâ–ˆâ–ˆâ–ˆâ–ˆâ–ˆâ–‰   | 58/83 [00:01<00:00, 34.77it/s][A

 75%|â–ˆâ–ˆâ–ˆâ–ˆâ–ˆâ–ˆâ–ˆâ–  | 62/83 [00:01<00:00, 35.43it/s][A

 80%|â–ˆâ–ˆâ–ˆâ–ˆâ–ˆâ–ˆâ–ˆâ–‰  | 66/83 [00:01<00:00, 34.74it/s][A

 84%|â–ˆâ–ˆâ–ˆâ–ˆâ–ˆâ–ˆâ–ˆâ–ˆâ– | 70/83 [00:02<00:00, 34.09it/s][A

 89%|â–ˆâ–ˆâ–ˆâ–ˆâ–ˆâ–ˆâ–ˆâ–ˆâ–‰ | 74/83 [00:02<00:00, 34.52it/s][A

 94%|â–ˆâ–ˆâ–ˆâ–ˆâ–ˆâ–ˆâ–ˆâ–ˆâ–ˆâ–| 78/83 [00:02<00:00, 35.14it/s][A

 99%|â–ˆâ–ˆâ–ˆâ–ˆâ–ˆâ–ˆâ–ˆâ–ˆâ–ˆâ–‰| 82/83 [00:02<00:00, 34.46it/s][A661
661

                                                  

                                               
[A{'eval_loss': 0.7536661028862, 'eval_precision': 0.6511908812349677, 'eval_recall': 0.632375189107413, 'eval_f1': 0.6317145413254579, 'eval_runtime': 2.4248, 'eval_samples_per_second': 272.604, 'eval_steps_per_second': 34.23, 'epoch': 2.0}

 67%|â–ˆâ–ˆâ–ˆâ–ˆâ–ˆâ–ˆâ–‹   | 994/1491 [01:39<00:42, 11.68it/s]

100%|â–ˆâ–ˆâ–ˆâ–ˆâ–ˆâ–ˆâ–ˆâ–ˆâ–ˆâ–ˆ| 83/83 [00:02<00:00, 34.46it/s][A

                                               [A
 67%|â–ˆâ–ˆâ–ˆâ–ˆâ–ˆâ–ˆâ–‹   | 995/1491 [01:39<03:45,  2.20it/s]
 67%|â–ˆâ–ˆâ–ˆâ–ˆâ–ˆâ–ˆâ–‹   | 997/1491 [01:39<02:47,  2.96it/s]
 67%|â–ˆâ–ˆâ–ˆâ–ˆâ–ˆâ–ˆâ–‹   | 999/1491 [01:39<02:09,  3.80it/s]
 67%|â–ˆâ–ˆâ–ˆâ–ˆâ–ˆâ–ˆâ–‹   | 1001/1491 [01:39<01:42,  4.76it/s]
 67%|â–ˆâ–ˆâ–ˆâ–ˆâ–ˆâ–ˆâ–‹   | 1003/1491 [01:39<01:22,  5.90it/s]
 67%|â–ˆâ–ˆâ–ˆâ–ˆâ–ˆâ–ˆâ–‹   | 1005/1491 [01:40<01:12,  6.68it/s]
 68%|â–ˆâ–ˆâ–ˆâ–ˆâ–ˆâ–ˆâ–Š   | 1007/1491 [01:40<01:04,  7.48it/s]
 68%|â–ˆâ–ˆâ–ˆâ–ˆâ–ˆâ–ˆâ–Š   | 1009/1491 [01:40<00:55,  8.69it/s]
 68%|â–ˆâ–ˆâ–ˆâ–ˆâ–ˆâ–ˆâ–Š   | 1011/1491 [01:40<00:51,  9.27it/s]
 68%|â–ˆâ–ˆâ–ˆâ–ˆâ–ˆâ–ˆâ–Š   | 1013/1491 [01:40<00:47, 10.02it/s]
 68%|â–ˆâ–ˆâ–ˆâ–ˆâ–ˆâ–ˆâ–Š   | 1015/1491 [01:40<00:43, 10.84it/s]
 68%|â–ˆâ–ˆâ–ˆâ–ˆâ–ˆâ–ˆâ–Š   | 1017/1491 [01:41<00:41, 11.45it/s]
 68%|â–ˆâ–ˆâ–ˆâ–ˆâ–ˆâ–ˆâ–Š   | 1019/1491 [01:41<00:42, 11.22it/s]
 68%|â–ˆâ–ˆâ–ˆâ–ˆâ–ˆâ–ˆâ–Š   | 1021/1491 [01:41<00:40, 11.54it/s]
 69%|â–ˆâ–ˆâ–ˆâ–ˆâ–ˆâ–ˆâ–Š   | 1023/1491 [01:41<00:41, 11.19it/s]
 69%|â–ˆâ–ˆâ–ˆâ–ˆâ–ˆâ–ˆâ–Š   | 1025/1491 [01:41<00:41, 11.26it/s]
 69%|â–ˆâ–ˆâ–ˆâ–ˆâ–ˆâ–ˆâ–‰   | 1027/1491 [01:41<00:40, 11.44it/s]
 69%|â–ˆâ–ˆâ–ˆâ–ˆâ–ˆâ–ˆâ–‰   | 1029/1491 [01:42<00:37, 12.20it/s]
 69%|â–ˆâ–ˆâ–ˆâ–ˆâ–ˆâ–ˆâ–‰   | 1031/1491 [01:42<00:38, 11.97it/s]
 69%|â–ˆâ–ˆâ–ˆâ–ˆâ–ˆâ–ˆâ–‰   | 1033/1491 [01:42<00:37, 12.26it/s]
 69%|â–ˆâ–ˆâ–ˆâ–ˆâ–ˆâ–ˆâ–‰   | 1035/1491 [01:42<00:35, 12.83it/s]
 70%|â–ˆâ–ˆâ–ˆâ–ˆâ–ˆâ–ˆâ–‰   | 1037/1491 [01:42<00:33, 13.61it/s]
 70%|â–ˆâ–ˆâ–ˆâ–ˆâ–ˆâ–ˆâ–‰   | 1039/1491 [01:42<00:36, 12.40it/s]
 70%|â–ˆâ–ˆâ–ˆâ–ˆâ–ˆâ–ˆâ–‰   | 1041/1491 [01:43<00:35, 12.52it/s]
 70%|â–ˆâ–ˆâ–ˆâ–ˆâ–ˆâ–ˆâ–‰   | 1043/1491 [01:43<00:38, 11.78it/s]
 70%|â–ˆâ–ˆâ–ˆâ–ˆâ–ˆâ–ˆâ–ˆ   | 1045/1491 [01:43<00:39, 11.31it/s]
 70%|â–ˆâ–ˆâ–ˆâ–ˆâ–ˆâ–ˆâ–ˆ   | 1047/1491 [01:43<00:37, 11.85it/s]
 70%|â–ˆâ–ˆâ–ˆâ–ˆâ–ˆâ–ˆâ–ˆ   | 1049/1491 [01:43<00:36, 12.20it/s]
 70%|â–ˆâ–ˆâ–ˆâ–ˆâ–ˆâ–ˆâ–ˆ   | 1051/1491 [01:43<00:37, 11.84it/s]
 71%|â–ˆâ–ˆâ–ˆâ–ˆâ–ˆâ–ˆâ–ˆ   | 1053/1491 [01:44<00:38, 11.44it/s]
 71%|â–ˆâ–ˆâ–ˆâ–ˆâ–ˆâ–ˆâ–ˆ   | 1055/1491 [01:44<00:37, 11.69it/s]
 71%|â–ˆâ–ˆâ–ˆâ–ˆâ–ˆâ–ˆâ–ˆ   | 1057/1491 [01:44<00:38, 11.22it/s]
 71%|â–ˆâ–ˆâ–ˆâ–ˆâ–ˆâ–ˆâ–ˆ   | 1059/1491 [01:44<00:37, 11.58it/s]
 71%|â–ˆâ–ˆâ–ˆâ–ˆâ–ˆâ–ˆâ–ˆ   | 1061/1491 [01:44<00:35, 12.01it/s]
 71%|â–ˆâ–ˆâ–ˆâ–ˆâ–ˆâ–ˆâ–ˆâ–  | 1063/1491 [01:44<00:34, 12.29it/s]
 71%|â–ˆâ–ˆâ–ˆâ–ˆâ–ˆâ–ˆâ–ˆâ–  | 1065/1491 [01:45<00:34, 12.43it/s]
 72%|â–ˆâ–ˆâ–ˆâ–ˆâ–ˆâ–ˆâ–ˆâ–  | 1067/1491 [01:45<00:36, 11.67it/s]
 72%|â–ˆâ–ˆâ–ˆâ–ˆâ–ˆâ–ˆâ–ˆâ–  | 1069/1491 [01:45<00:34, 12.19it/s]
 72%|â–ˆâ–ˆâ–ˆâ–ˆâ–ˆâ–ˆâ–ˆâ–  | 1071/1491 [01:45<00:35, 11.75it/s]
 72%|â–ˆâ–ˆâ–ˆâ–ˆâ–ˆâ–ˆâ–ˆâ–  | 1073/1491 [01:45<00:32, 12.89it/s]
 72%|â–ˆâ–ˆâ–ˆâ–ˆâ–ˆâ–ˆâ–ˆâ–  | 1075/1491 [01:45<00:31, 13.28it/s]
 72%|â–ˆâ–ˆâ–ˆâ–ˆâ–ˆâ–ˆâ–ˆâ–  | 1077/1491 [01:46<00:31, 13.06it/s]
 72%|â–ˆâ–ˆâ–ˆâ–ˆâ–ˆâ–ˆâ–ˆâ–  | 1079/1491 [01:46<00:32, 12.49it/s]
 73%|â–ˆâ–ˆâ–ˆâ–ˆâ–ˆâ–ˆâ–ˆâ–Ž  | 1081/1491 [01:46<00:32, 12.68it/s]
 73%|â–ˆâ–ˆâ–ˆâ–ˆâ–ˆâ–ˆâ–ˆâ–Ž  | 1083/1491 [01:46<00:31, 12.82it/s]
 73%|â–ˆâ–ˆâ–ˆâ–ˆâ–ˆâ–ˆâ–ˆâ–Ž  | 1085/1491 [01:46<00:32, 12.58it/s]
 73%|â–ˆâ–ˆâ–ˆâ–ˆâ–ˆâ–ˆâ–ˆâ–Ž  | 1087/1491 [01:46<00:32, 12.48it/s]
 73%|â–ˆâ–ˆâ–ˆâ–ˆâ–ˆâ–ˆâ–ˆâ–Ž  | 1089/1491 [01:46<00:31, 12.75it/s]
 73%|â–ˆâ–ˆâ–ˆâ–ˆâ–ˆâ–ˆâ–ˆâ–Ž  | 1091/1491 [01:47<00:32, 12.35it/s]
 73%|â–ˆâ–ˆâ–ˆâ–ˆâ–ˆâ–ˆâ–ˆâ–Ž  | 1093/1491 [01:47<00:32, 12.25it/s]
 73%|â–ˆâ–ˆâ–ˆâ–ˆâ–ˆâ–ˆâ–ˆâ–Ž  | 1095/1491 [01:47<00:34, 11.57it/s]
 74%|â–ˆâ–ˆâ–ˆâ–ˆâ–ˆâ–ˆâ–ˆâ–Ž  | 1097/1491 [01:47<00:33, 11.94it/s]
 74%|â–ˆâ–ˆâ–ˆâ–ˆâ–ˆâ–ˆâ–ˆâ–Ž  | 1099/1491 [01:47<00:33, 11.67it/s]
 74%|â–ˆâ–ˆâ–ˆâ–ˆâ–ˆâ–ˆâ–ˆâ–  | 1101/1491 [01:48<00:33, 11.52it/s]
 74%|â–ˆâ–ˆâ–ˆâ–ˆâ–ˆâ–ˆâ–ˆâ–  | 1103/1491 [01:48<00:32, 11.87it/s]
 74%|â–ˆâ–ˆâ–ˆâ–ˆâ–ˆâ–ˆâ–ˆâ–  | 1105/1491 [01:48<00:30, 12.51it/s]
 74%|â–ˆâ–ˆâ–ˆâ–ˆâ–ˆâ–ˆâ–ˆâ–  | 1107/1491 [01:48<00:30, 12.49it/s]
 74%|â–ˆâ–ˆâ–ˆâ–ˆâ–ˆâ–ˆâ–ˆâ–  | 1109/1491 [01:48<00:32, 11.83it/s]
 75%|â–ˆâ–ˆâ–ˆâ–ˆâ–ˆâ–ˆâ–ˆâ–  | 1111/1491 [01:48<00:34, 11.13it/s]
 75%|â–ˆâ–ˆâ–ˆâ–ˆâ–ˆâ–ˆâ–ˆâ–  | 1113/1491 [01:49<00:31, 12.04it/s]
 75%|â–ˆâ–ˆâ–ˆâ–ˆâ–ˆâ–ˆâ–ˆâ–  | 1115/1491 [01:49<00:31, 11.90it/s]
 75%|â–ˆâ–ˆâ–ˆâ–ˆâ–ˆâ–ˆâ–ˆâ–  | 1117/1491 [01:49<00:30, 12.09it/s]
 75%|â–ˆâ–ˆâ–ˆâ–ˆâ–ˆâ–ˆâ–ˆâ–Œ  | 1119/1491 [01:49<00:30, 12.34it/s]
 75%|â–ˆâ–ˆâ–ˆâ–ˆâ–ˆâ–ˆâ–ˆâ–Œ  | 1121/1491 [01:49<00:30, 11.96it/s]
 75%|â–ˆâ–ˆâ–ˆâ–ˆâ–ˆâ–ˆâ–ˆâ–Œ  | 1123/1491 [01:49<00:30, 12.02it/s]
 75%|â–ˆâ–ˆâ–ˆâ–ˆâ–ˆâ–ˆâ–ˆâ–Œ  | 1125/1491 [01:50<00:33, 10.99it/s]
 76%|â–ˆâ–ˆâ–ˆâ–ˆâ–ˆâ–ˆâ–ˆâ–Œ  | 1127/1491 [01:50<00:32, 11.20it/s]
 76%|â–ˆâ–ˆâ–ˆâ–ˆâ–ˆâ–ˆâ–ˆâ–Œ  | 1129/1491 [01:50<00:29, 12.23it/s]
 76%|â–ˆâ–ˆâ–ˆâ–ˆâ–ˆâ–ˆâ–ˆâ–Œ  | 1131/1491 [01:50<00:30, 11.82it/s]
 76%|â–ˆâ–ˆâ–ˆâ–ˆâ–ˆâ–ˆâ–ˆâ–Œ  | 1133/1491 [01:50<00:30, 11.92it/s]
 76%|â–ˆâ–ˆâ–ˆâ–ˆâ–ˆâ–ˆâ–ˆâ–Œ  | 1135/1491 [01:50<00:29, 12.08it/s]
 76%|â–ˆâ–ˆâ–ˆâ–ˆâ–ˆâ–ˆâ–ˆâ–‹  | 1137/1491 [01:51<00:28, 12.36it/s]
 76%|â–ˆâ–ˆâ–ˆâ–ˆâ–ˆâ–ˆâ–ˆâ–‹  | 1139/1491 [01:51<00:28, 12.16it/s]
 77%|â–ˆâ–ˆâ–ˆâ–ˆâ–ˆâ–ˆâ–ˆâ–‹  | 1141/1491 [01:51<00:27, 12.66it/s]
 77%|â–ˆâ–ˆâ–ˆâ–ˆâ–ˆâ–ˆâ–ˆâ–‹  | 1143/1491 [01:51<00:24, 14.22it/s]
 77%|â–ˆâ–ˆâ–ˆâ–ˆâ–ˆâ–ˆâ–ˆâ–‹  | 1145/1491 [01:51<00:26, 13.19it/s]
 77%|â–ˆâ–ˆâ–ˆâ–ˆâ–ˆâ–ˆâ–ˆâ–‹  | 1147/1491 [01:51<00:25, 13.24it/s]
 77%|â–ˆâ–ˆâ–ˆâ–ˆâ–ˆâ–ˆâ–ˆâ–‹  | 1149/1491 [01:51<00:25, 13.52it/s]
 77%|â–ˆâ–ˆâ–ˆâ–ˆâ–ˆâ–ˆâ–ˆâ–‹  | 1151/1491 [01:52<00:25, 13.08it/s]
 77%|â–ˆâ–ˆâ–ˆâ–ˆâ–ˆâ–ˆâ–ˆâ–‹  | 1153/1491 [01:52<00:27, 12.41it/s]
 77%|â–ˆâ–ˆâ–ˆâ–ˆâ–ˆâ–ˆâ–ˆâ–‹  | 1155/1491 [01:52<00:28, 11.84it/s]
 78%|â–ˆâ–ˆâ–ˆâ–ˆâ–ˆâ–ˆâ–ˆâ–Š  | 1157/1491 [01:52<00:27, 12.10it/s]
 78%|â–ˆâ–ˆâ–ˆâ–ˆâ–ˆâ–ˆâ–ˆâ–Š  | 1159/1491 [01:52<00:27, 12.04it/s]
 78%|â–ˆâ–ˆâ–ˆâ–ˆâ–ˆâ–ˆâ–ˆâ–Š  | 1161/1491 [01:52<00:26, 12.34it/s]
 78%|â–ˆâ–ˆâ–ˆâ–ˆâ–ˆâ–ˆâ–ˆâ–Š  | 1163/1491 [01:53<00:28, 11.41it/s]
 78%|â–ˆâ–ˆâ–ˆâ–ˆâ–ˆâ–ˆâ–ˆâ–Š  | 1165/1491 [01:53<00:29, 10.91it/s]
 78%|â–ˆâ–ˆâ–ˆâ–ˆâ–ˆâ–ˆâ–ˆâ–Š  | 1167/1491 [01:53<00:28, 11.50it/s]
 78%|â–ˆâ–ˆâ–ˆâ–ˆâ–ˆâ–ˆâ–ˆâ–Š  | 1169/1491 [01:53<00:27, 11.77it/s]
 79%|â–ˆâ–ˆâ–ˆâ–ˆâ–ˆâ–ˆâ–ˆâ–Š  | 1171/1491 [01:53<00:26, 11.99it/s]
 79%|â–ˆâ–ˆâ–ˆâ–ˆâ–ˆâ–ˆâ–ˆâ–Š  | 1173/1491 [01:53<00:26, 12.09it/s]
 79%|â–ˆâ–ˆâ–ˆâ–ˆâ–ˆâ–ˆâ–ˆâ–‰  | 1175/1491 [01:54<00:26, 11.89it/s]
 79%|â–ˆâ–ˆâ–ˆâ–ˆâ–ˆâ–ˆâ–ˆâ–‰  | 1177/1491 [01:54<00:27, 11.34it/s]
 79%|â–ˆâ–ˆâ–ˆâ–ˆâ–ˆâ–ˆâ–ˆâ–‰  | 1179/1491 [01:54<00:27, 11.36it/s]
 79%|â–ˆâ–ˆâ–ˆâ–ˆâ–ˆâ–ˆâ–ˆâ–‰  | 1181/1491 [01:54<00:27, 11.40it/s]
 79%|â–ˆâ–ˆâ–ˆâ–ˆâ–ˆâ–ˆâ–ˆâ–‰  | 1183/1491 [01:54<00:26, 11.43it/s]
 79%|â–ˆâ–ˆâ–ˆâ–ˆâ–ˆâ–ˆâ–ˆâ–‰  | 1185/1491 [01:54<00:25, 11.80it/s]
 80%|â–ˆâ–ˆâ–ˆâ–ˆâ–ˆâ–ˆâ–ˆâ–‰  | 1187/1491 [01:55<00:26, 11.33it/s]
 80%|â–ˆâ–ˆâ–ˆâ–ˆâ–ˆâ–ˆâ–ˆâ–‰  | 1189/1491 [01:55<00:26, 11.25it/s]
 80%|â–ˆâ–ˆâ–ˆâ–ˆâ–ˆâ–ˆâ–ˆâ–‰  | 1191/1491 [01:55<00:26, 11.39it/s]
 80%|â–ˆâ–ˆâ–ˆâ–ˆâ–ˆâ–ˆâ–ˆâ–ˆ  | 1193/1491 [01:55<00:25, 11.57it/s]
 80%|â–ˆâ–ˆâ–ˆâ–ˆâ–ˆâ–ˆâ–ˆâ–ˆ  | 1195/1491 [01:55<00:25, 11.64it/s]
 80%|â–ˆâ–ˆâ–ˆâ–ˆâ–ˆâ–ˆâ–ˆâ–ˆ  | 1197/1491 [01:56<00:23, 12.34it/s]
 80%|â–ˆâ–ˆâ–ˆâ–ˆâ–ˆâ–ˆâ–ˆâ–ˆ  | 1199/1491 [01:56<00:22, 12.70it/s]
 81%|â–ˆâ–ˆâ–ˆâ–ˆâ–ˆâ–ˆâ–ˆâ–ˆ  | 1201/1491 [01:56<00:22, 13.08it/s]
 81%|â–ˆâ–ˆâ–ˆâ–ˆâ–ˆâ–ˆâ–ˆâ–ˆ  | 1203/1491 [01:56<00:23, 12.46it/s]
 81%|â–ˆâ–ˆâ–ˆâ–ˆâ–ˆâ–ˆâ–ˆâ–ˆ  | 1205/1491 [01:56<00:24, 11.91it/s]
 81%|â–ˆâ–ˆâ–ˆâ–ˆâ–ˆâ–ˆâ–ˆâ–ˆ  | 1207/1491 [01:56<00:24, 11.78it/s]
 81%|â–ˆâ–ˆâ–ˆâ–ˆâ–ˆâ–ˆâ–ˆâ–ˆ  | 1209/1491 [01:56<00:23, 12.05it/s]
 81%|â–ˆâ–ˆâ–ˆâ–ˆâ–ˆâ–ˆâ–ˆâ–ˆ  | 1211/1491 [01:57<00:22, 12.62it/s]
 81%|â–ˆâ–ˆâ–ˆâ–ˆâ–ˆâ–ˆâ–ˆâ–ˆâ– | 1213/1491 [01:57<00:25, 10.92it/s]
 81%|â–ˆâ–ˆâ–ˆâ–ˆâ–ˆâ–ˆâ–ˆâ–ˆâ– | 1215/1491 [01:57<00:24, 11.09it/s]
 82%|â–ˆâ–ˆâ–ˆâ–ˆâ–ˆâ–ˆâ–ˆâ–ˆâ– | 1217/1491 [01:57<00:24, 11.21it/s]
 82%|â–ˆâ–ˆâ–ˆâ–ˆâ–ˆâ–ˆâ–ˆâ–ˆâ– | 1219/1491 [01:57<00:23, 11.78it/s]
 82%|â–ˆâ–ˆâ–ˆâ–ˆâ–ˆâ–ˆâ–ˆâ–ˆâ– | 1221/1491 [01:58<00:24, 11.03it/s]
 82%|â–ˆâ–ˆâ–ˆâ–ˆâ–ˆâ–ˆâ–ˆâ–ˆâ– | 1223/1491 [01:58<00:23, 11.42it/s]
 82%|â–ˆâ–ˆâ–ˆâ–ˆâ–ˆâ–ˆâ–ˆâ–ˆâ– | 1225/1491 [01:58<00:23, 11.44it/s]
 82%|â–ˆâ–ˆâ–ˆâ–ˆâ–ˆâ–ˆâ–ˆâ–ˆâ– | 1227/1491 [01:58<00:24, 10.84it/s]
 82%|â–ˆâ–ˆâ–ˆâ–ˆâ–ˆâ–ˆâ–ˆâ–ˆâ– | 1229/1491 [01:58<00:23, 11.21it/s]
 83%|â–ˆâ–ˆâ–ˆâ–ˆâ–ˆâ–ˆâ–ˆâ–ˆâ–Ž | 1231/1491 [01:58<00:21, 12.23it/s]
 83%|â–ˆâ–ˆâ–ˆâ–ˆâ–ˆâ–ˆâ–ˆâ–ˆâ–Ž | 1233/1491 [01:59<00:22, 11.60it/s]
 83%|â–ˆâ–ˆâ–ˆâ–ˆâ–ˆâ–ˆâ–ˆâ–ˆâ–Ž | 1235/1491 [01:59<00:21, 11.81it/s]
 83%|â–ˆâ–ˆâ–ˆâ–ˆâ–ˆâ–ˆâ–ˆâ–ˆâ–Ž | 1237/1491 [01:59<00:21, 11.71it/s]
 83%|â–ˆâ–ˆâ–ˆâ–ˆâ–ˆâ–ˆâ–ˆâ–ˆâ–Ž | 1239/1491 [01:59<00:21, 11.96it/s]
 83%|â–ˆâ–ˆâ–ˆâ–ˆâ–ˆâ–ˆâ–ˆâ–ˆâ–Ž | 1241/1491 [01:59<00:20, 12.13it/s]
 83%|â–ˆâ–ˆâ–ˆâ–ˆâ–ˆâ–ˆâ–ˆâ–ˆâ–Ž | 1243/1491 [01:59<00:21, 11.75it/s]
 84%|â–ˆâ–ˆâ–ˆâ–ˆâ–ˆâ–ˆâ–ˆâ–ˆâ–Ž | 1245/1491 [02:00<00:21, 11.49it/s]
 84%|â–ˆâ–ˆâ–ˆâ–ˆâ–ˆâ–ˆâ–ˆâ–ˆâ–Ž | 1247/1491 [02:00<00:19, 12.25it/s]
 84%|â–ˆâ–ˆâ–ˆâ–ˆâ–ˆâ–ˆâ–ˆâ–ˆâ– | 1249/1491 [02:00<00:20, 12.00it/s]
 84%|â–ˆâ–ˆâ–ˆâ–ˆâ–ˆâ–ˆâ–ˆâ–ˆâ– | 1251/1491 [02:00<00:20, 11.67it/s]
 84%|â–ˆâ–ˆâ–ˆâ–ˆâ–ˆâ–ˆâ–ˆâ–ˆâ– | 1253/1491 [02:00<00:20, 11.60it/s]
 84%|â–ˆâ–ˆâ–ˆâ–ˆâ–ˆâ–ˆâ–ˆâ–ˆâ– | 1255/1491 [02:00<00:20, 11.56it/s]
 84%|â–ˆâ–ˆâ–ˆâ–ˆâ–ˆâ–ˆâ–ˆâ–ˆâ– | 1257/1491 [02:01<00:19, 11.77it/s]
 84%|â–ˆâ–ˆâ–ˆâ–ˆâ–ˆâ–ˆâ–ˆâ–ˆâ– | 1259/1491 [02:01<00:17, 12.93it/s]
 85%|â–ˆâ–ˆâ–ˆâ–ˆâ–ˆâ–ˆâ–ˆâ–ˆâ– | 1261/1491 [02:01<00:18, 12.22it/s]
 85%|â–ˆâ–ˆâ–ˆâ–ˆâ–ˆâ–ˆâ–ˆâ–ˆâ– | 1263/1491 [02:01<00:18, 12.20it/s]
 85%|â–ˆâ–ˆâ–ˆâ–ˆâ–ˆâ–ˆâ–ˆâ–ˆâ– | 1265/1491 [02:01<00:18, 12.03it/s]
 85%|â–ˆâ–ˆâ–ˆâ–ˆâ–ˆâ–ˆâ–ˆâ–ˆâ– | 1267/1491 [02:01<00:18, 12.41it/s]
 85%|â–ˆâ–ˆâ–ˆâ–ˆâ–ˆâ–ˆâ–ˆâ–ˆâ–Œ | 1269/1491 [02:02<00:19, 11.50it/s]
 85%|â–ˆâ–ˆâ–ˆâ–ˆâ–ˆâ–ˆâ–ˆâ–ˆâ–Œ | 1271/1491 [02:02<00:18, 12.22it/s]
 85%|â–ˆâ–ˆâ–ˆâ–ˆâ–ˆâ–ˆâ–ˆâ–ˆâ–Œ | 1273/1491 [02:02<00:18, 11.76it/s]
 86%|â–ˆâ–ˆâ–ˆâ–ˆâ–ˆâ–ˆâ–ˆâ–ˆâ–Œ | 1275/1491 [02:02<00:18, 11.93it/s]
 86%|â–ˆâ–ˆâ–ˆâ–ˆâ–ˆâ–ˆâ–ˆâ–ˆâ–Œ | 1277/1491 [02:02<00:18, 11.55it/s]
 86%|â–ˆâ–ˆâ–ˆâ–ˆâ–ˆâ–ˆâ–ˆâ–ˆâ–Œ | 1279/1491 [02:02<00:17, 12.09it/s]
 86%|â–ˆâ–ˆâ–ˆâ–ˆâ–ˆâ–ˆâ–ˆâ–ˆâ–Œ | 1281/1491 [02:03<00:17, 11.76it/s]
 86%|â–ˆâ–ˆâ–ˆâ–ˆâ–ˆâ–ˆâ–ˆâ–ˆâ–Œ | 1283/1491 [02:03<00:17, 11.94it/s]
 86%|â–ˆâ–ˆâ–ˆâ–ˆâ–ˆâ–ˆâ–ˆâ–ˆâ–Œ | 1285/1491 [02:03<00:16, 12.27it/s]
 86%|â–ˆâ–ˆâ–ˆâ–ˆâ–ˆâ–ˆâ–ˆâ–ˆâ–‹ | 1287/1491 [02:03<00:16, 12.25it/s]
 86%|â–ˆâ–ˆâ–ˆâ–ˆâ–ˆâ–ˆâ–ˆâ–ˆâ–‹ | 1289/1491 [02:03<00:17, 11.38it/s]
 87%|â–ˆâ–ˆâ–ˆâ–ˆâ–ˆâ–ˆâ–ˆâ–ˆâ–‹ | 1291/1491 [02:03<00:17, 11.48it/s]
 87%|â–ˆâ–ˆâ–ˆâ–ˆâ–ˆâ–ˆâ–ˆâ–ˆâ–‹ | 1293/1491 [02:04<00:19, 10.33it/s]
 87%|â–ˆâ–ˆâ–ˆâ–ˆâ–ˆâ–ˆâ–ˆâ–ˆâ–‹ | 1295/1491 [02:04<00:19, 10.26it/s]
 87%|â–ˆâ–ˆâ–ˆâ–ˆâ–ˆâ–ˆâ–ˆâ–ˆâ–‹ | 1297/1491 [02:04<00:18, 10.77it/s]
 87%|â–ˆâ–ˆâ–ˆâ–ˆâ–ˆâ–ˆâ–ˆâ–ˆâ–‹ | 1299/1491 [02:04<00:17, 11.09it/s]
 87%|â–ˆâ–ˆâ–ˆâ–ˆâ–ˆâ–ˆâ–ˆâ–ˆâ–‹ | 1301/1491 [02:04<00:15, 11.94it/s]
 87%|â–ˆâ–ˆâ–ˆâ–ˆâ–ˆâ–ˆâ–ˆâ–ˆâ–‹ | 1303/1491 [02:05<00:15, 12.38it/s]
 88%|â–ˆâ–ˆâ–ˆâ–ˆâ–ˆâ–ˆâ–ˆâ–ˆâ–Š | 1305/1491 [02:05<00:14, 12.43it/s]
 88%|â–ˆâ–ˆâ–ˆâ–ˆâ–ˆâ–ˆâ–ˆâ–ˆâ–Š | 1307/1491 [02:05<00:15, 12.21it/s]
 88%|â–ˆâ–ˆâ–ˆâ–ˆâ–ˆâ–ˆâ–ˆâ–ˆâ–Š | 1309/1491 [02:05<00:15, 12.07it/s]
 88%|â–ˆâ–ˆâ–ˆâ–ˆâ–ˆâ–ˆâ–ˆâ–ˆâ–Š | 1311/1491 [02:05<00:15, 11.89it/s]
 88%|â–ˆâ–ˆâ–ˆâ–ˆâ–ˆâ–ˆâ–ˆâ–ˆâ–Š | 1313/1491 [02:05<00:14, 12.51it/s]
 88%|â–ˆâ–ˆâ–ˆâ–ˆâ–ˆâ–ˆâ–ˆâ–ˆâ–Š | 1315/1491 [02:05<00:13, 12.93it/s]
 88%|â–ˆâ–ˆâ–ˆâ–ˆâ–ˆâ–ˆâ–ˆâ–ˆâ–Š | 1317/1491 [02:06<00:13, 13.32it/s]
 88%|â–ˆâ–ˆâ–ˆâ–ˆâ–ˆâ–ˆâ–ˆâ–ˆâ–Š | 1319/1491 [02:06<00:13, 12.55it/s]
 89%|â–ˆâ–ˆâ–ˆâ–ˆâ–ˆâ–ˆâ–ˆâ–ˆâ–Š | 1321/1491 [02:06<00:13, 12.42it/s]
 89%|â–ˆâ–ˆâ–ˆâ–ˆâ–ˆâ–ˆâ–ˆâ–ˆâ–Š | 1323/1491 [02:06<00:14, 11.85it/s]
 89%|â–ˆâ–ˆâ–ˆâ–ˆâ–ˆâ–ˆâ–ˆâ–ˆâ–‰ | 1325/1491 [02:06<00:13, 12.01it/s]
 89%|â–ˆâ–ˆâ–ˆâ–ˆâ–ˆâ–ˆâ–ˆâ–ˆâ–‰ | 1327/1491 [02:07<00:13, 11.89it/s]
 89%|â–ˆâ–ˆâ–ˆâ–ˆâ–ˆâ–ˆâ–ˆâ–ˆâ–‰ | 1329/1491 [02:07<00:12, 12.86it/s]
 89%|â–ˆâ–ˆâ–ˆâ–ˆâ–ˆâ–ˆâ–ˆâ–ˆâ–‰ | 1331/1491 [02:07<00:13, 12.29it/s]
 89%|â–ˆâ–ˆâ–ˆâ–ˆâ–ˆâ–ˆâ–ˆâ–ˆâ–‰ | 1333/1491 [02:07<00:12, 12.71it/s]
 90%|â–ˆâ–ˆâ–ˆâ–ˆâ–ˆâ–ˆâ–ˆâ–ˆâ–‰ | 1335/1491 [02:07<00:11, 13.04it/s]
 90%|â–ˆâ–ˆâ–ˆâ–ˆâ–ˆâ–ˆâ–ˆâ–ˆâ–‰ | 1337/1491 [02:07<00:11, 13.45it/s]
 90%|â–ˆâ–ˆâ–ˆâ–ˆâ–ˆâ–ˆâ–ˆâ–ˆâ–‰ | 1339/1491 [02:07<00:12, 12.40it/s]
 90%|â–ˆâ–ˆâ–ˆâ–ˆâ–ˆâ–ˆâ–ˆâ–ˆâ–‰ | 1341/1491 [02:08<00:11, 13.03it/s]
 90%|â–ˆâ–ˆâ–ˆâ–ˆâ–ˆâ–ˆâ–ˆâ–ˆâ–ˆ | 1343/1491 [02:08<00:11, 12.42it/s]
 90%|â–ˆâ–ˆâ–ˆâ–ˆâ–ˆâ–ˆâ–ˆâ–ˆâ–ˆ | 1345/1491 [02:08<00:11, 12.98it/s]
 90%|â–ˆâ–ˆâ–ˆâ–ˆâ–ˆâ–ˆâ–ˆâ–ˆâ–ˆ | 1347/1491 [02:08<00:11, 12.92it/s]
 90%|â–ˆâ–ˆâ–ˆâ–ˆâ–ˆâ–ˆâ–ˆâ–ˆâ–ˆ | 1349/1491 [02:08<00:11, 12.46it/s]
 91%|â–ˆâ–ˆâ–ˆâ–ˆâ–ˆâ–ˆâ–ˆâ–ˆâ–ˆ | 1351/1491 [02:08<00:11, 12.36it/s]
 91%|â–ˆâ–ˆâ–ˆâ–ˆâ–ˆâ–ˆâ–ˆâ–ˆâ–ˆ | 1353/1491 [02:09<00:11, 12.21it/s]
 91%|â–ˆâ–ˆâ–ˆâ–ˆâ–ˆâ–ˆâ–ˆâ–ˆâ–ˆ | 1355/1491 [02:09<00:10, 13.06it/s]
 91%|â–ˆâ–ˆâ–ˆâ–ˆâ–ˆâ–ˆâ–ˆâ–ˆâ–ˆ | 1357/1491 [02:09<00:10, 12.22it/s]
 91%|â–ˆâ–ˆâ–ˆâ–ˆâ–ˆâ–ˆâ–ˆâ–ˆâ–ˆ | 1359/1491 [02:09<00:11, 11.50it/s]
 91%|â–ˆâ–ˆâ–ˆâ–ˆâ–ˆâ–ˆâ–ˆâ–ˆâ–ˆâ–| 1361/1491 [02:09<00:11, 11.31it/s]
 91%|â–ˆâ–ˆâ–ˆâ–ˆâ–ˆâ–ˆâ–ˆâ–ˆâ–ˆâ–| 1363/1491 [02:09<00:11, 11.40it/s]
 92%|â–ˆâ–ˆâ–ˆâ–ˆâ–ˆâ–ˆâ–ˆâ–ˆâ–ˆâ–| 1365/1491 [02:10<00:10, 11.55it/s]
 92%|â–ˆâ–ˆâ–ˆâ–ˆâ–ˆâ–ˆâ–ˆâ–ˆâ–ˆâ–| 1367/1491 [02:10<00:10, 11.73it/s]
 92%|â–ˆâ–ˆâ–ˆâ–ˆâ–ˆâ–ˆâ–ˆâ–ˆâ–ˆâ–| 1369/1491 [02:10<00:10, 11.09it/s]
 92%|â–ˆâ–ˆâ–ˆâ–ˆâ–ˆâ–ˆâ–ˆâ–ˆâ–ˆâ–| 1371/1491 [02:10<00:11, 10.61it/s]
 92%|â–ˆâ–ˆâ–ˆâ–ˆâ–ˆâ–ˆâ–ˆâ–ˆâ–ˆâ–| 1373/1491 [02:10<00:10, 10.97it/s]
 92%|â–ˆâ–ˆâ–ˆâ–ˆâ–ˆâ–ˆâ–ˆâ–ˆâ–ˆâ–| 1375/1491 [02:10<00:10, 11.19it/s]
 92%|â–ˆâ–ˆâ–ˆâ–ˆâ–ˆâ–ˆâ–ˆâ–ˆâ–ˆâ–| 1377/1491 [02:11<00:09, 11.92it/s]
 92%|â–ˆâ–ˆâ–ˆâ–ˆâ–ˆâ–ˆâ–ˆâ–ˆâ–ˆâ–| 1379/1491 [02:11<00:09, 11.56it/s]
 93%|â–ˆâ–ˆâ–ˆâ–ˆâ–ˆâ–ˆâ–ˆâ–ˆâ–ˆâ–Ž| 1381/1491 [02:11<00:09, 11.10it/s]
 93%|â–ˆâ–ˆâ–ˆâ–ˆâ–ˆâ–ˆâ–ˆâ–ˆâ–ˆâ–Ž| 1383/1491 [02:11<00:09, 11.80it/s]
 93%|â–ˆâ–ˆâ–ˆâ–ˆâ–ˆâ–ˆâ–ˆâ–ˆâ–ˆâ–Ž| 1385/1491 [02:11<00:08, 12.21it/s]
 93%|â–ˆâ–ˆâ–ˆâ–ˆâ–ˆâ–ˆâ–ˆâ–ˆâ–ˆâ–Ž| 1387/1491 [02:11<00:08, 12.18it/s]
 93%|â–ˆâ–ˆâ–ˆâ–ˆâ–ˆâ–ˆâ–ˆâ–ˆâ–ˆâ–Ž| 1389/1491 [02:12<00:08, 11.74it/s]
 93%|â–ˆâ–ˆâ–ˆâ–ˆâ–ˆâ–ˆâ–ˆâ–ˆâ–ˆâ–Ž| 1391/1491 [02:12<00:08, 12.03it/s]
 93%|â–ˆâ–ˆâ–ˆâ–ˆâ–ˆâ–ˆâ–ˆâ–ˆâ–ˆâ–Ž| 1393/1491 [02:12<00:07, 12.69it/s]
 94%|â–ˆâ–ˆâ–ˆâ–ˆâ–ˆâ–ˆâ–ˆâ–ˆâ–ˆâ–Ž| 1395/1491 [02:12<00:07, 13.07it/s]
 94%|â–ˆâ–ˆâ–ˆâ–ˆâ–ˆâ–ˆâ–ˆâ–ˆâ–ˆâ–Ž| 1397/1491 [02:12<00:07, 12.44it/s]
 94%|â–ˆâ–ˆâ–ˆâ–ˆâ–ˆâ–ˆâ–ˆâ–ˆâ–ˆâ–| 1399/1491 [02:12<00:07, 11.91it/s]
 94%|â–ˆâ–ˆâ–ˆâ–ˆâ–ˆâ–ˆâ–ˆâ–ˆâ–ˆâ–| 1401/1491 [02:13<00:07, 11.52it/s]
 94%|â–ˆâ–ˆâ–ˆâ–ˆâ–ˆâ–ˆâ–ˆâ–ˆâ–ˆâ–| 1403/1491 [02:13<00:07, 12.47it/s]
 94%|â–ˆâ–ˆâ–ˆâ–ˆâ–ˆâ–ˆâ–ˆâ–ˆâ–ˆâ–| 1405/1491 [02:13<00:06, 12.37it/s]
 94%|â–ˆâ–ˆâ–ˆâ–ˆâ–ˆâ–ˆâ–ˆâ–ˆâ–ˆâ–| 1407/1491 [02:13<00:07, 11.37it/s]
 95%|â–ˆâ–ˆâ–ˆâ–ˆâ–ˆâ–ˆâ–ˆâ–ˆâ–ˆâ–| 1409/1491 [02:13<00:07, 11.34it/s]
 95%|â–ˆâ–ˆâ–ˆâ–ˆâ–ˆâ–ˆâ–ˆâ–ˆâ–ˆâ–| 1411/1491 [02:13<00:06, 11.45it/s]
 95%|â–ˆâ–ˆâ–ˆâ–ˆâ–ˆâ–ˆâ–ˆâ–ˆâ–ˆâ–| 1413/1491 [02:14<00:06, 12.15it/s]
 95%|â–ˆâ–ˆâ–ˆâ–ˆâ–ˆâ–ˆâ–ˆâ–ˆâ–ˆâ–| 1415/1491 [02:14<00:06, 11.33it/s]
 95%|â–ˆâ–ˆâ–ˆâ–ˆâ–ˆâ–ˆâ–ˆâ–ˆâ–ˆâ–Œ| 1417/1491 [02:14<00:06, 11.38it/s]
 95%|â–ˆâ–ˆâ–ˆâ–ˆâ–ˆâ–ˆâ–ˆâ–ˆâ–ˆâ–Œ| 1419/1491 [02:14<00:06, 11.92it/s]
 95%|â–ˆâ–ˆâ–ˆâ–ˆâ–ˆâ–ˆâ–ˆâ–ˆâ–ˆâ–Œ| 1421/1491 [02:14<00:05, 11.96it/s]
 95%|â–ˆâ–ˆâ–ˆâ–ˆâ–ˆâ–ˆâ–ˆâ–ˆâ–ˆâ–Œ| 1423/1491 [02:15<00:06, 11.24it/s]
 96%|â–ˆâ–ˆâ–ˆâ–ˆâ–ˆâ–ˆâ–ˆâ–ˆâ–ˆâ–Œ| 1425/1491 [02:15<00:05, 11.32it/s]
 96%|â–ˆâ–ˆâ–ˆâ–ˆâ–ˆâ–ˆâ–ˆâ–ˆâ–ˆâ–Œ| 1427/1491 [02:15<00:05, 11.98it/s]
 96%|â–ˆâ–ˆâ–ˆâ–ˆâ–ˆâ–ˆâ–ˆâ–ˆâ–ˆâ–Œ| 1429/1491 [02:15<00:05, 11.70it/s]
 96%|â–ˆâ–ˆâ–ˆâ–ˆâ–ˆâ–ˆâ–ˆâ–ˆâ–ˆâ–Œ| 1431/1491 [02:15<00:05, 11.47it/s]
 96%|â–ˆâ–ˆâ–ˆâ–ˆâ–ˆâ–ˆâ–ˆâ–ˆâ–ˆâ–Œ| 1433/1491 [02:15<00:04, 11.66it/s]
 96%|â–ˆâ–ˆâ–ˆâ–ˆâ–ˆâ–ˆâ–ˆâ–ˆâ–ˆâ–Œ| 1435/1491 [02:16<00:04, 12.29it/s]
 96%|â–ˆâ–ˆâ–ˆâ–ˆâ–ˆâ–ˆâ–ˆâ–ˆâ–ˆâ–‹| 1437/1491 [02:16<00:04, 13.09it/s]
 97%|â–ˆâ–ˆâ–ˆâ–ˆâ–ˆâ–ˆâ–ˆâ–ˆâ–ˆâ–‹| 1439/1491 [02:16<00:04, 12.77it/s]
 97%|â–ˆâ–ˆâ–ˆâ–ˆâ–ˆâ–ˆâ–ˆâ–ˆâ–ˆâ–‹| 1441/1491 [02:16<00:04, 11.68it/s]
 97%|â–ˆâ–ˆâ–ˆâ–ˆâ–ˆâ–ˆâ–ˆâ–ˆâ–ˆâ–‹| 1443/1491 [02:16<00:03, 12.47it/s]
 97%|â–ˆâ–ˆâ–ˆâ–ˆâ–ˆâ–ˆâ–ˆâ–ˆâ–ˆâ–‹| 1445/1491 [02:16<00:03, 11.90it/s]
 97%|â–ˆâ–ˆâ–ˆâ–ˆâ–ˆâ–ˆâ–ˆâ–ˆâ–ˆâ–‹| 1447/1491 [02:17<00:03, 11.93it/s]
 97%|â–ˆâ–ˆâ–ˆâ–ˆâ–ˆâ–ˆâ–ˆâ–ˆâ–ˆâ–‹| 1449/1491 [02:17<00:03, 12.01it/s]
 97%|â–ˆâ–ˆâ–ˆâ–ˆâ–ˆâ–ˆâ–ˆâ–ˆâ–ˆâ–‹| 1451/1491 [02:17<00:03, 11.10it/s]
 97%|â–ˆâ–ˆâ–ˆâ–ˆâ–ˆâ–ˆâ–ˆâ–ˆâ–ˆâ–‹| 1453/1491 [02:17<00:03, 11.08it/s]
 98%|â–ˆâ–ˆâ–ˆâ–ˆâ–ˆâ–ˆâ–ˆâ–ˆâ–ˆâ–Š| 1455/1491 [02:17<00:03, 11.39it/s]
 98%|â–ˆâ–ˆâ–ˆâ–ˆâ–ˆâ–ˆâ–ˆâ–ˆâ–ˆâ–Š| 1457/1491 [02:17<00:03, 11.21it/s]
 98%|â–ˆâ–ˆâ–ˆâ–ˆâ–ˆâ–ˆâ–ˆâ–ˆâ–ˆâ–Š| 1459/1491 [02:18<00:02, 11.52it/s]
 98%|â–ˆâ–ˆâ–ˆâ–ˆâ–ˆâ–ˆâ–ˆâ–ˆâ–ˆâ–Š| 1461/1491 [02:18<00:02, 11.17it/s]
 98%|â–ˆâ–ˆâ–ˆâ–ˆâ–ˆâ–ˆâ–ˆâ–ˆâ–ˆâ–Š| 1463/1491 [02:18<00:02, 11.55it/s]
 98%|â–ˆâ–ˆâ–ˆâ–ˆâ–ˆâ–ˆâ–ˆâ–ˆâ–ˆâ–Š| 1465/1491 [02:18<00:02, 11.58it/s]
 98%|â–ˆâ–ˆâ–ˆâ–ˆâ–ˆâ–ˆâ–ˆâ–ˆâ–ˆâ–Š| 1467/1491 [02:18<00:02, 11.43it/s]
 99%|â–ˆâ–ˆâ–ˆâ–ˆâ–ˆâ–ˆâ–ˆâ–ˆâ–ˆâ–Š| 1469/1491 [02:18<00:01, 11.56it/s]
 99%|â–ˆâ–ˆâ–ˆâ–ˆâ–ˆâ–ˆâ–ˆâ–ˆâ–ˆâ–Š| 1471/1491 [02:19<00:01, 11.74it/s]
 99%|â–ˆâ–ˆâ–ˆâ–ˆâ–ˆâ–ˆâ–ˆâ–ˆâ–ˆâ–‰| 1473/1491 [02:19<00:01, 12.03it/s]
 99%|â–ˆâ–ˆâ–ˆâ–ˆâ–ˆâ–ˆâ–ˆâ–ˆâ–ˆâ–‰| 1475/1491 [02:19<00:01, 12.13it/s]
 99%|â–ˆâ–ˆâ–ˆâ–ˆâ–ˆâ–ˆâ–ˆâ–ˆâ–ˆâ–‰| 1477/1491 [02:19<00:01, 12.42it/s]
 99%|â–ˆâ–ˆâ–ˆâ–ˆâ–ˆâ–ˆâ–ˆâ–ˆâ–ˆâ–‰| 1479/1491 [02:19<00:01, 11.45it/s]
 99%|â–ˆâ–ˆâ–ˆâ–ˆâ–ˆâ–ˆâ–ˆâ–ˆâ–ˆâ–‰| 1481/1491 [02:19<00:00, 12.43it/s]
 99%|â–ˆâ–ˆâ–ˆâ–ˆâ–ˆâ–ˆâ–ˆâ–ˆâ–ˆâ–‰| 1483/1491 [02:20<00:00, 11.50it/s]
100%|â–ˆâ–ˆâ–ˆâ–ˆâ–ˆâ–ˆâ–ˆâ–ˆâ–ˆâ–‰| 1485/1491 [02:20<00:00, 12.48it/s]
100%|â–ˆâ–ˆâ–ˆâ–ˆâ–ˆâ–ˆâ–ˆâ–ˆâ–ˆâ–‰| 1487/1491 [02:20<00:00, 11.97it/s]
100%|â–ˆâ–ˆâ–ˆâ–ˆâ–ˆâ–ˆâ–ˆâ–ˆâ–ˆâ–‰| 1489/1491 [02:20<00:00, 12.28it/s]
100%|â–ˆâ–ˆâ–ˆâ–ˆâ–ˆâ–ˆâ–ˆâ–ˆâ–ˆâ–ˆ| 1491/1491 [02:20<00:00, 12.24it/s]
                                                   
{'loss': 0.5746, 'grad_norm': 6.845799446105957, 'learning_rate': 0.0, 'epoch': 3.0}

100%|â–ˆâ–ˆâ–ˆâ–ˆâ–ˆâ–ˆâ–ˆâ–ˆâ–ˆâ–ˆ| 1491/1491 [02:20<00:00, 12.24it/s]

  0%|          | 0/83 [00:00<?, ?it/s][A

  6%|â–Œ         | 5/83 [00:00<00:01, 43.09it/s][A

 12%|â–ˆâ–        | 10/83 [00:00<00:01, 38.05it/s][A

 18%|â–ˆâ–Š        | 15/83 [00:00<00:01, 38.62it/s][A

 23%|â–ˆâ–ˆâ–Ž       | 19/83 [00:00<00:01, 36.34it/s][A

 28%|â–ˆâ–ˆâ–Š       | 23/83 [00:00<00:01, 34.69it/s][A

 33%|â–ˆâ–ˆâ–ˆâ–Ž      | 27/83 [00:00<00:01, 34.43it/s][A

 37%|â–ˆâ–ˆâ–ˆâ–‹      | 31/83 [00:00<00:01, 31.55it/s][A

 42%|â–ˆâ–ˆâ–ˆâ–ˆâ–     | 35/83 [00:01<00:01, 31.41it/s][A

 47%|â–ˆâ–ˆâ–ˆâ–ˆâ–‹     | 39/83 [00:01<00:01, 33.28it/s][A

 52%|â–ˆâ–ˆâ–ˆâ–ˆâ–ˆâ–    | 43/83 [00:01<00:01, 33.75it/s][A

 57%|â–ˆâ–ˆâ–ˆâ–ˆâ–ˆâ–‹    | 47/83 [00:01<00:01, 34.25it/s][A

 61%|â–ˆâ–ˆâ–ˆâ–ˆâ–ˆâ–ˆâ–   | 51/83 [00:01<00:00, 34.76it/s][A

 66%|â–ˆâ–ˆâ–ˆâ–ˆâ–ˆâ–ˆâ–‹   | 55/83 [00:01<00:00, 35.68it/s][A

 71%|â–ˆâ–ˆâ–ˆâ–ˆâ–ˆâ–ˆâ–ˆ   | 59/83 [00:01<00:00, 35.03it/s][A

 76%|â–ˆâ–ˆâ–ˆâ–ˆâ–ˆâ–ˆâ–ˆâ–Œ  | 63/83 [00:01<00:00, 34.99it/s][A

 81%|â–ˆâ–ˆâ–ˆâ–ˆâ–ˆâ–ˆâ–ˆâ–ˆ  | 67/83 [00:01<00:00, 34.39it/s][A

 86%|â–ˆâ–ˆâ–ˆâ–ˆâ–ˆâ–ˆâ–ˆâ–ˆâ–Œ | 71/83 [00:02<00:00, 33.53it/s][A

 90%|â–ˆâ–ˆâ–ˆâ–ˆâ–ˆâ–ˆâ–ˆâ–ˆâ–ˆ | 75/83 [00:02<00:00, 34.66it/s][A

 95%|â–ˆâ–ˆâ–ˆâ–ˆâ–ˆâ–ˆâ–ˆâ–ˆâ–ˆâ–Œ| 79/83 [00:02<00:00, 35.16it/s][A

100%|â–ˆâ–ˆâ–ˆâ–ˆâ–ˆâ–ˆâ–ˆâ–ˆâ–ˆâ–ˆ| 83/83 [00:02<00:00, 34.77it/s][A661
661

                                                   

                                               
[A{'eval_loss': 0.8014232516288757, 'eval_precision': 0.6556753124294838, 'eval_recall': 0.6505295007564297, 'eval_f1': 0.6507870313283028, 'eval_runtime': 2.4293, 'eval_samples_per_second': 272.096, 'eval_steps_per_second': 34.166, 'epoch': 3.0}

100%|â–ˆâ–ˆâ–ˆâ–ˆâ–ˆâ–ˆâ–ˆâ–ˆâ–ˆâ–ˆ| 1491/1491 [02:23<00:00, 12.24it/s]

100%|â–ˆâ–ˆâ–ˆâ–ˆâ–ˆâ–ˆâ–ˆâ–ˆâ–ˆâ–ˆ| 83/83 [00:02<00:00, 34.77it/s][A

                                               [A
                                                   
{'train_runtime': 143.188, 'train_samples_per_second': 83.303, 'train_steps_per_second': 10.413, 'train_loss': 0.7682774094108924, 'epoch': 3.0}

100%|â–ˆâ–ˆâ–ˆâ–ˆâ–ˆâ–ˆâ–ˆâ–ˆâ–ˆâ–ˆ| 1491/1491 [02:23<00:00, 12.24it/s]
100%|â–ˆâ–ˆâ–ˆâ–ˆâ–ˆâ–ˆâ–ˆâ–ˆâ–ˆâ–ˆ| 1491/1491 [02:23<00:00, 10.41it/s]

  0%|          | 0/80 [00:00<?, ?it/s]
  6%|â–‹         | 5/80 [00:00<00:01, 41.65it/s]
 12%|â–ˆâ–Ž        | 10/80 [00:00<00:01, 37.84it/s]
 18%|â–ˆâ–Š        | 14/80 [00:00<00:01, 35.61it/s]
 22%|â–ˆâ–ˆâ–Ž       | 18/80 [00:00<00:01, 34.27it/s]
 28%|â–ˆâ–ˆâ–Š       | 22/80 [00:00<00:01, 34.79it/s]
 32%|â–ˆâ–ˆâ–ˆâ–Ž      | 26/80 [00:00<00:01, 34.36it/s]
 38%|â–ˆâ–ˆâ–ˆâ–Š      | 30/80 [00:00<00:01, 33.41it/s]
 42%|â–ˆâ–ˆâ–ˆâ–ˆâ–Ž     | 34/80 [00:00<00:01, 33.81it/s]
 48%|â–ˆâ–ˆâ–ˆâ–ˆâ–Š     | 38/80 [00:01<00:01, 32.91it/s]
 52%|â–ˆâ–ˆâ–ˆâ–ˆâ–ˆâ–Ž    | 42/80 [00:01<00:01, 32.23it/s]
 57%|â–ˆâ–ˆâ–ˆâ–ˆâ–ˆâ–Š    | 46/80 [00:01<00:01, 30.80it/s]
 62%|â–ˆâ–ˆâ–ˆâ–ˆâ–ˆâ–ˆâ–Ž   | 50/80 [00:01<00:00, 31.39it/s]
 68%|â–ˆâ–ˆâ–ˆâ–ˆâ–ˆâ–ˆâ–Š   | 54/80 [00:01<00:00, 32.47it/s]
 72%|â–ˆâ–ˆâ–ˆâ–ˆâ–ˆâ–ˆâ–ˆâ–Ž  | 58/80 [00:01<00:00, 32.68it/s]
 78%|â–ˆâ–ˆâ–ˆâ–ˆâ–ˆâ–ˆâ–ˆâ–Š  | 62/80 [00:01<00:00, 32.87it/s]
 82%|â–ˆâ–ˆâ–ˆâ–ˆâ–ˆâ–ˆâ–ˆâ–ˆâ–Ž | 66/80 [00:01<00:00, 32.98it/s]
 88%|â–ˆâ–ˆâ–ˆâ–ˆâ–ˆâ–ˆâ–ˆâ–ˆâ–Š | 70/80 [00:02<00:00, 33.23it/s]
 92%|â–ˆâ–ˆâ–ˆâ–ˆâ–ˆâ–ˆâ–ˆâ–ˆâ–ˆâ–Ž| 74/80 [00:02<00:00, 34.10it/s]
 98%|â–ˆâ–ˆâ–ˆâ–ˆâ–ˆâ–ˆâ–ˆâ–ˆâ–ˆâ–Š| 78/80 [00:02<00:00, 33.61it/s]636
636

100%|â–ˆâ–ˆâ–ˆâ–ˆâ–ˆâ–ˆâ–ˆâ–ˆâ–ˆâ–ˆ| 80/80 [00:02<00:00, 33.61it/s]
{'eval_loss': 0.7802587747573853, 'eval_precision': 0.6810033463540337, 'eval_recall': 0.6792452830188679, 'eval_f1': 0.6769513989570183, 'eval_runtime': 2.3971, 'eval_samples_per_second': 265.32, 'eval_steps_per_second': 33.374, 'epoch': 3.0}

this is with max pooling instead of mean pooling