SLURM_JOB_ID: 61268958
SLURM_JOB_USER: vsc36378
SLURM_JOB_ACCOUNT: lp_wice_pilot
SLURM_JOB_NAME: train_baseline.slurm
SLURM_CLUSTER_NAME: wice
SLURM_JOB_PARTITION: gpu_h100
SLURM_NNODES: 1
SLURM_NODELIST: s16g12
SLURM_JOB_CPUS_PER_NODE: 18
SLURM_JOB_GPUS: 1
Date: Sat Mar 23 19:46:24 CET 2024
Walltime: 00-00:30:00
========================================================================
no change     /apps/leuven/rocky8/skylake/2021a/software/Miniconda3/4.12.0/condabin/conda
no change     /apps/leuven/rocky8/skylake/2021a/software/Miniconda3/4.12.0/bin/conda
no change     /apps/leuven/rocky8/skylake/2021a/software/Miniconda3/4.12.0/bin/conda-env
no change     /apps/leuven/rocky8/skylake/2021a/software/Miniconda3/4.12.0/bin/activate
no change     /apps/leuven/rocky8/skylake/2021a/software/Miniconda3/4.12.0/bin/deactivate
no change     /apps/leuven/rocky8/skylake/2021a/software/Miniconda3/4.12.0/etc/profile.d/conda.sh
no change     /apps/leuven/rocky8/skylake/2021a/software/Miniconda3/4.12.0/etc/fish/conf.d/conda.fish
no change     /apps/leuven/rocky8/skylake/2021a/software/Miniconda3/4.12.0/shell/condabin/Conda.psm1
no change     /apps/leuven/rocky8/skylake/2021a/software/Miniconda3/4.12.0/shell/condabin/conda-hook.ps1
no change     /apps/leuven/rocky8/skylake/2021a/software/Miniconda3/4.12.0/lib/python3.8/site-packages/xontrib/conda.xsh
no change     /apps/leuven/rocky8/skylake/2021a/software/Miniconda3/4.12.0/etc/profile.d/conda.csh
no change     /user/leuven/363/vsc36378/.bashrc
No action taken.
Python 3.12.0
Requirement already satisfied: accelerate==0.28.0 in /scratch/leuven/363/vsc36378/envs/jobs_env/lib/python3.12/site-packages (from -r requirements.txt (line 1)) (0.28.0)
Requirement already satisfied: aiohttp==3.9.3 in /scratch/leuven/363/vsc36378/envs/jobs_env/lib/python3.12/site-packages (from -r requirements.txt (line 2)) (3.9.3)
Requirement already satisfied: aiosignal==1.3.1 in /scratch/leuven/363/vsc36378/envs/jobs_env/lib/python3.12/site-packages (from -r requirements.txt (line 3)) (1.3.1)
Requirement already satisfied: async-timeout==4.0.3 in /scratch/leuven/363/vsc36378/envs/jobs_env/lib/python3.12/site-packages (from -r requirements.txt (line 4)) (4.0.3)
Requirement already satisfied: attrs==23.2.0 in /scratch/leuven/363/vsc36378/envs/jobs_env/lib/python3.12/site-packages (from -r requirements.txt (line 5)) (23.2.0)
Requirement already satisfied: certifi==2024.2.2 in /scratch/leuven/363/vsc36378/envs/jobs_env/lib/python3.12/site-packages (from -r requirements.txt (line 6)) (2024.2.2)
Requirement already satisfied: charset-normalizer==3.3.2 in /scratch/leuven/363/vsc36378/envs/jobs_env/lib/python3.12/site-packages (from -r requirements.txt (line 7)) (3.3.2)
Requirement already satisfied: click==8.1.7 in /scratch/leuven/363/vsc36378/envs/jobs_env/lib/python3.12/site-packages (from -r requirements.txt (line 8)) (8.1.7)
Requirement already satisfied: datasets==2.18.0 in /scratch/leuven/363/vsc36378/envs/jobs_env/lib/python3.12/site-packages (from -r requirements.txt (line 9)) (2.18.0)
Requirement already satisfied: dill==0.3.8 in /scratch/leuven/363/vsc36378/envs/jobs_env/lib/python3.12/site-packages (from -r requirements.txt (line 10)) (0.3.8)
Requirement already satisfied: filelock==3.13.1 in /scratch/leuven/363/vsc36378/envs/jobs_env/lib/python3.12/site-packages (from -r requirements.txt (line 11)) (3.13.1)
Requirement already satisfied: frozenlist==1.4.1 in /scratch/leuven/363/vsc36378/envs/jobs_env/lib/python3.12/site-packages (from -r requirements.txt (line 12)) (1.4.1)
Requirement already satisfied: fsspec==2024.2.0 in /scratch/leuven/363/vsc36378/envs/jobs_env/lib/python3.12/site-packages (from -r requirements.txt (line 13)) (2024.2.0)
Requirement already satisfied: huggingface-hub==0.21.4 in /scratch/leuven/363/vsc36378/envs/jobs_env/lib/python3.12/site-packages (from -r requirements.txt (line 14)) (0.21.4)
Requirement already satisfied: idna==3.6 in /scratch/leuven/363/vsc36378/envs/jobs_env/lib/python3.12/site-packages (from -r requirements.txt (line 15)) (3.6)
Requirement already satisfied: imbalanced-learn==0.12.0 in /scratch/leuven/363/vsc36378/envs/jobs_env/lib/python3.12/site-packages (from -r requirements.txt (line 16)) (0.12.0)
Requirement already satisfied: Jinja2==3.1.3 in /scratch/leuven/363/vsc36378/envs/jobs_env/lib/python3.12/site-packages (from -r requirements.txt (line 17)) (3.1.3)
Requirement already satisfied: joblib==1.3.2 in /scratch/leuven/363/vsc36378/envs/jobs_env/lib/python3.12/site-packages (from -r requirements.txt (line 18)) (1.3.2)
Requirement already satisfied: MarkupSafe==2.1.5 in /scratch/leuven/363/vsc36378/envs/jobs_env/lib/python3.12/site-packages (from -r requirements.txt (line 19)) (2.1.5)
Requirement already satisfied: mpmath==1.3.0 in /scratch/leuven/363/vsc36378/envs/jobs_env/lib/python3.12/site-packages (from -r requirements.txt (line 20)) (1.3.0)
Requirement already satisfied: multidict==6.0.5 in /scratch/leuven/363/vsc36378/envs/jobs_env/lib/python3.12/site-packages (from -r requirements.txt (line 21)) (6.0.5)
Requirement already satisfied: multiprocess==0.70.16 in /scratch/leuven/363/vsc36378/envs/jobs_env/lib/python3.12/site-packages (from -r requirements.txt (line 22)) (0.70.16)
Requirement already satisfied: networkx==3.2.1 in /scratch/leuven/363/vsc36378/envs/jobs_env/lib/python3.12/site-packages (from -r requirements.txt (line 23)) (3.2.1)
Requirement already satisfied: nltk==3.8.1 in /scratch/leuven/363/vsc36378/envs/jobs_env/lib/python3.12/site-packages (from -r requirements.txt (line 24)) (3.8.1)
Requirement already satisfied: numpy==1.26.4 in /scratch/leuven/363/vsc36378/envs/jobs_env/lib/python3.12/site-packages (from -r requirements.txt (line 25)) (1.26.4)
Requirement already satisfied: nvidia-cublas-cu12==12.1.3.1 in /scratch/leuven/363/vsc36378/envs/jobs_env/lib/python3.12/site-packages (from -r requirements.txt (line 26)) (12.1.3.1)
Requirement already satisfied: nvidia-cuda-cupti-cu12==12.1.105 in /scratch/leuven/363/vsc36378/envs/jobs_env/lib/python3.12/site-packages (from -r requirements.txt (line 27)) (12.1.105)
Requirement already satisfied: nvidia-cuda-nvrtc-cu12==12.1.105 in /scratch/leuven/363/vsc36378/envs/jobs_env/lib/python3.12/site-packages (from -r requirements.txt (line 28)) (12.1.105)
Requirement already satisfied: nvidia-cuda-runtime-cu12==12.1.105 in /scratch/leuven/363/vsc36378/envs/jobs_env/lib/python3.12/site-packages (from -r requirements.txt (line 29)) (12.1.105)
Requirement already satisfied: nvidia-cudnn-cu12==8.9.2.26 in /scratch/leuven/363/vsc36378/envs/jobs_env/lib/python3.12/site-packages (from -r requirements.txt (line 30)) (8.9.2.26)
Requirement already satisfied: nvidia-cufft-cu12==11.0.2.54 in /scratch/leuven/363/vsc36378/envs/jobs_env/lib/python3.12/site-packages (from -r requirements.txt (line 31)) (11.0.2.54)
Requirement already satisfied: nvidia-curand-cu12==10.3.2.106 in /scratch/leuven/363/vsc36378/envs/jobs_env/lib/python3.12/site-packages (from -r requirements.txt (line 32)) (10.3.2.106)
Requirement already satisfied: nvidia-cusolver-cu12==11.4.5.107 in /scratch/leuven/363/vsc36378/envs/jobs_env/lib/python3.12/site-packages (from -r requirements.txt (line 33)) (11.4.5.107)
Requirement already satisfied: nvidia-cusparse-cu12==12.1.0.106 in /scratch/leuven/363/vsc36378/envs/jobs_env/lib/python3.12/site-packages (from -r requirements.txt (line 34)) (12.1.0.106)
Requirement already satisfied: nvidia-nccl-cu12==2.19.3 in /scratch/leuven/363/vsc36378/envs/jobs_env/lib/python3.12/site-packages (from -r requirements.txt (line 35)) (2.19.3)
Requirement already satisfied: nvidia-nvjitlink-cu12==12.4.99 in /scratch/leuven/363/vsc36378/envs/jobs_env/lib/python3.12/site-packages (from -r requirements.txt (line 36)) (12.4.99)
Requirement already satisfied: nvidia-nvtx-cu12==12.1.105 in /scratch/leuven/363/vsc36378/envs/jobs_env/lib/python3.12/site-packages (from -r requirements.txt (line 37)) (12.1.105)
Requirement already satisfied: packaging==24.0 in /scratch/leuven/363/vsc36378/envs/jobs_env/lib/python3.12/site-packages (from -r requirements.txt (line 38)) (24.0)
Requirement already satisfied: pandas==2.2.1 in /scratch/leuven/363/vsc36378/envs/jobs_env/lib/python3.12/site-packages (from -r requirements.txt (line 39)) (2.2.1)
Requirement already satisfied: psutil==5.9.8 in /scratch/leuven/363/vsc36378/envs/jobs_env/lib/python3.12/site-packages (from -r requirements.txt (line 40)) (5.9.8)
Requirement already satisfied: pyarrow==15.0.1 in /scratch/leuven/363/vsc36378/envs/jobs_env/lib/python3.12/site-packages (from -r requirements.txt (line 41)) (15.0.1)
Requirement already satisfied: pyarrow-hotfix==0.6 in /scratch/leuven/363/vsc36378/envs/jobs_env/lib/python3.12/site-packages (from -r requirements.txt (line 42)) (0.6)
Requirement already satisfied: python-dateutil==2.9.0.post0 in /scratch/leuven/363/vsc36378/envs/jobs_env/lib/python3.12/site-packages (from -r requirements.txt (line 43)) (2.9.0.post0)
Requirement already satisfied: pytz==2024.1 in /scratch/leuven/363/vsc36378/envs/jobs_env/lib/python3.12/site-packages (from -r requirements.txt (line 44)) (2024.1)
Requirement already satisfied: PyYAML==6.0.1 in /scratch/leuven/363/vsc36378/envs/jobs_env/lib/python3.12/site-packages (from -r requirements.txt (line 45)) (6.0.1)
Requirement already satisfied: regex==2023.12.25 in /scratch/leuven/363/vsc36378/envs/jobs_env/lib/python3.12/site-packages (from -r requirements.txt (line 46)) (2023.12.25)
Requirement already satisfied: requests==2.31.0 in /scratch/leuven/363/vsc36378/envs/jobs_env/lib/python3.12/site-packages (from -r requirements.txt (line 47)) (2.31.0)
Requirement already satisfied: safetensors==0.4.2 in /scratch/leuven/363/vsc36378/envs/jobs_env/lib/python3.12/site-packages (from -r requirements.txt (line 48)) (0.4.2)
Requirement already satisfied: scikit-learn==1.4.1.post1 in /scratch/leuven/363/vsc36378/envs/jobs_env/lib/python3.12/site-packages (from -r requirements.txt (line 49)) (1.4.1.post1)
Requirement already satisfied: scipy==1.12.0 in /scratch/leuven/363/vsc36378/envs/jobs_env/lib/python3.12/site-packages (from -r requirements.txt (line 50)) (1.12.0)
Requirement already satisfied: setuptools==68.2.2 in /scratch/leuven/363/vsc36378/envs/jobs_env/lib/python3.12/site-packages (from -r requirements.txt (line 51)) (68.2.2)
Requirement already satisfied: six==1.16.0 in /scratch/leuven/363/vsc36378/envs/jobs_env/lib/python3.12/site-packages (from -r requirements.txt (line 52)) (1.16.0)
Requirement already satisfied: sympy==1.12 in /scratch/leuven/363/vsc36378/envs/jobs_env/lib/python3.12/site-packages (from -r requirements.txt (line 53)) (1.12)
Requirement already satisfied: threadpoolctl==3.3.0 in /scratch/leuven/363/vsc36378/envs/jobs_env/lib/python3.12/site-packages (from -r requirements.txt (line 54)) (3.3.0)
Requirement already satisfied: tokenizers==0.15.2 in /scratch/leuven/363/vsc36378/envs/jobs_env/lib/python3.12/site-packages (from -r requirements.txt (line 55)) (0.15.2)
Requirement already satisfied: torch==2.2.1 in /scratch/leuven/363/vsc36378/envs/jobs_env/lib/python3.12/site-packages (from -r requirements.txt (line 56)) (2.2.1)
Requirement already satisfied: tqdm==4.66.2 in /scratch/leuven/363/vsc36378/envs/jobs_env/lib/python3.12/site-packages (from -r requirements.txt (line 57)) (4.66.2)
Requirement already satisfied: transformers==4.38.2 in /scratch/leuven/363/vsc36378/envs/jobs_env/lib/python3.12/site-packages (from -r requirements.txt (line 58)) (4.38.2)
Requirement already satisfied: typing_extensions==4.10.0 in /scratch/leuven/363/vsc36378/envs/jobs_env/lib/python3.12/site-packages (from -r requirements.txt (line 59)) (4.10.0)
Requirement already satisfied: tzdata==2024.1 in /scratch/leuven/363/vsc36378/envs/jobs_env/lib/python3.12/site-packages (from -r requirements.txt (line 60)) (2024.1)
Requirement already satisfied: urllib3==2.2.1 in /scratch/leuven/363/vsc36378/envs/jobs_env/lib/python3.12/site-packages (from -r requirements.txt (line 61)) (2.2.1)
Requirement already satisfied: wheel==0.41.2 in /scratch/leuven/363/vsc36378/envs/jobs_env/lib/python3.12/site-packages (from -r requirements.txt (line 62)) (0.41.2)
Requirement already satisfied: xxhash==3.4.1 in /scratch/leuven/363/vsc36378/envs/jobs_env/lib/python3.12/site-packages (from -r requirements.txt (line 63)) (3.4.1)
Requirement already satisfied: yarl==1.9.4 in /scratch/leuven/363/vsc36378/envs/jobs_env/lib/python3.12/site-packages (from -r requirements.txt (line 64)) (1.9.4)
[nltk_data] Downloading package stopwords to
[nltk_data]     /user/leuven/363/vsc36378/nltk_data...
[nltk_data]   Package stopwords is already up-to-date!
[nltk_data] Downloading package wordnet to
[nltk_data]     /user/leuven/363/vsc36378/nltk_data...
[nltk_data]   Package wordnet is already up-to-date!
[nltk_data] Downloading package stopwords to
[nltk_data]     /user/leuven/363/vsc36378/nltk_data...
[nltk_data]   Package stopwords is already up-to-date!
[nltk_data] Downloading package wordnet to
[nltk_data]     /user/leuven/363/vsc36378/nltk_data...
[nltk_data]   Package wordnet is already up-to-date!

Map:   0%|          | 0/3976 [00:00<?, ? examples/s]
Map:  25%|â–ˆâ–ˆâ–Œ       | 1000/3976 [00:00<00:01, 2222.15 examples/s]
Map:  50%|â–ˆâ–ˆâ–ˆâ–ˆâ–ˆ     | 2000/3976 [00:00<00:00, 2706.21 examples/s]
Map:  75%|â–ˆâ–ˆâ–ˆâ–ˆâ–ˆâ–ˆâ–ˆâ–Œ  | 3000/3976 [00:01<00:00, 2995.90 examples/s]
Map: 100%|â–ˆâ–ˆâ–ˆâ–ˆâ–ˆâ–ˆâ–ˆâ–ˆâ–ˆâ–ˆ| 3976/3976 [00:01<00:00, 3082.54 examples/s]
Map: 100%|â–ˆâ–ˆâ–ˆâ–ˆâ–ˆâ–ˆâ–ˆâ–ˆâ–ˆâ–ˆ| 3976/3976 [00:01<00:00, 2913.57 examples/s]

Map:   0%|          | 0/636 [00:00<?, ? examples/s]
Map: 100%|â–ˆâ–ˆâ–ˆâ–ˆâ–ˆâ–ˆâ–ˆâ–ˆâ–ˆâ–ˆ| 636/636 [00:00<00:00, 2596.75 examples/s]
Map: 100%|â–ˆâ–ˆâ–ˆâ–ˆâ–ˆâ–ˆâ–ˆâ–ˆâ–ˆâ–ˆ| 636/636 [00:00<00:00, 2561.61 examples/s]

Map:   0%|          | 0/661 [00:00<?, ? examples/s]
Map: 100%|â–ˆâ–ˆâ–ˆâ–ˆâ–ˆâ–ˆâ–ˆâ–ˆâ–ˆâ–ˆ| 661/661 [00:00<00:00, 3000.16 examples/s]
Map: 100%|â–ˆâ–ˆâ–ˆâ–ˆâ–ˆâ–ˆâ–ˆâ–ˆâ–ˆâ–ˆ| 661/661 [00:00<00:00, 2953.40 examples/s]
DatasetDict({
    train: Dataset({
        features: ['features', 'labels', 'input_ids', 'token_type_ids', 'attention_mask'],
        num_rows: 3976
    })
    test: Dataset({
        features: ['features', 'labels', 'input_ids', 'token_type_ids', 'attention_mask'],
        num_rows: 636
    })
    valid: Dataset({
        features: ['features', 'labels', 'input_ids', 'token_type_ids', 'attention_mask'],
        num_rows: 661
    })
})
train
Class 0: 547 samples
Class 1: 1802 samples
Class 2: 1627 samples

test
Class 0: 70 samples
Class 1: 291 samples
Class 2: 275 samples

valid
Class 0: 76 samples
Class 1: 310 samples
Class 2: 275 samples

Some weights of BertForSequenceClassification were not initialized from the model checkpoint at bert-base-uncased and are newly initialized: ['classifier.bias', 'classifier.weight']
You should probably TRAIN this model on a down-stream task to be able to use it for predictions and inference.
huggingface/tokenizers: The current process just got forked, after parallelism has already been used. Disabling parallelism to avoid deadlocks...
To disable this warning, you can either:
	- Avoid using `tokenizers` before the fork if possible
	- Explicitly set the environment variable TOKENIZERS_PARALLELISM=(true | false)
/scratch/leuven/363/vsc36378/envs/jobs_env/lib/python3.12/site-packages/accelerate/accelerator.py:432: FutureWarning: Passing the following arguments to `Accelerator` is deprecated and will be removed in version 1.0 of Accelerate: dict_keys(['dispatch_batches', 'split_batches', 'even_batches', 'use_seedable_sampler']). Please pass an `accelerate.DataLoaderConfiguration` instead: 
dataloader_config = DataLoaderConfiguration(dispatch_batches=None, split_batches=False, even_batches=True, use_seedable_sampler=True)
  warnings.warn(
Detected kernel version 4.18.0, which is below the recommended minimum of 5.5.0; this can cause the process to hang. It is recommended to upgrade the kernel to the minimum version or higher.
class_weights: [2.4229128 0.7354791 0.8145872]

  0%|          | 0/1988 [00:00<?, ?it/s][rank0]:[W reducer.cpp:1360] Warning: find_unused_parameters=True was specified in DDP constructor, but did not find any unused parameters in the forward pass. This flag results in an extra traversal of the autograd graph every iteration,  which can adversely affect performance. If your model indeed never has any unused parameters in the forward pass, consider turning this flag off. Note that this warning may be a false positive if your model has flow control causing later iterations to have unused parameters. (function operator())

  0%|          | 1/1988 [00:09<5:29:36,  9.95s/it]
  0%|          | 2/1988 [00:10<2:19:50,  4.22s/it]
  0%|          | 4/1988 [00:10<53:50,  1.63s/it]  
  0%|          | 6/1988 [00:10<29:41,  1.11it/s]
  0%|          | 8/1988 [00:10<18:49,  1.75it/s]
  1%|          | 10/1988 [00:10<12:56,  2.55it/s]
  1%|          | 12/1988 [00:11<09:26,  3.49it/s]
  1%|          | 14/1988 [00:11<07:13,  4.55it/s]
  1%|          | 16/1988 [00:11<05:47,  5.67it/s]
  1%|          | 18/1988 [00:11<04:50,  6.79it/s]
  1%|          | 20/1988 [00:11<04:11,  7.84it/s]
  1%|          | 22/1988 [00:11<03:44,  8.77it/s]
  1%|          | 24/1988 [00:12<03:25,  9.55it/s]
  1%|â–         | 26/1988 [00:12<03:12, 10.18it/s]
  1%|â–         | 28/1988 [00:12<03:03, 10.66it/s]
  2%|â–         | 30/1988 [00:12<02:57, 11.03it/s]
  2%|â–         | 32/1988 [00:12<02:53, 11.30it/s]
  2%|â–         | 34/1988 [00:12<02:49, 11.50it/s]
  2%|â–         | 36/1988 [00:13<02:47, 11.65it/s]
  2%|â–         | 38/1988 [00:13<02:45, 11.75it/s]
  2%|â–         | 40/1988 [00:13<02:44, 11.82it/s]
  2%|â–         | 42/1988 [00:13<02:43, 11.87it/s]
  2%|â–         | 44/1988 [00:13<02:43, 11.91it/s]
  2%|â–         | 46/1988 [00:13<02:42, 11.94it/s]
  2%|â–         | 48/1988 [00:14<02:42, 11.96it/s]
  3%|â–Ž         | 50/1988 [00:14<02:41, 11.97it/s]
  3%|â–Ž         | 52/1988 [00:14<02:41, 11.98it/s]
  3%|â–Ž         | 54/1988 [00:14<02:41, 11.98it/s]
  3%|â–Ž         | 56/1988 [00:14<02:41, 11.98it/s]
  3%|â–Ž         | 58/1988 [00:14<02:41, 11.98it/s]
  3%|â–Ž         | 60/1988 [00:15<02:40, 11.98it/s]
  3%|â–Ž         | 62/1988 [00:15<02:40, 11.98it/s]
  3%|â–Ž         | 64/1988 [00:15<02:40, 11.98it/s]
  3%|â–Ž         | 66/1988 [00:15<02:40, 11.98it/s]
  3%|â–Ž         | 68/1988 [00:15<02:40, 11.99it/s]
  4%|â–Ž         | 70/1988 [00:15<02:39, 11.99it/s]
  4%|â–Ž         | 72/1988 [00:16<02:39, 11.98it/s]
  4%|â–Ž         | 74/1988 [00:16<02:39, 11.99it/s]
  4%|â–         | 76/1988 [00:16<02:39, 11.99it/s]
  4%|â–         | 78/1988 [00:16<02:39, 11.99it/s]
  4%|â–         | 80/1988 [00:16<02:39, 11.99it/s]
  4%|â–         | 82/1988 [00:16<02:39, 11.99it/s]
  4%|â–         | 84/1988 [00:17<02:38, 11.99it/s]
  4%|â–         | 86/1988 [00:17<02:38, 11.99it/s]
  4%|â–         | 88/1988 [00:17<02:38, 11.99it/s]
  5%|â–         | 90/1988 [00:17<02:38, 11.97it/s]
  5%|â–         | 92/1988 [00:17<02:38, 11.98it/s]
  5%|â–         | 94/1988 [00:17<02:38, 11.98it/s]
  5%|â–         | 96/1988 [00:18<02:37, 11.98it/s]
  5%|â–         | 98/1988 [00:18<02:37, 11.98it/s]
  5%|â–Œ         | 100/1988 [00:18<02:37, 11.98it/s]
  5%|â–Œ         | 102/1988 [00:18<02:37, 11.98it/s]
  5%|â–Œ         | 104/1988 [00:18<02:37, 11.99it/s]
  5%|â–Œ         | 106/1988 [00:18<02:36, 11.99it/s]
  5%|â–Œ         | 108/1988 [00:19<02:36, 11.98it/s]
  6%|â–Œ         | 110/1988 [00:19<02:36, 11.98it/s]
  6%|â–Œ         | 112/1988 [00:19<02:36, 11.98it/s]
  6%|â–Œ         | 114/1988 [00:19<02:36, 11.98it/s]
  6%|â–Œ         | 116/1988 [00:19<02:36, 11.99it/s]
  6%|â–Œ         | 118/1988 [00:19<02:36, 11.99it/s]
  6%|â–Œ         | 120/1988 [00:20<02:35, 11.99it/s]
  6%|â–Œ         | 122/1988 [00:20<02:35, 11.99it/s]
  6%|â–Œ         | 124/1988 [00:20<02:35, 11.99it/s]
  6%|â–‹         | 126/1988 [00:20<02:35, 11.99it/s]
  6%|â–‹         | 128/1988 [00:20<02:35, 11.99it/s]
  7%|â–‹         | 130/1988 [00:20<02:34, 11.99it/s]
  7%|â–‹         | 132/1988 [00:21<02:34, 11.99it/s]
  7%|â–‹         | 134/1988 [00:21<02:34, 11.99it/s]
  7%|â–‹         | 136/1988 [00:21<02:34, 11.99it/s]
  7%|â–‹         | 138/1988 [00:21<02:34, 11.99it/s]
  7%|â–‹         | 140/1988 [00:21<02:34, 11.99it/s]
  7%|â–‹         | 142/1988 [00:21<02:33, 11.99it/s]
  7%|â–‹         | 144/1988 [00:22<02:33, 12.00it/s]
  7%|â–‹         | 146/1988 [00:22<02:33, 12.00it/s]
  7%|â–‹         | 148/1988 [00:22<02:33, 12.00it/s]
  8%|â–Š         | 150/1988 [00:22<02:33, 12.00it/s]
  8%|â–Š         | 152/1988 [00:22<02:32, 12.00it/s]
  8%|â–Š         | 154/1988 [00:22<02:32, 12.00it/s]
  8%|â–Š         | 156/1988 [00:23<02:32, 12.00it/s]
  8%|â–Š         | 158/1988 [00:23<02:32, 12.00it/s]
  8%|â–Š         | 160/1988 [00:23<02:32, 12.00it/s]
  8%|â–Š         | 162/1988 [00:23<02:32, 12.00it/s]
  8%|â–Š         | 164/1988 [00:23<02:32, 12.00it/s]
  8%|â–Š         | 166/1988 [00:23<02:31, 11.99it/s]
  8%|â–Š         | 168/1988 [00:24<02:31, 11.99it/s]
  9%|â–Š         | 170/1988 [00:24<02:31, 11.99it/s]
  9%|â–Š         | 172/1988 [00:24<02:31, 11.99it/s]
  9%|â–‰         | 174/1988 [00:24<02:31, 11.99it/s]
  9%|â–‰         | 176/1988 [00:24<02:31, 11.99it/s]
  9%|â–‰         | 178/1988 [00:24<02:30, 11.99it/s]
  9%|â–‰         | 180/1988 [00:25<02:30, 11.99it/s]
  9%|â–‰         | 182/1988 [00:25<02:30, 11.99it/s]
  9%|â–‰         | 184/1988 [00:25<02:30, 11.99it/s]
  9%|â–‰         | 186/1988 [00:25<02:30, 11.99it/s]
  9%|â–‰         | 188/1988 [00:25<02:30, 11.99it/s]
 10%|â–‰         | 190/1988 [00:25<02:29, 11.99it/s]
 10%|â–‰         | 192/1988 [00:26<02:29, 12.00it/s]
 10%|â–‰         | 194/1988 [00:26<02:29, 12.00it/s]
 10%|â–‰         | 196/1988 [00:26<02:29, 12.00it/s]
 10%|â–‰         | 198/1988 [00:26<02:29, 11.99it/s]
 10%|â–ˆ         | 200/1988 [00:26<02:29, 11.99it/s]
 10%|â–ˆ         | 202/1988 [00:26<02:28, 11.99it/s]
 10%|â–ˆ         | 204/1988 [00:27<02:28, 11.99it/s]
 10%|â–ˆ         | 206/1988 [00:27<02:28, 11.99it/s]
 10%|â–ˆ         | 208/1988 [00:27<02:28, 11.99it/s]
 11%|â–ˆ         | 210/1988 [00:27<02:28, 11.99it/s]
 11%|â–ˆ         | 212/1988 [00:27<02:28, 11.99it/s]
 11%|â–ˆ         | 214/1988 [00:27<02:28, 11.98it/s]
 11%|â–ˆ         | 216/1988 [00:28<02:27, 11.99it/s]
 11%|â–ˆ         | 218/1988 [00:28<02:27, 11.99it/s]
 11%|â–ˆ         | 220/1988 [00:28<02:27, 11.98it/s]
 11%|â–ˆ         | 222/1988 [00:28<02:27, 11.99it/s]
 11%|â–ˆâ–        | 224/1988 [00:28<02:27, 11.99it/s]
 11%|â–ˆâ–        | 226/1988 [00:28<02:26, 11.99it/s]
 11%|â–ˆâ–        | 228/1988 [00:29<02:26, 11.99it/s]
 12%|â–ˆâ–        | 230/1988 [00:29<02:26, 11.98it/s]
 12%|â–ˆâ–        | 232/1988 [00:29<02:26, 11.98it/s]
 12%|â–ˆâ–        | 234/1988 [00:29<02:26, 11.98it/s]
 12%|â–ˆâ–        | 236/1988 [00:29<02:26, 11.98it/s]
 12%|â–ˆâ–        | 238/1988 [00:29<02:26, 11.98it/s]
 12%|â–ˆâ–        | 240/1988 [00:30<02:25, 11.98it/s]
 12%|â–ˆâ–        | 242/1988 [00:30<02:25, 11.98it/s]
 12%|â–ˆâ–        | 244/1988 [00:30<02:25, 11.99it/s]
 12%|â–ˆâ–        | 246/1988 [00:30<02:25, 11.99it/s]
 12%|â–ˆâ–        | 248/1988 [00:30<02:25, 11.99it/s]
 13%|â–ˆâ–Ž        | 250/1988 [00:30<02:24, 11.99it/s]
 13%|â–ˆâ–Ž        | 252/1988 [00:31<02:24, 11.98it/s]
 13%|â–ˆâ–Ž        | 254/1988 [00:31<02:24, 11.98it/s]
 13%|â–ˆâ–Ž        | 256/1988 [00:31<02:24, 11.98it/s]
 13%|â–ˆâ–Ž        | 258/1988 [00:31<02:24, 11.98it/s]
 13%|â–ˆâ–Ž        | 260/1988 [00:31<02:24, 11.98it/s]
 13%|â–ˆâ–Ž        | 262/1988 [00:31<02:24, 11.99it/s]
 13%|â–ˆâ–Ž        | 264/1988 [00:32<02:23, 11.99it/s]
 13%|â–ˆâ–Ž        | 266/1988 [00:32<02:23, 11.98it/s]
 13%|â–ˆâ–Ž        | 268/1988 [00:32<02:23, 11.98it/s]
 14%|â–ˆâ–Ž        | 270/1988 [00:32<02:23, 11.98it/s]
 14%|â–ˆâ–Ž        | 272/1988 [00:32<02:23, 11.99it/s]
 14%|â–ˆâ–        | 274/1988 [00:32<02:22, 11.99it/s]
 14%|â–ˆâ–        | 276/1988 [00:33<02:22, 11.98it/s]
 14%|â–ˆâ–        | 278/1988 [00:33<02:22, 11.98it/s]
 14%|â–ˆâ–        | 280/1988 [00:33<02:22, 11.98it/s]
 14%|â–ˆâ–        | 282/1988 [00:33<02:22, 11.99it/s]
 14%|â–ˆâ–        | 284/1988 [00:33<02:22, 11.98it/s]
 14%|â–ˆâ–        | 286/1988 [00:33<02:22, 11.99it/s]
 14%|â–ˆâ–        | 288/1988 [00:34<02:21, 11.98it/s]
 15%|â–ˆâ–        | 290/1988 [00:34<02:21, 11.98it/s]
 15%|â–ˆâ–        | 292/1988 [00:34<02:21, 11.99it/s]
 15%|â–ˆâ–        | 294/1988 [00:34<02:21, 11.99it/s]
 15%|â–ˆâ–        | 296/1988 [00:34<02:21, 11.99it/s]
 15%|â–ˆâ–        | 298/1988 [00:34<02:20, 11.99it/s]
 15%|â–ˆâ–Œ        | 300/1988 [00:35<02:20, 11.99it/s]
 15%|â–ˆâ–Œ        | 302/1988 [00:35<02:20, 11.99it/s]
 15%|â–ˆâ–Œ        | 304/1988 [00:35<02:20, 11.99it/s]
 15%|â–ˆâ–Œ        | 306/1988 [00:35<02:20, 11.99it/s]
 15%|â–ˆâ–Œ        | 308/1988 [00:35<02:20, 11.99it/s]
 16%|â–ˆâ–Œ        | 310/1988 [00:35<02:19, 11.99it/s]
 16%|â–ˆâ–Œ        | 312/1988 [00:36<02:19, 11.99it/s]
 16%|â–ˆâ–Œ        | 314/1988 [00:36<02:19, 11.99it/s]
 16%|â–ˆâ–Œ        | 316/1988 [00:36<02:19, 11.99it/s]
 16%|â–ˆâ–Œ        | 318/1988 [00:36<02:19, 11.99it/s]
 16%|â–ˆâ–Œ        | 320/1988 [00:36<02:19, 11.99it/s]
 16%|â–ˆâ–Œ        | 322/1988 [00:36<02:18, 11.99it/s]
 16%|â–ˆâ–‹        | 324/1988 [00:37<02:18, 11.99it/s]
 16%|â–ˆâ–‹        | 326/1988 [00:37<02:18, 11.99it/s]
 16%|â–ˆâ–‹        | 328/1988 [00:37<02:18, 11.99it/s]
 17%|â–ˆâ–‹        | 330/1988 [00:37<02:18, 12.00it/s]
 17%|â–ˆâ–‹        | 332/1988 [00:37<02:18, 12.00it/s]
 17%|â–ˆâ–‹        | 334/1988 [00:37<02:17, 12.00it/s]
 17%|â–ˆâ–‹        | 336/1988 [00:38<02:17, 12.00it/s]
 17%|â–ˆâ–‹        | 338/1988 [00:38<02:17, 11.99it/s]
 17%|â–ˆâ–‹        | 340/1988 [00:38<02:17, 11.99it/s]
 17%|â–ˆâ–‹        | 342/1988 [00:38<02:17, 11.99it/s]
 17%|â–ˆâ–‹        | 344/1988 [00:38<02:17, 11.99it/s]
 17%|â–ˆâ–‹        | 346/1988 [00:38<02:16, 11.99it/s]
 18%|â–ˆâ–Š        | 348/1988 [00:39<02:16, 11.99it/s]
 18%|â–ˆâ–Š        | 350/1988 [00:39<02:16, 11.99it/s]
 18%|â–ˆâ–Š        | 352/1988 [00:39<02:16, 11.99it/s]
 18%|â–ˆâ–Š        | 354/1988 [00:39<02:16, 11.99it/s]
 18%|â–ˆâ–Š        | 356/1988 [00:39<02:16, 11.99it/s]
 18%|â–ˆâ–Š        | 358/1988 [00:39<02:15, 11.99it/s]
 18%|â–ˆâ–Š        | 360/1988 [00:40<02:15, 12.00it/s]
 18%|â–ˆâ–Š        | 362/1988 [00:40<02:15, 12.00it/s]
 18%|â–ˆâ–Š        | 364/1988 [00:40<02:15, 12.00it/s]
 18%|â–ˆâ–Š        | 366/1988 [00:40<02:15, 12.00it/s]
 19%|â–ˆâ–Š        | 368/1988 [00:40<02:14, 12.00it/s]
 19%|â–ˆâ–Š        | 370/1988 [00:40<02:14, 12.00it/s]
 19%|â–ˆâ–Š        | 372/1988 [00:41<02:14, 12.00it/s]
 19%|â–ˆâ–‰        | 374/1988 [00:41<02:14, 12.00it/s]
 19%|â–ˆâ–‰        | 376/1988 [00:41<02:14, 12.00it/s]
 19%|â–ˆâ–‰        | 378/1988 [00:41<02:14, 12.00it/s]
 19%|â–ˆâ–‰        | 380/1988 [00:41<02:14, 12.00it/s]
 19%|â–ˆâ–‰        | 382/1988 [00:41<02:13, 12.00it/s]
 19%|â–ˆâ–‰        | 384/1988 [00:42<02:13, 12.00it/s]
 19%|â–ˆâ–‰        | 386/1988 [00:42<02:13, 12.00it/s]
 20%|â–ˆâ–‰        | 388/1988 [00:42<02:13, 12.00it/s]
 20%|â–ˆâ–‰        | 390/1988 [00:42<02:13, 12.00it/s]
 20%|â–ˆâ–‰        | 392/1988 [00:42<02:12, 12.01it/s]
 20%|â–ˆâ–‰        | 394/1988 [00:42<02:12, 12.01it/s]
 20%|â–ˆâ–‰        | 396/1988 [00:43<02:12, 12.00it/s]
 20%|â–ˆâ–ˆ        | 398/1988 [00:43<02:12, 12.00it/s]
 20%|â–ˆâ–ˆ        | 400/1988 [00:43<02:12, 12.00it/s]
 20%|â–ˆâ–ˆ        | 402/1988 [00:43<02:12, 11.99it/s]
 20%|â–ˆâ–ˆ        | 404/1988 [00:43<02:12, 11.99it/s]
 20%|â–ˆâ–ˆ        | 406/1988 [00:43<02:11, 11.99it/s]
 21%|â–ˆâ–ˆ        | 408/1988 [00:44<02:11, 11.99it/s]
 21%|â–ˆâ–ˆ        | 410/1988 [00:44<02:11, 11.99it/s]
 21%|â–ˆâ–ˆ        | 412/1988 [00:44<02:11, 11.99it/s]
 21%|â–ˆâ–ˆ        | 414/1988 [00:44<02:11, 11.98it/s]
 21%|â–ˆâ–ˆ        | 416/1988 [00:44<02:11, 11.99it/s]
 21%|â–ˆâ–ˆ        | 418/1988 [00:44<02:11, 11.98it/s]
 21%|â–ˆâ–ˆ        | 420/1988 [00:45<02:10, 11.98it/s]
 21%|â–ˆâ–ˆ        | 422/1988 [00:45<02:10, 11.98it/s]
 21%|â–ˆâ–ˆâ–       | 424/1988 [00:45<02:10, 11.99it/s]
 21%|â–ˆâ–ˆâ–       | 426/1988 [00:45<02:10, 11.99it/s]
 22%|â–ˆâ–ˆâ–       | 428/1988 [00:45<02:10, 11.98it/s]
 22%|â–ˆâ–ˆâ–       | 430/1988 [00:45<02:10, 11.98it/s]
 22%|â–ˆâ–ˆâ–       | 432/1988 [00:46<02:09, 11.98it/s]
 22%|â–ˆâ–ˆâ–       | 434/1988 [00:46<02:09, 11.99it/s]
 22%|â–ˆâ–ˆâ–       | 436/1988 [00:46<02:09, 11.99it/s]
 22%|â–ˆâ–ˆâ–       | 438/1988 [00:46<02:09, 11.99it/s]
 22%|â–ˆâ–ˆâ–       | 440/1988 [00:46<02:09, 11.99it/s]
 22%|â–ˆâ–ˆâ–       | 442/1988 [00:46<02:08, 11.99it/s]
 22%|â–ˆâ–ˆâ–       | 444/1988 [00:47<02:08, 11.99it/s]
 22%|â–ˆâ–ˆâ–       | 446/1988 [00:47<02:08, 12.00it/s]
 23%|â–ˆâ–ˆâ–Ž       | 448/1988 [00:47<02:08, 12.00it/s]
 23%|â–ˆâ–ˆâ–Ž       | 450/1988 [00:47<02:08, 11.99it/s]
 23%|â–ˆâ–ˆâ–Ž       | 452/1988 [00:47<02:08, 11.99it/s]
 23%|â–ˆâ–ˆâ–Ž       | 454/1988 [00:47<02:07, 11.99it/s]
 23%|â–ˆâ–ˆâ–Ž       | 456/1988 [00:48<02:07, 11.99it/s]
 23%|â–ˆâ–ˆâ–Ž       | 458/1988 [00:48<02:07, 11.99it/s]
 23%|â–ˆâ–ˆâ–Ž       | 460/1988 [00:48<02:07, 11.99it/s]
 23%|â–ˆâ–ˆâ–Ž       | 462/1988 [00:48<02:07, 11.99it/s]
 23%|â–ˆâ–ˆâ–Ž       | 464/1988 [00:48<02:07, 11.99it/s]
 23%|â–ˆâ–ˆâ–Ž       | 466/1988 [00:48<02:06, 11.99it/s]
 24%|â–ˆâ–ˆâ–Ž       | 468/1988 [00:49<02:06, 11.99it/s]
 24%|â–ˆâ–ˆâ–Ž       | 470/1988 [00:49<02:06, 11.98it/s]
 24%|â–ˆâ–ˆâ–Ž       | 472/1988 [00:49<02:06, 11.98it/s]
 24%|â–ˆâ–ˆâ–       | 474/1988 [00:49<02:06, 11.99it/s]
 24%|â–ˆâ–ˆâ–       | 476/1988 [00:49<02:06, 11.99it/s]
 24%|â–ˆâ–ˆâ–       | 478/1988 [00:49<02:05, 11.99it/s]
 24%|â–ˆâ–ˆâ–       | 480/1988 [00:50<02:05, 11.98it/s]
 24%|â–ˆâ–ˆâ–       | 482/1988 [00:50<02:05, 11.99it/s]
 24%|â–ˆâ–ˆâ–       | 484/1988 [00:50<02:05, 11.99it/s]
 24%|â–ˆâ–ˆâ–       | 486/1988 [00:50<02:05, 11.99it/s]
 25%|â–ˆâ–ˆâ–       | 488/1988 [00:50<02:05, 11.99it/s]
 25%|â–ˆâ–ˆâ–       | 490/1988 [00:50<02:04, 11.99it/s]
 25%|â–ˆâ–ˆâ–       | 492/1988 [00:51<02:04, 11.98it/s]
 25%|â–ˆâ–ˆâ–       | 494/1988 [00:51<02:04, 11.98it/s]
 25%|â–ˆâ–ˆâ–       | 496/1988 [00:51<02:04, 11.98it/s]
                                                  
{'loss': 0.985, 'grad_norm': 7.6618781089782715, 'learning_rate': 3.7500000000000003e-05, 'epoch': 1.0}

 25%|â–ˆâ–ˆâ–Œ       | 497/1988 [00:51<02:04, 11.98it/s]

  0%|          | 0/83 [00:00<?, ?it/s][A

  6%|â–Œ         | 5/83 [00:00<00:01, 42.10it/s][A

 12%|â–ˆâ–        | 10/83 [00:00<00:01, 36.94it/s][A

 17%|â–ˆâ–‹        | 14/83 [00:00<00:01, 35.71it/s][A

 22%|â–ˆâ–ˆâ–       | 18/83 [00:00<00:01, 35.08it/s][A

 27%|â–ˆâ–ˆâ–‹       | 22/83 [00:00<00:01, 34.71it/s][A

 31%|â–ˆâ–ˆâ–ˆâ–      | 26/83 [00:00<00:01, 34.49it/s][A

 36%|â–ˆâ–ˆâ–ˆâ–Œ      | 30/83 [00:00<00:01, 34.35it/s][A

 41%|â–ˆâ–ˆâ–ˆâ–ˆ      | 34/83 [00:00<00:01, 34.25it/s][A

 46%|â–ˆâ–ˆâ–ˆâ–ˆâ–Œ     | 38/83 [00:01<00:01, 34.18it/s][A

 51%|â–ˆâ–ˆâ–ˆâ–ˆâ–ˆ     | 42/83 [00:01<00:01, 34.17it/s][A

 55%|â–ˆâ–ˆâ–ˆâ–ˆâ–ˆâ–Œ    | 46/83 [00:01<00:01, 34.17it/s][A

 60%|â–ˆâ–ˆâ–ˆâ–ˆâ–ˆâ–ˆ    | 50/83 [00:01<00:00, 34.18it/s][A

 65%|â–ˆâ–ˆâ–ˆâ–ˆâ–ˆâ–ˆâ–Œ   | 54/83 [00:01<00:00, 34.17it/s][A

 70%|â–ˆâ–ˆâ–ˆâ–ˆâ–ˆâ–ˆâ–‰   | 58/83 [00:01<00:00, 34.18it/s][A

 75%|â–ˆâ–ˆâ–ˆâ–ˆâ–ˆâ–ˆâ–ˆâ–  | 62/83 [00:01<00:00, 34.17it/s][A

 80%|â–ˆâ–ˆâ–ˆâ–ˆâ–ˆâ–ˆâ–ˆâ–‰  | 66/83 [00:01<00:00, 34.16it/s][A

 84%|â–ˆâ–ˆâ–ˆâ–ˆâ–ˆâ–ˆâ–ˆâ–ˆâ– | 70/83 [00:02<00:00, 34.15it/s][A

 89%|â–ˆâ–ˆâ–ˆâ–ˆâ–ˆâ–ˆâ–ˆâ–ˆâ–‰ | 74/83 [00:02<00:00, 34.15it/s][A

 94%|â–ˆâ–ˆâ–ˆâ–ˆâ–ˆâ–ˆâ–ˆâ–ˆâ–ˆâ–| 78/83 [00:02<00:00, 34.14it/s][A

 99%|â–ˆâ–ˆâ–ˆâ–ˆâ–ˆâ–ˆâ–ˆâ–ˆâ–ˆâ–‰| 82/83 [00:02<00:00, 34.25it/s][A
                                                  

                                               
[A{'eval_loss': 0.8280705213546753, 'eval_accuracy': 0.6202723146747352, 'eval_precision': 0.6283706959889293, 'eval_recall': 0.6202723146747352, 'eval_f1': 0.6236072426216743, 'eval_runtime': 2.5003, 'eval_samples_per_second': 264.371, 'eval_steps_per_second': 33.196, 'epoch': 1.0}

 25%|â–ˆâ–ˆâ–Œ       | 497/1988 [00:54<02:04, 11.98it/s]

100%|â–ˆâ–ˆâ–ˆâ–ˆâ–ˆâ–ˆâ–ˆâ–ˆâ–ˆâ–ˆ| 83/83 [00:02<00:00, 34.25it/s][A

                                               [A
 25%|â–ˆâ–ˆâ–Œ       | 498/1988 [00:54<11:37,  2.14it/s]
 25%|â–ˆâ–ˆâ–Œ       | 500/1988 [00:54<08:44,  2.84it/s]
 25%|â–ˆâ–ˆâ–Œ       | 502/1988 [00:54<06:44,  3.68it/s]
 25%|â–ˆâ–ˆâ–Œ       | 504/1988 [00:54<05:19,  4.64it/s]
 25%|â–ˆâ–ˆâ–Œ       | 506/1988 [00:54<04:20,  5.68it/s]
 26%|â–ˆâ–ˆâ–Œ       | 508/1988 [00:54<03:39,  6.74it/s]
 26%|â–ˆâ–ˆâ–Œ       | 510/1988 [00:55<03:10,  7.75it/s]
 26%|â–ˆâ–ˆâ–Œ       | 512/1988 [00:55<02:50,  8.66it/s]
 26%|â–ˆâ–ˆâ–Œ       | 514/1988 [00:55<02:36,  9.44it/s]
 26%|â–ˆâ–ˆâ–Œ       | 516/1988 [00:55<02:26, 10.07it/s]
 26%|â–ˆâ–ˆâ–Œ       | 518/1988 [00:55<02:19, 10.56it/s]
 26%|â–ˆâ–ˆâ–Œ       | 520/1988 [00:55<02:14, 10.94it/s]
 26%|â–ˆâ–ˆâ–‹       | 522/1988 [00:56<02:10, 11.22it/s]
 26%|â–ˆâ–ˆâ–‹       | 524/1988 [00:56<02:08, 11.42it/s]
 26%|â–ˆâ–ˆâ–‹       | 526/1988 [00:56<02:06, 11.57it/s]
 27%|â–ˆâ–ˆâ–‹       | 528/1988 [00:56<02:05, 11.68it/s]
 27%|â–ˆâ–ˆâ–‹       | 530/1988 [00:56<02:04, 11.75it/s]
 27%|â–ˆâ–ˆâ–‹       | 532/1988 [00:56<02:03, 11.80it/s]
 27%|â–ˆâ–ˆâ–‹       | 534/1988 [00:57<02:02, 11.83it/s]
 27%|â–ˆâ–ˆâ–‹       | 536/1988 [00:57<02:02, 11.86it/s]
 27%|â–ˆâ–ˆâ–‹       | 538/1988 [00:57<02:02, 11.88it/s]
 27%|â–ˆâ–ˆâ–‹       | 540/1988 [00:57<02:01, 11.89it/s]
 27%|â–ˆâ–ˆâ–‹       | 542/1988 [00:57<02:01, 11.90it/s]
 27%|â–ˆâ–ˆâ–‹       | 544/1988 [00:57<02:01, 11.91it/s]
 27%|â–ˆâ–ˆâ–‹       | 546/1988 [00:58<02:01, 11.91it/s]
 28%|â–ˆâ–ˆâ–Š       | 548/1988 [00:58<02:00, 11.91it/s]
 28%|â–ˆâ–ˆâ–Š       | 550/1988 [00:58<02:00, 11.92it/s]
 28%|â–ˆâ–ˆâ–Š       | 552/1988 [00:58<02:00, 11.92it/s]
 28%|â–ˆâ–ˆâ–Š       | 554/1988 [00:58<02:00, 11.92it/s]
 28%|â–ˆâ–ˆâ–Š       | 556/1988 [00:58<02:00, 11.92it/s]
 28%|â–ˆâ–ˆâ–Š       | 558/1988 [00:59<01:59, 11.92it/s]
 28%|â–ˆâ–ˆâ–Š       | 560/1988 [00:59<01:59, 11.92it/s]
 28%|â–ˆâ–ˆâ–Š       | 562/1988 [00:59<01:59, 11.93it/s]
 28%|â–ˆâ–ˆâ–Š       | 564/1988 [00:59<01:59, 11.93it/s]
 28%|â–ˆâ–ˆâ–Š       | 566/1988 [00:59<01:59, 11.93it/s]
 29%|â–ˆâ–ˆâ–Š       | 568/1988 [00:59<01:59, 11.93it/s]
 29%|â–ˆâ–ˆâ–Š       | 570/1988 [01:00<01:58, 11.93it/s]
 29%|â–ˆâ–ˆâ–‰       | 572/1988 [01:00<01:58, 11.92it/s]
 29%|â–ˆâ–ˆâ–‰       | 574/1988 [01:00<01:58, 11.92it/s]
 29%|â–ˆâ–ˆâ–‰       | 576/1988 [01:00<01:58, 11.93it/s]
 29%|â–ˆâ–ˆâ–‰       | 578/1988 [01:00<01:58, 11.92it/s]
 29%|â–ˆâ–ˆâ–‰       | 580/1988 [01:00<01:58, 11.92it/s]
 29%|â–ˆâ–ˆâ–‰       | 582/1988 [01:01<01:57, 11.92it/s]
 29%|â–ˆâ–ˆâ–‰       | 584/1988 [01:01<01:57, 11.92it/s]
 29%|â–ˆâ–ˆâ–‰       | 586/1988 [01:01<01:57, 11.92it/s]
 30%|â–ˆâ–ˆâ–‰       | 588/1988 [01:01<01:57, 11.92it/s]
 30%|â–ˆâ–ˆâ–‰       | 590/1988 [01:01<01:57, 11.93it/s]
 30%|â–ˆâ–ˆâ–‰       | 592/1988 [01:01<01:57, 11.93it/s]
 30%|â–ˆâ–ˆâ–‰       | 594/1988 [01:02<01:56, 11.92it/s]
 30%|â–ˆâ–ˆâ–‰       | 596/1988 [01:02<01:56, 11.92it/s]
 30%|â–ˆâ–ˆâ–ˆ       | 598/1988 [01:02<01:56, 11.92it/s]
 30%|â–ˆâ–ˆâ–ˆ       | 600/1988 [01:02<01:56, 11.92it/s]
 30%|â–ˆâ–ˆâ–ˆ       | 602/1988 [01:02<01:56, 11.92it/s]
 30%|â–ˆâ–ˆâ–ˆ       | 604/1988 [01:02<01:56, 11.92it/s]
 30%|â–ˆâ–ˆâ–ˆ       | 606/1988 [01:03<01:55, 11.92it/s]
 31%|â–ˆâ–ˆâ–ˆ       | 608/1988 [01:03<01:55, 11.92it/s]
 31%|â–ˆâ–ˆâ–ˆ       | 610/1988 [01:03<01:55, 11.92it/s]
 31%|â–ˆâ–ˆâ–ˆ       | 612/1988 [01:03<01:55, 11.92it/s]
 31%|â–ˆâ–ˆâ–ˆ       | 614/1988 [01:03<01:55, 11.92it/s]
 31%|â–ˆâ–ˆâ–ˆ       | 616/1988 [01:03<01:55, 11.92it/s]
 31%|â–ˆâ–ˆâ–ˆ       | 618/1988 [01:04<01:54, 11.92it/s]
 31%|â–ˆâ–ˆâ–ˆ       | 620/1988 [01:04<01:54, 11.93it/s]
 31%|â–ˆâ–ˆâ–ˆâ–      | 622/1988 [01:04<01:54, 11.92it/s]
 31%|â–ˆâ–ˆâ–ˆâ–      | 624/1988 [01:04<01:54, 11.93it/s]
 31%|â–ˆâ–ˆâ–ˆâ–      | 626/1988 [01:04<01:54, 11.92it/s]
 32%|â–ˆâ–ˆâ–ˆâ–      | 628/1988 [01:05<01:54, 11.93it/s]
 32%|â–ˆâ–ˆâ–ˆâ–      | 630/1988 [01:05<01:53, 11.93it/s]
 32%|â–ˆâ–ˆâ–ˆâ–      | 632/1988 [01:05<01:53, 11.93it/s]
 32%|â–ˆâ–ˆâ–ˆâ–      | 634/1988 [01:05<01:53, 11.92it/s]
 32%|â–ˆâ–ˆâ–ˆâ–      | 636/1988 [01:05<01:53, 11.92it/s]
 32%|â–ˆâ–ˆâ–ˆâ–      | 638/1988 [01:05<01:53, 11.93it/s]
 32%|â–ˆâ–ˆâ–ˆâ–      | 640/1988 [01:06<01:53, 11.93it/s]
 32%|â–ˆâ–ˆâ–ˆâ–      | 642/1988 [01:06<01:52, 11.92it/s]
 32%|â–ˆâ–ˆâ–ˆâ–      | 644/1988 [01:06<01:52, 11.93it/s]
 32%|â–ˆâ–ˆâ–ˆâ–      | 646/1988 [01:06<01:52, 11.92it/s]
 33%|â–ˆâ–ˆâ–ˆâ–Ž      | 648/1988 [01:06<01:52, 11.93it/s]
 33%|â–ˆâ–ˆâ–ˆâ–Ž      | 650/1988 [01:06<01:52, 11.93it/s]
 33%|â–ˆâ–ˆâ–ˆâ–Ž      | 652/1988 [01:07<01:52, 11.93it/s]
 33%|â–ˆâ–ˆâ–ˆâ–Ž      | 654/1988 [01:07<01:51, 11.93it/s]
 33%|â–ˆâ–ˆâ–ˆâ–Ž      | 656/1988 [01:07<01:51, 11.92it/s]
 33%|â–ˆâ–ˆâ–ˆâ–Ž      | 658/1988 [01:07<01:51, 11.93it/s]
 33%|â–ˆâ–ˆâ–ˆâ–Ž      | 660/1988 [01:07<01:51, 11.93it/s]
 33%|â–ˆâ–ˆâ–ˆâ–Ž      | 662/1988 [01:07<01:51, 11.93it/s]
 33%|â–ˆâ–ˆâ–ˆâ–Ž      | 664/1988 [01:08<01:51, 11.92it/s]
 34%|â–ˆâ–ˆâ–ˆâ–Ž      | 666/1988 [01:08<01:50, 11.92it/s]
 34%|â–ˆâ–ˆâ–ˆâ–Ž      | 668/1988 [01:08<01:50, 11.92it/s]
 34%|â–ˆâ–ˆâ–ˆâ–Ž      | 670/1988 [01:08<01:50, 11.92it/s]
 34%|â–ˆâ–ˆâ–ˆâ–      | 672/1988 [01:08<01:50, 11.92it/s]
 34%|â–ˆâ–ˆâ–ˆâ–      | 674/1988 [01:08<01:50, 11.93it/s]
 34%|â–ˆâ–ˆâ–ˆâ–      | 676/1988 [01:09<01:50, 11.93it/s]
 34%|â–ˆâ–ˆâ–ˆâ–      | 678/1988 [01:09<01:49, 11.93it/s]
 34%|â–ˆâ–ˆâ–ˆâ–      | 680/1988 [01:09<01:49, 11.93it/s]
 34%|â–ˆâ–ˆâ–ˆâ–      | 682/1988 [01:09<01:49, 11.93it/s]
 34%|â–ˆâ–ˆâ–ˆâ–      | 684/1988 [01:09<01:49, 11.93it/s]
 35%|â–ˆâ–ˆâ–ˆâ–      | 686/1988 [01:09<01:49, 11.93it/s]
 35%|â–ˆâ–ˆâ–ˆâ–      | 688/1988 [01:10<01:49, 11.92it/s]
 35%|â–ˆâ–ˆâ–ˆâ–      | 690/1988 [01:10<01:48, 11.92it/s]
 35%|â–ˆâ–ˆâ–ˆâ–      | 692/1988 [01:10<01:48, 11.92it/s]
 35%|â–ˆâ–ˆâ–ˆâ–      | 694/1988 [01:10<01:48, 11.93it/s]
 35%|â–ˆâ–ˆâ–ˆâ–Œ      | 696/1988 [01:10<01:48, 11.92it/s]
 35%|â–ˆâ–ˆâ–ˆâ–Œ      | 698/1988 [01:10<01:48, 11.93it/s]
 35%|â–ˆâ–ˆâ–ˆâ–Œ      | 700/1988 [01:11<01:47, 11.93it/s]
 35%|â–ˆâ–ˆâ–ˆâ–Œ      | 702/1988 [01:11<01:47, 11.93it/s]
 35%|â–ˆâ–ˆâ–ˆâ–Œ      | 704/1988 [01:11<01:47, 11.93it/s]
 36%|â–ˆâ–ˆâ–ˆâ–Œ      | 706/1988 [01:11<01:47, 11.92it/s]
 36%|â–ˆâ–ˆâ–ˆâ–Œ      | 708/1988 [01:11<01:47, 11.92it/s]
 36%|â–ˆâ–ˆâ–ˆâ–Œ      | 710/1988 [01:11<01:47, 11.92it/s]
 36%|â–ˆâ–ˆâ–ˆâ–Œ      | 712/1988 [01:12<01:47, 11.92it/s]
 36%|â–ˆâ–ˆâ–ˆâ–Œ      | 714/1988 [01:12<01:46, 11.92it/s]
 36%|â–ˆâ–ˆâ–ˆâ–Œ      | 716/1988 [01:12<01:46, 11.92it/s]
 36%|â–ˆâ–ˆâ–ˆâ–Œ      | 718/1988 [01:12<01:46, 11.92it/s]
 36%|â–ˆâ–ˆâ–ˆâ–Œ      | 720/1988 [01:12<01:46, 11.92it/s]
 36%|â–ˆâ–ˆâ–ˆâ–‹      | 722/1988 [01:12<01:46, 11.92it/s]
 36%|â–ˆâ–ˆâ–ˆâ–‹      | 724/1988 [01:13<01:46, 11.92it/s]
 37%|â–ˆâ–ˆâ–ˆâ–‹      | 726/1988 [01:13<01:45, 11.92it/s]
 37%|â–ˆâ–ˆâ–ˆâ–‹      | 728/1988 [01:13<01:45, 11.92it/s]
 37%|â–ˆâ–ˆâ–ˆâ–‹      | 730/1988 [01:13<01:45, 11.92it/s]
 37%|â–ˆâ–ˆâ–ˆâ–‹      | 732/1988 [01:13<01:45, 11.92it/s]
 37%|â–ˆâ–ˆâ–ˆâ–‹      | 734/1988 [01:13<01:45, 11.92it/s]
 37%|â–ˆâ–ˆâ–ˆâ–‹      | 736/1988 [01:14<01:44, 11.93it/s]
 37%|â–ˆâ–ˆâ–ˆâ–‹      | 738/1988 [01:14<01:44, 11.93it/s]
 37%|â–ˆâ–ˆâ–ˆâ–‹      | 740/1988 [01:14<01:44, 11.93it/s]
 37%|â–ˆâ–ˆâ–ˆâ–‹      | 742/1988 [01:14<01:44, 11.93it/s]
 37%|â–ˆâ–ˆâ–ˆâ–‹      | 744/1988 [01:14<01:44, 11.93it/s]
 38%|â–ˆâ–ˆâ–ˆâ–Š      | 746/1988 [01:14<01:44, 11.93it/s]
 38%|â–ˆâ–ˆâ–ˆâ–Š      | 748/1988 [01:15<01:43, 11.93it/s]
 38%|â–ˆâ–ˆâ–ˆâ–Š      | 750/1988 [01:15<01:43, 11.93it/s]
 38%|â–ˆâ–ˆâ–ˆâ–Š      | 752/1988 [01:15<01:43, 11.93it/s]
 38%|â–ˆâ–ˆâ–ˆâ–Š      | 754/1988 [01:15<01:43, 11.93it/s]
 38%|â–ˆâ–ˆâ–ˆâ–Š      | 756/1988 [01:15<01:43, 11.93it/s]
 38%|â–ˆâ–ˆâ–ˆâ–Š      | 758/1988 [01:15<01:43, 11.93it/s]
 38%|â–ˆâ–ˆâ–ˆâ–Š      | 760/1988 [01:16<01:42, 11.93it/s]
 38%|â–ˆâ–ˆâ–ˆâ–Š      | 762/1988 [01:16<01:42, 11.93it/s]
 38%|â–ˆâ–ˆâ–ˆâ–Š      | 764/1988 [01:16<01:42, 11.93it/s]
 39%|â–ˆâ–ˆâ–ˆâ–Š      | 766/1988 [01:16<01:42, 11.92it/s]
 39%|â–ˆâ–ˆâ–ˆâ–Š      | 768/1988 [01:16<01:42, 11.92it/s]
 39%|â–ˆâ–ˆâ–ˆâ–Š      | 770/1988 [01:16<01:42, 11.92it/s]
 39%|â–ˆâ–ˆâ–ˆâ–‰      | 772/1988 [01:17<01:41, 11.92it/s]
 39%|â–ˆâ–ˆâ–ˆâ–‰      | 774/1988 [01:17<01:41, 11.92it/s]
 39%|â–ˆâ–ˆâ–ˆâ–‰      | 776/1988 [01:17<01:41, 11.92it/s]
 39%|â–ˆâ–ˆâ–ˆâ–‰      | 778/1988 [01:17<01:41, 11.93it/s]
 39%|â–ˆâ–ˆâ–ˆâ–‰      | 780/1988 [01:17<01:41, 11.92it/s]
 39%|â–ˆâ–ˆâ–ˆâ–‰      | 782/1988 [01:17<01:41, 11.92it/s]
 39%|â–ˆâ–ˆâ–ˆâ–‰      | 784/1988 [01:18<01:40, 11.92it/s]
 40%|â–ˆâ–ˆâ–ˆâ–‰      | 786/1988 [01:18<01:40, 11.92it/s]
 40%|â–ˆâ–ˆâ–ˆâ–‰      | 788/1988 [01:18<01:40, 11.91it/s]
 40%|â–ˆâ–ˆâ–ˆâ–‰      | 790/1988 [01:18<01:40, 11.92it/s]
 40%|â–ˆâ–ˆâ–ˆâ–‰      | 792/1988 [01:18<01:40, 11.92it/s]
 40%|â–ˆâ–ˆâ–ˆâ–‰      | 794/1988 [01:18<01:40, 11.92it/s]
 40%|â–ˆâ–ˆâ–ˆâ–ˆ      | 796/1988 [01:19<01:40, 11.92it/s]
 40%|â–ˆâ–ˆâ–ˆâ–ˆ      | 798/1988 [01:19<01:39, 11.92it/s]
 40%|â–ˆâ–ˆâ–ˆâ–ˆ      | 800/1988 [01:19<01:39, 11.92it/s]
 40%|â–ˆâ–ˆâ–ˆâ–ˆ      | 802/1988 [01:19<01:39, 11.92it/s]
 40%|â–ˆâ–ˆâ–ˆâ–ˆ      | 804/1988 [01:19<01:39, 11.92it/s]
 41%|â–ˆâ–ˆâ–ˆâ–ˆ      | 806/1988 [01:19<01:39, 11.92it/s]
 41%|â–ˆâ–ˆâ–ˆâ–ˆ      | 808/1988 [01:20<01:38, 11.92it/s]
 41%|â–ˆâ–ˆâ–ˆâ–ˆ      | 810/1988 [01:20<01:38, 11.91it/s]
 41%|â–ˆâ–ˆâ–ˆâ–ˆ      | 812/1988 [01:20<01:38, 11.92it/s]
 41%|â–ˆâ–ˆâ–ˆâ–ˆ      | 814/1988 [01:20<01:38, 11.92it/s]
 41%|â–ˆâ–ˆâ–ˆâ–ˆ      | 816/1988 [01:20<01:38, 11.92it/s]
 41%|â–ˆâ–ˆâ–ˆâ–ˆ      | 818/1988 [01:20<01:38, 11.93it/s]
 41%|â–ˆâ–ˆâ–ˆâ–ˆ      | 820/1988 [01:21<01:37, 11.92it/s]
 41%|â–ˆâ–ˆâ–ˆâ–ˆâ–     | 822/1988 [01:21<01:37, 11.92it/s]
 41%|â–ˆâ–ˆâ–ˆâ–ˆâ–     | 824/1988 [01:21<01:37, 11.93it/s]
 42%|â–ˆâ–ˆâ–ˆâ–ˆâ–     | 826/1988 [01:21<01:37, 11.93it/s]
 42%|â–ˆâ–ˆâ–ˆâ–ˆâ–     | 828/1988 [01:21<01:37, 11.93it/s]
 42%|â–ˆâ–ˆâ–ˆâ–ˆâ–     | 830/1988 [01:21<01:37, 11.92it/s]
 42%|â–ˆâ–ˆâ–ˆâ–ˆâ–     | 832/1988 [01:22<01:36, 11.92it/s]
 42%|â–ˆâ–ˆâ–ˆâ–ˆâ–     | 834/1988 [01:22<01:36, 11.92it/s]
 42%|â–ˆâ–ˆâ–ˆâ–ˆâ–     | 836/1988 [01:22<01:36, 11.92it/s]
 42%|â–ˆâ–ˆâ–ˆâ–ˆâ–     | 838/1988 [01:22<01:36, 11.92it/s]
 42%|â–ˆâ–ˆâ–ˆâ–ˆâ–     | 840/1988 [01:22<01:36, 11.92it/s]
 42%|â–ˆâ–ˆâ–ˆâ–ˆâ–     | 842/1988 [01:22<01:36, 11.92it/s]
 42%|â–ˆâ–ˆâ–ˆâ–ˆâ–     | 844/1988 [01:23<01:36, 11.91it/s]
 43%|â–ˆâ–ˆâ–ˆâ–ˆâ–Ž     | 846/1988 [01:23<01:35, 11.91it/s]
 43%|â–ˆâ–ˆâ–ˆâ–ˆâ–Ž     | 848/1988 [01:23<01:35, 11.92it/s]
 43%|â–ˆâ–ˆâ–ˆâ–ˆâ–Ž     | 850/1988 [01:23<01:35, 11.91it/s]
 43%|â–ˆâ–ˆâ–ˆâ–ˆâ–Ž     | 852/1988 [01:23<01:35, 11.92it/s]
 43%|â–ˆâ–ˆâ–ˆâ–ˆâ–Ž     | 854/1988 [01:23<01:35, 11.92it/s]
 43%|â–ˆâ–ˆâ–ˆâ–ˆâ–Ž     | 856/1988 [01:24<01:34, 11.92it/s]
 43%|â–ˆâ–ˆâ–ˆâ–ˆâ–Ž     | 858/1988 [01:24<01:34, 11.92it/s]
 43%|â–ˆâ–ˆâ–ˆâ–ˆâ–Ž     | 860/1988 [01:24<01:34, 11.92it/s]
 43%|â–ˆâ–ˆâ–ˆâ–ˆâ–Ž     | 862/1988 [01:24<01:34, 11.92it/s]
 43%|â–ˆâ–ˆâ–ˆâ–ˆâ–Ž     | 864/1988 [01:24<01:34, 11.92it/s]
 44%|â–ˆâ–ˆâ–ˆâ–ˆâ–Ž     | 866/1988 [01:24<01:34, 11.93it/s]
 44%|â–ˆâ–ˆâ–ˆâ–ˆâ–Ž     | 868/1988 [01:25<01:33, 11.93it/s]
 44%|â–ˆâ–ˆâ–ˆâ–ˆâ–     | 870/1988 [01:25<01:33, 11.93it/s]
 44%|â–ˆâ–ˆâ–ˆâ–ˆâ–     | 872/1988 [01:25<01:33, 11.93it/s]
 44%|â–ˆâ–ˆâ–ˆâ–ˆâ–     | 874/1988 [01:25<01:33, 11.92it/s]
 44%|â–ˆâ–ˆâ–ˆâ–ˆâ–     | 876/1988 [01:25<01:33, 11.92it/s]
 44%|â–ˆâ–ˆâ–ˆâ–ˆâ–     | 878/1988 [01:25<01:33, 11.92it/s]
 44%|â–ˆâ–ˆâ–ˆâ–ˆâ–     | 880/1988 [01:26<01:32, 11.92it/s]
 44%|â–ˆâ–ˆâ–ˆâ–ˆâ–     | 882/1988 [01:26<01:32, 11.93it/s]
 44%|â–ˆâ–ˆâ–ˆâ–ˆâ–     | 884/1988 [01:26<01:32, 11.93it/s]
 45%|â–ˆâ–ˆâ–ˆâ–ˆâ–     | 886/1988 [01:26<01:32, 11.92it/s]
 45%|â–ˆâ–ˆâ–ˆâ–ˆâ–     | 888/1988 [01:26<01:32, 11.92it/s]
 45%|â–ˆâ–ˆâ–ˆâ–ˆâ–     | 890/1988 [01:26<01:32, 11.92it/s]
 45%|â–ˆâ–ˆâ–ˆâ–ˆâ–     | 892/1988 [01:27<01:31, 11.92it/s]
 45%|â–ˆâ–ˆâ–ˆâ–ˆâ–     | 894/1988 [01:27<01:31, 11.92it/s]
 45%|â–ˆâ–ˆâ–ˆâ–ˆâ–Œ     | 896/1988 [01:27<01:31, 11.92it/s]
 45%|â–ˆâ–ˆâ–ˆâ–ˆâ–Œ     | 898/1988 [01:27<01:31, 11.92it/s]
 45%|â–ˆâ–ˆâ–ˆâ–ˆâ–Œ     | 900/1988 [01:27<01:31, 11.92it/s]
 45%|â–ˆâ–ˆâ–ˆâ–ˆâ–Œ     | 902/1988 [01:27<01:31, 11.92it/s]
 45%|â–ˆâ–ˆâ–ˆâ–ˆâ–Œ     | 904/1988 [01:28<01:30, 11.92it/s]
 46%|â–ˆâ–ˆâ–ˆâ–ˆâ–Œ     | 906/1988 [01:28<01:30, 11.92it/s]
 46%|â–ˆâ–ˆâ–ˆâ–ˆâ–Œ     | 908/1988 [01:28<01:30, 11.92it/s]
 46%|â–ˆâ–ˆâ–ˆâ–ˆâ–Œ     | 910/1988 [01:28<01:30, 11.92it/s]
 46%|â–ˆâ–ˆâ–ˆâ–ˆâ–Œ     | 912/1988 [01:28<01:30, 11.92it/s]
 46%|â–ˆâ–ˆâ–ˆâ–ˆâ–Œ     | 914/1988 [01:28<01:30, 11.92it/s]
 46%|â–ˆâ–ˆâ–ˆâ–ˆâ–Œ     | 916/1988 [01:29<01:29, 11.92it/s]
 46%|â–ˆâ–ˆâ–ˆâ–ˆâ–Œ     | 918/1988 [01:29<01:29, 11.92it/s]
 46%|â–ˆâ–ˆâ–ˆâ–ˆâ–‹     | 920/1988 [01:29<01:29, 11.92it/s]
 46%|â–ˆâ–ˆâ–ˆâ–ˆâ–‹     | 922/1988 [01:29<01:29, 11.92it/s]
 46%|â–ˆâ–ˆâ–ˆâ–ˆâ–‹     | 924/1988 [01:29<01:29, 11.92it/s]
 47%|â–ˆâ–ˆâ–ˆâ–ˆâ–‹     | 926/1988 [01:29<01:29, 11.92it/s]
 47%|â–ˆâ–ˆâ–ˆâ–ˆâ–‹     | 928/1988 [01:30<01:28, 11.92it/s]
 47%|â–ˆâ–ˆâ–ˆâ–ˆâ–‹     | 930/1988 [01:30<01:28, 11.92it/s]
 47%|â–ˆâ–ˆâ–ˆâ–ˆâ–‹     | 932/1988 [01:30<01:28, 11.92it/s]
 47%|â–ˆâ–ˆâ–ˆâ–ˆâ–‹     | 934/1988 [01:30<01:28, 11.92it/s]
 47%|â–ˆâ–ˆâ–ˆâ–ˆâ–‹     | 936/1988 [01:30<01:28, 11.92it/s]
 47%|â–ˆâ–ˆâ–ˆâ–ˆâ–‹     | 938/1988 [01:31<01:28, 11.92it/s]
 47%|â–ˆâ–ˆâ–ˆâ–ˆâ–‹     | 940/1988 [01:31<01:27, 11.92it/s]
 47%|â–ˆâ–ˆâ–ˆâ–ˆâ–‹     | 942/1988 [01:31<01:27, 11.92it/s]
 47%|â–ˆâ–ˆâ–ˆâ–ˆâ–‹     | 944/1988 [01:31<01:27, 11.93it/s]
 48%|â–ˆâ–ˆâ–ˆâ–ˆâ–Š     | 946/1988 [01:31<01:27, 11.93it/s]
 48%|â–ˆâ–ˆâ–ˆâ–ˆâ–Š     | 948/1988 [01:31<01:27, 11.93it/s]
 48%|â–ˆâ–ˆâ–ˆâ–ˆâ–Š     | 950/1988 [01:32<01:27, 11.92it/s]
 48%|â–ˆâ–ˆâ–ˆâ–ˆâ–Š     | 952/1988 [01:32<01:26, 11.92it/s]
 48%|â–ˆâ–ˆâ–ˆâ–ˆâ–Š     | 954/1988 [01:32<01:26, 11.92it/s]
 48%|â–ˆâ–ˆâ–ˆâ–ˆâ–Š     | 956/1988 [01:32<01:26, 11.92it/s]
 48%|â–ˆâ–ˆâ–ˆâ–ˆâ–Š     | 958/1988 [01:32<01:26, 11.92it/s]
 48%|â–ˆâ–ˆâ–ˆâ–ˆâ–Š     | 960/1988 [01:32<01:26, 11.92it/s]
 48%|â–ˆâ–ˆâ–ˆâ–ˆâ–Š     | 962/1988 [01:33<01:26, 11.92it/s]
 48%|â–ˆâ–ˆâ–ˆâ–ˆâ–Š     | 964/1988 [01:33<01:25, 11.92it/s]
 49%|â–ˆâ–ˆâ–ˆâ–ˆâ–Š     | 966/1988 [01:33<01:25, 11.92it/s]
 49%|â–ˆâ–ˆâ–ˆâ–ˆâ–Š     | 968/1988 [01:33<01:25, 11.92it/s]
 49%|â–ˆâ–ˆâ–ˆâ–ˆâ–‰     | 970/1988 [01:33<01:25, 11.92it/s]
 49%|â–ˆâ–ˆâ–ˆâ–ˆâ–‰     | 972/1988 [01:33<01:25, 11.92it/s]
 49%|â–ˆâ–ˆâ–ˆâ–ˆâ–‰     | 974/1988 [01:34<01:25, 11.92it/s]
 49%|â–ˆâ–ˆâ–ˆâ–ˆâ–‰     | 976/1988 [01:34<01:24, 11.93it/s]
 49%|â–ˆâ–ˆâ–ˆâ–ˆâ–‰     | 978/1988 [01:34<01:24, 11.92it/s]
 49%|â–ˆâ–ˆâ–ˆâ–ˆâ–‰     | 980/1988 [01:34<01:24, 11.92it/s]
 49%|â–ˆâ–ˆâ–ˆâ–ˆâ–‰     | 982/1988 [01:34<01:24, 11.92it/s]
 49%|â–ˆâ–ˆâ–ˆâ–ˆâ–‰     | 984/1988 [01:34<01:24, 11.93it/s]
 50%|â–ˆâ–ˆâ–ˆâ–ˆâ–‰     | 986/1988 [01:35<01:23, 11.93it/s]
 50%|â–ˆâ–ˆâ–ˆâ–ˆâ–‰     | 988/1988 [01:35<01:23, 11.93it/s]
 50%|â–ˆâ–ˆâ–ˆâ–ˆâ–‰     | 990/1988 [01:35<01:23, 11.93it/s]
 50%|â–ˆâ–ˆâ–ˆâ–ˆâ–‰     | 992/1988 [01:35<01:23, 11.92it/s]
 50%|â–ˆâ–ˆâ–ˆâ–ˆâ–ˆ     | 994/1988 [01:35<01:22, 12.00it/s]
                                                  
{'loss': 0.7749, 'grad_norm': 5.843018054962158, 'learning_rate': 2.5e-05, 'epoch': 2.0}

 50%|â–ˆâ–ˆâ–ˆâ–ˆâ–ˆ     | 994/1988 [01:35<01:22, 12.00it/s]

  0%|          | 0/83 [00:00<?, ?it/s][A

  6%|â–Œ         | 5/83 [00:00<00:01, 42.66it/s][A

 12%|â–ˆâ–        | 10/83 [00:00<00:01, 37.17it/s][A

 17%|â–ˆâ–‹        | 14/83 [00:00<00:01, 35.86it/s][A

 22%|â–ˆâ–ˆâ–       | 18/83 [00:00<00:01, 35.18it/s][A

 27%|â–ˆâ–ˆâ–‹       | 22/83 [00:00<00:01, 34.80it/s][A

 31%|â–ˆâ–ˆâ–ˆâ–      | 26/83 [00:00<00:01, 34.56it/s][A

 36%|â–ˆâ–ˆâ–ˆâ–Œ      | 30/83 [00:00<00:01, 34.41it/s][A

 41%|â–ˆâ–ˆâ–ˆâ–ˆ      | 34/83 [00:00<00:01, 34.30it/s][A

 46%|â–ˆâ–ˆâ–ˆâ–ˆâ–Œ     | 38/83 [00:01<00:01, 34.24it/s][A

 51%|â–ˆâ–ˆâ–ˆâ–ˆâ–ˆ     | 42/83 [00:01<00:01, 34.18it/s][A

 55%|â–ˆâ–ˆâ–ˆâ–ˆâ–ˆâ–Œ    | 46/83 [00:01<00:01, 34.15it/s][A

 60%|â–ˆâ–ˆâ–ˆâ–ˆâ–ˆâ–ˆ    | 50/83 [00:01<00:00, 34.11it/s][A

 65%|â–ˆâ–ˆâ–ˆâ–ˆâ–ˆâ–ˆâ–Œ   | 54/83 [00:01<00:00, 34.10it/s][A

 70%|â–ˆâ–ˆâ–ˆâ–ˆâ–ˆâ–ˆâ–‰   | 58/83 [00:01<00:00, 34.09it/s][A

 75%|â–ˆâ–ˆâ–ˆâ–ˆâ–ˆâ–ˆâ–ˆâ–  | 62/83 [00:01<00:00, 34.09it/s][A

 80%|â–ˆâ–ˆâ–ˆâ–ˆâ–ˆâ–ˆâ–ˆâ–‰  | 66/83 [00:01<00:00, 34.08it/s][A

 84%|â–ˆâ–ˆâ–ˆâ–ˆâ–ˆâ–ˆâ–ˆâ–ˆâ– | 70/83 [00:02<00:00, 34.07it/s][A

 89%|â–ˆâ–ˆâ–ˆâ–ˆâ–ˆâ–ˆâ–ˆâ–ˆâ–‰ | 74/83 [00:02<00:00, 34.06it/s][A

 94%|â–ˆâ–ˆâ–ˆâ–ˆâ–ˆâ–ˆâ–ˆâ–ˆâ–ˆâ–| 78/83 [00:02<00:00, 34.06it/s][A

 99%|â–ˆâ–ˆâ–ˆâ–ˆâ–ˆâ–ˆâ–ˆâ–ˆâ–ˆâ–‰| 82/83 [00:02<00:00, 34.20it/s][A
                                                  

                                               
[A{'eval_loss': 0.7661173939704895, 'eval_accuracy': 0.6127080181543116, 'eval_precision': 0.6632688297459436, 'eval_recall': 0.6127080181543116, 'eval_f1': 0.6246624750089727, 'eval_runtime': 2.4291, 'eval_samples_per_second': 272.116, 'eval_steps_per_second': 34.169, 'epoch': 2.0}

 50%|â–ˆâ–ˆâ–ˆâ–ˆâ–ˆ     | 994/1988 [01:38<01:22, 12.00it/s]

100%|â–ˆâ–ˆâ–ˆâ–ˆâ–ˆâ–ˆâ–ˆâ–ˆâ–ˆâ–ˆ| 83/83 [00:02<00:00, 34.20it/s][A

                                               [A
 50%|â–ˆâ–ˆâ–ˆâ–ˆâ–ˆ     | 996/1988 [01:38<07:25,  2.23it/s]
 50%|â–ˆâ–ˆâ–ˆâ–ˆâ–ˆ     | 998/1988 [01:38<05:36,  2.95it/s]
 50%|â–ˆâ–ˆâ–ˆâ–ˆâ–ˆ     | 1000/1988 [01:38<04:19,  3.80it/s]
 50%|â–ˆâ–ˆâ–ˆâ–ˆâ–ˆ     | 1002/1988 [01:38<03:26,  4.78it/s]
 51%|â–ˆâ–ˆâ–ˆâ–ˆâ–ˆ     | 1004/1988 [01:38<02:48,  5.83it/s]
 51%|â–ˆâ–ˆâ–ˆâ–ˆâ–ˆ     | 1006/1988 [01:39<02:22,  6.88it/s]
 51%|â–ˆâ–ˆâ–ˆâ–ˆâ–ˆ     | 1008/1988 [01:39<02:04,  7.87it/s]
 51%|â–ˆâ–ˆâ–ˆâ–ˆâ–ˆ     | 1010/1988 [01:39<01:51,  8.77it/s]
 51%|â–ˆâ–ˆâ–ˆâ–ˆâ–ˆ     | 1012/1988 [01:39<01:42,  9.52it/s]
 51%|â–ˆâ–ˆâ–ˆâ–ˆâ–ˆ     | 1014/1988 [01:39<01:36, 10.13it/s]
 51%|â–ˆâ–ˆâ–ˆâ–ˆâ–ˆ     | 1016/1988 [01:39<01:31, 10.61it/s]
 51%|â–ˆâ–ˆâ–ˆâ–ˆâ–ˆ     | 1018/1988 [01:40<01:28, 10.96it/s]
 51%|â–ˆâ–ˆâ–ˆâ–ˆâ–ˆâ–    | 1020/1988 [01:40<01:26, 11.23it/s]
 51%|â–ˆâ–ˆâ–ˆâ–ˆâ–ˆâ–    | 1022/1988 [01:40<01:24, 11.42it/s]
 52%|â–ˆâ–ˆâ–ˆâ–ˆâ–ˆâ–    | 1024/1988 [01:40<01:23, 11.56it/s]
 52%|â–ˆâ–ˆâ–ˆâ–ˆâ–ˆâ–    | 1026/1988 [01:40<01:22, 11.67it/s]
 52%|â–ˆâ–ˆâ–ˆâ–ˆâ–ˆâ–    | 1028/1988 [01:40<01:21, 11.74it/s]
 52%|â–ˆâ–ˆâ–ˆâ–ˆâ–ˆâ–    | 1030/1988 [01:41<01:21, 11.79it/s]
 52%|â–ˆâ–ˆâ–ˆâ–ˆâ–ˆâ–    | 1032/1988 [01:41<01:20, 11.82it/s]
 52%|â–ˆâ–ˆâ–ˆâ–ˆâ–ˆâ–    | 1034/1988 [01:41<01:20, 11.85it/s]
 52%|â–ˆâ–ˆâ–ˆâ–ˆâ–ˆâ–    | 1036/1988 [01:41<01:20, 11.87it/s]
 52%|â–ˆâ–ˆâ–ˆâ–ˆâ–ˆâ–    | 1038/1988 [01:41<01:20, 11.87it/s]
 52%|â–ˆâ–ˆâ–ˆâ–ˆâ–ˆâ–    | 1040/1988 [01:41<01:19, 11.88it/s]
 52%|â–ˆâ–ˆâ–ˆâ–ˆâ–ˆâ–    | 1042/1988 [01:42<01:19, 11.89it/s]
 53%|â–ˆâ–ˆâ–ˆâ–ˆâ–ˆâ–Ž    | 1044/1988 [01:42<01:19, 11.89it/s]
 53%|â–ˆâ–ˆâ–ˆâ–ˆâ–ˆâ–Ž    | 1046/1988 [01:42<01:19, 11.89it/s]
 53%|â–ˆâ–ˆâ–ˆâ–ˆâ–ˆâ–Ž    | 1048/1988 [01:42<01:19, 11.90it/s]
 53%|â–ˆâ–ˆâ–ˆâ–ˆâ–ˆâ–Ž    | 1050/1988 [01:42<01:18, 11.90it/s]
 53%|â–ˆâ–ˆâ–ˆâ–ˆâ–ˆâ–Ž    | 1052/1988 [01:43<01:18, 11.90it/s]
 53%|â–ˆâ–ˆâ–ˆâ–ˆâ–ˆâ–Ž    | 1054/1988 [01:43<01:18, 11.90it/s]
 53%|â–ˆâ–ˆâ–ˆâ–ˆâ–ˆâ–Ž    | 1056/1988 [01:43<01:18, 11.90it/s]
 53%|â–ˆâ–ˆâ–ˆâ–ˆâ–ˆâ–Ž    | 1058/1988 [01:43<01:18, 11.90it/s]
 53%|â–ˆâ–ˆâ–ˆâ–ˆâ–ˆâ–Ž    | 1060/1988 [01:43<01:17, 11.90it/s]
 53%|â–ˆâ–ˆâ–ˆâ–ˆâ–ˆâ–Ž    | 1062/1988 [01:43<01:17, 11.91it/s]
 54%|â–ˆâ–ˆâ–ˆâ–ˆâ–ˆâ–Ž    | 1064/1988 [01:44<01:17, 11.91it/s]
 54%|â–ˆâ–ˆâ–ˆâ–ˆâ–ˆâ–Ž    | 1066/1988 [01:44<01:17, 11.91it/s]
 54%|â–ˆâ–ˆâ–ˆâ–ˆâ–ˆâ–Ž    | 1068/1988 [01:44<01:17, 11.90it/s]
 54%|â–ˆâ–ˆâ–ˆâ–ˆâ–ˆâ–    | 1070/1988 [01:44<01:17, 11.90it/s]
 54%|â–ˆâ–ˆâ–ˆâ–ˆâ–ˆâ–    | 1072/1988 [01:44<01:16, 11.90it/s]
 54%|â–ˆâ–ˆâ–ˆâ–ˆâ–ˆâ–    | 1074/1988 [01:44<01:16, 11.91it/s]
 54%|â–ˆâ–ˆâ–ˆâ–ˆâ–ˆâ–    | 1076/1988 [01:45<01:16, 11.91it/s]
 54%|â–ˆâ–ˆâ–ˆâ–ˆâ–ˆâ–    | 1078/1988 [01:45<01:16, 11.91it/s]
 54%|â–ˆâ–ˆâ–ˆâ–ˆâ–ˆâ–    | 1080/1988 [01:45<01:16, 11.90it/s]
 54%|â–ˆâ–ˆâ–ˆâ–ˆâ–ˆâ–    | 1082/1988 [01:45<01:16, 11.90it/s]
 55%|â–ˆâ–ˆâ–ˆâ–ˆâ–ˆâ–    | 1084/1988 [01:45<01:15, 11.91it/s]
 55%|â–ˆâ–ˆâ–ˆâ–ˆâ–ˆâ–    | 1086/1988 [01:45<01:15, 11.91it/s]
 55%|â–ˆâ–ˆâ–ˆâ–ˆâ–ˆâ–    | 1088/1988 [01:46<01:15, 11.90it/s]
 55%|â–ˆâ–ˆâ–ˆâ–ˆâ–ˆâ–    | 1090/1988 [01:46<01:15, 11.91it/s]
 55%|â–ˆâ–ˆâ–ˆâ–ˆâ–ˆâ–    | 1092/1988 [01:46<01:15, 11.91it/s]
 55%|â–ˆâ–ˆâ–ˆâ–ˆâ–ˆâ–Œ    | 1094/1988 [01:46<01:15, 11.90it/s]
 55%|â–ˆâ–ˆâ–ˆâ–ˆâ–ˆâ–Œ    | 1096/1988 [01:46<01:14, 11.91it/s]
 55%|â–ˆâ–ˆâ–ˆâ–ˆâ–ˆâ–Œ    | 1098/1988 [01:46<01:14, 11.91it/s]
 55%|â–ˆâ–ˆâ–ˆâ–ˆâ–ˆâ–Œ    | 1100/1988 [01:47<01:14, 11.91it/s]
 55%|â–ˆâ–ˆâ–ˆâ–ˆâ–ˆâ–Œ    | 1102/1988 [01:47<01:14, 11.91it/s]
 56%|â–ˆâ–ˆâ–ˆâ–ˆâ–ˆâ–Œ    | 1104/1988 [01:47<01:14, 11.91it/s]
 56%|â–ˆâ–ˆâ–ˆâ–ˆâ–ˆâ–Œ    | 1106/1988 [01:47<01:14, 11.91it/s]
 56%|â–ˆâ–ˆâ–ˆâ–ˆâ–ˆâ–Œ    | 1108/1988 [01:47<01:13, 11.91it/s]
 56%|â–ˆâ–ˆâ–ˆâ–ˆâ–ˆâ–Œ    | 1110/1988 [01:47<01:13, 11.91it/s]
 56%|â–ˆâ–ˆâ–ˆâ–ˆâ–ˆâ–Œ    | 1112/1988 [01:48<01:13, 11.91it/s]
 56%|â–ˆâ–ˆâ–ˆâ–ˆâ–ˆâ–Œ    | 1114/1988 [01:48<01:13, 11.91it/s]
 56%|â–ˆâ–ˆâ–ˆâ–ˆâ–ˆâ–Œ    | 1116/1988 [01:48<01:13, 11.91it/s]
 56%|â–ˆâ–ˆâ–ˆâ–ˆâ–ˆâ–Œ    | 1118/1988 [01:48<01:13, 11.91it/s]
 56%|â–ˆâ–ˆâ–ˆâ–ˆâ–ˆâ–‹    | 1120/1988 [01:48<01:12, 11.90it/s]
 56%|â–ˆâ–ˆâ–ˆâ–ˆâ–ˆâ–‹    | 1122/1988 [01:48<01:12, 11.91it/s]
 57%|â–ˆâ–ˆâ–ˆâ–ˆâ–ˆâ–‹    | 1124/1988 [01:49<01:12, 11.91it/s]
 57%|â–ˆâ–ˆâ–ˆâ–ˆâ–ˆâ–‹    | 1126/1988 [01:49<01:12, 11.91it/s]
 57%|â–ˆâ–ˆâ–ˆâ–ˆâ–ˆâ–‹    | 1128/1988 [01:49<01:12, 11.91it/s]
 57%|â–ˆâ–ˆâ–ˆâ–ˆâ–ˆâ–‹    | 1130/1988 [01:49<01:12, 11.91it/s]
 57%|â–ˆâ–ˆâ–ˆâ–ˆâ–ˆâ–‹    | 1132/1988 [01:49<01:11, 11.91it/s]
 57%|â–ˆâ–ˆâ–ˆâ–ˆâ–ˆâ–‹    | 1134/1988 [01:49<01:11, 11.91it/s]
 57%|â–ˆâ–ˆâ–ˆâ–ˆâ–ˆâ–‹    | 1136/1988 [01:50<01:11, 11.91it/s]
 57%|â–ˆâ–ˆâ–ˆâ–ˆâ–ˆâ–‹    | 1138/1988 [01:50<01:11, 11.90it/s]
 57%|â–ˆâ–ˆâ–ˆâ–ˆâ–ˆâ–‹    | 1140/1988 [01:50<01:11, 11.90it/s]
 57%|â–ˆâ–ˆâ–ˆâ–ˆâ–ˆâ–‹    | 1142/1988 [01:50<01:11, 11.90it/s]
 58%|â–ˆâ–ˆâ–ˆâ–ˆâ–ˆâ–Š    | 1144/1988 [01:50<01:10, 11.90it/s]
 58%|â–ˆâ–ˆâ–ˆâ–ˆâ–ˆâ–Š    | 1146/1988 [01:50<01:10, 11.90it/s]
 58%|â–ˆâ–ˆâ–ˆâ–ˆâ–ˆâ–Š    | 1148/1988 [01:51<01:10, 11.90it/s]
 58%|â–ˆâ–ˆâ–ˆâ–ˆâ–ˆâ–Š    | 1150/1988 [01:51<01:10, 11.90it/s]
 58%|â–ˆâ–ˆâ–ˆâ–ˆâ–ˆâ–Š    | 1152/1988 [01:51<01:10, 11.91it/s]
 58%|â–ˆâ–ˆâ–ˆâ–ˆâ–ˆâ–Š    | 1154/1988 [01:51<01:10, 11.90it/s]
 58%|â–ˆâ–ˆâ–ˆâ–ˆâ–ˆâ–Š    | 1156/1988 [01:51<01:09, 11.90it/s]
 58%|â–ˆâ–ˆâ–ˆâ–ˆâ–ˆâ–Š    | 1158/1988 [01:51<01:09, 11.90it/s]
 58%|â–ˆâ–ˆâ–ˆâ–ˆâ–ˆâ–Š    | 1160/1988 [01:52<01:09, 11.90it/s]
 58%|â–ˆâ–ˆâ–ˆâ–ˆâ–ˆâ–Š    | 1162/1988 [01:52<01:09, 11.90it/s]
 59%|â–ˆâ–ˆâ–ˆâ–ˆâ–ˆâ–Š    | 1164/1988 [01:52<01:09, 11.90it/s]
 59%|â–ˆâ–ˆâ–ˆâ–ˆâ–ˆâ–Š    | 1166/1988 [01:52<01:09, 11.90it/s]
 59%|â–ˆâ–ˆâ–ˆâ–ˆâ–ˆâ–‰    | 1168/1988 [01:52<01:08, 11.90it/s]
 59%|â–ˆâ–ˆâ–ˆâ–ˆâ–ˆâ–‰    | 1170/1988 [01:52<01:08, 11.90it/s]
 59%|â–ˆâ–ˆâ–ˆâ–ˆâ–ˆâ–‰    | 1172/1988 [01:53<01:08, 11.90it/s]
 59%|â–ˆâ–ˆâ–ˆâ–ˆâ–ˆâ–‰    | 1174/1988 [01:53<01:08, 11.90it/s]
 59%|â–ˆâ–ˆâ–ˆâ–ˆâ–ˆâ–‰    | 1176/1988 [01:53<01:08, 11.90it/s]
 59%|â–ˆâ–ˆâ–ˆâ–ˆâ–ˆâ–‰    | 1178/1988 [01:53<01:08, 11.90it/s]
 59%|â–ˆâ–ˆâ–ˆâ–ˆâ–ˆâ–‰    | 1180/1988 [01:53<01:07, 11.91it/s]
 59%|â–ˆâ–ˆâ–ˆâ–ˆâ–ˆâ–‰    | 1182/1988 [01:53<01:07, 11.90it/s]
 60%|â–ˆâ–ˆâ–ˆâ–ˆâ–ˆâ–‰    | 1184/1988 [01:54<01:07, 11.90it/s]
 60%|â–ˆâ–ˆâ–ˆâ–ˆâ–ˆâ–‰    | 1186/1988 [01:54<01:07, 11.91it/s]
 60%|â–ˆâ–ˆâ–ˆâ–ˆâ–ˆâ–‰    | 1188/1988 [01:54<01:07, 11.90it/s]
 60%|â–ˆâ–ˆâ–ˆâ–ˆâ–ˆâ–‰    | 1190/1988 [01:54<01:07, 11.90it/s]
 60%|â–ˆâ–ˆâ–ˆâ–ˆâ–ˆâ–‰    | 1192/1988 [01:54<01:06, 11.90it/s]
 60%|â–ˆâ–ˆâ–ˆâ–ˆâ–ˆâ–ˆ    | 1194/1988 [01:54<01:06, 11.90it/s]
 60%|â–ˆâ–ˆâ–ˆâ–ˆâ–ˆâ–ˆ    | 1196/1988 [01:55<01:06, 11.91it/s]
 60%|â–ˆâ–ˆâ–ˆâ–ˆâ–ˆâ–ˆ    | 1198/1988 [01:55<01:06, 11.91it/s]
 60%|â–ˆâ–ˆâ–ˆâ–ˆâ–ˆâ–ˆ    | 1200/1988 [01:55<01:06, 11.91it/s]
 60%|â–ˆâ–ˆâ–ˆâ–ˆâ–ˆâ–ˆ    | 1202/1988 [01:55<01:06, 11.91it/s]
 61%|â–ˆâ–ˆâ–ˆâ–ˆâ–ˆâ–ˆ    | 1204/1988 [01:55<01:05, 11.91it/s]
 61%|â–ˆâ–ˆâ–ˆâ–ˆâ–ˆâ–ˆ    | 1206/1988 [01:55<01:05, 11.90it/s]
 61%|â–ˆâ–ˆâ–ˆâ–ˆâ–ˆâ–ˆ    | 1208/1988 [01:56<01:05, 11.90it/s]
 61%|â–ˆâ–ˆâ–ˆâ–ˆâ–ˆâ–ˆ    | 1210/1988 [01:56<01:05, 11.90it/s]
 61%|â–ˆâ–ˆâ–ˆâ–ˆâ–ˆâ–ˆ    | 1212/1988 [01:56<01:05, 11.90it/s]
 61%|â–ˆâ–ˆâ–ˆâ–ˆâ–ˆâ–ˆ    | 1214/1988 [01:56<01:05, 11.89it/s]
 61%|â–ˆâ–ˆâ–ˆâ–ˆâ–ˆâ–ˆ    | 1216/1988 [01:56<01:04, 11.90it/s]
 61%|â–ˆâ–ˆâ–ˆâ–ˆâ–ˆâ–ˆâ–   | 1218/1988 [01:56<01:04, 11.90it/s]
 61%|â–ˆâ–ˆâ–ˆâ–ˆâ–ˆâ–ˆâ–   | 1220/1988 [01:57<01:04, 11.90it/s]
 61%|â–ˆâ–ˆâ–ˆâ–ˆâ–ˆâ–ˆâ–   | 1222/1988 [01:57<01:04, 11.90it/s]
 62%|â–ˆâ–ˆâ–ˆâ–ˆâ–ˆâ–ˆâ–   | 1224/1988 [01:57<01:04, 11.90it/s]
 62%|â–ˆâ–ˆâ–ˆâ–ˆâ–ˆâ–ˆâ–   | 1226/1988 [01:57<01:04, 11.89it/s]
 62%|â–ˆâ–ˆâ–ˆâ–ˆâ–ˆâ–ˆâ–   | 1228/1988 [01:57<01:03, 11.90it/s]
 62%|â–ˆâ–ˆâ–ˆâ–ˆâ–ˆâ–ˆâ–   | 1230/1988 [01:57<01:03, 11.90it/s]
 62%|â–ˆâ–ˆâ–ˆâ–ˆâ–ˆâ–ˆâ–   | 1232/1988 [01:58<01:03, 11.90it/s]
 62%|â–ˆâ–ˆâ–ˆâ–ˆâ–ˆâ–ˆâ–   | 1234/1988 [01:58<01:03, 11.90it/s]
 62%|â–ˆâ–ˆâ–ˆâ–ˆâ–ˆâ–ˆâ–   | 1236/1988 [01:58<01:03, 11.90it/s]
 62%|â–ˆâ–ˆâ–ˆâ–ˆâ–ˆâ–ˆâ–   | 1238/1988 [01:58<01:03, 11.89it/s]
 62%|â–ˆâ–ˆâ–ˆâ–ˆâ–ˆâ–ˆâ–   | 1240/1988 [01:58<01:02, 11.90it/s]
 62%|â–ˆâ–ˆâ–ˆâ–ˆâ–ˆâ–ˆâ–   | 1242/1988 [01:58<01:02, 11.90it/s]
 63%|â–ˆâ–ˆâ–ˆâ–ˆâ–ˆâ–ˆâ–Ž   | 1244/1988 [01:59<01:02, 11.90it/s]
 63%|â–ˆâ–ˆâ–ˆâ–ˆâ–ˆâ–ˆâ–Ž   | 1246/1988 [01:59<01:02, 11.90it/s]
 63%|â–ˆâ–ˆâ–ˆâ–ˆâ–ˆâ–ˆâ–Ž   | 1248/1988 [01:59<01:02, 11.90it/s]
 63%|â–ˆâ–ˆâ–ˆâ–ˆâ–ˆâ–ˆâ–Ž   | 1250/1988 [01:59<01:01, 11.90it/s]
 63%|â–ˆâ–ˆâ–ˆâ–ˆâ–ˆâ–ˆâ–Ž   | 1252/1988 [01:59<01:01, 11.90it/s]
 63%|â–ˆâ–ˆâ–ˆâ–ˆâ–ˆâ–ˆâ–Ž   | 1254/1988 [01:59<01:01, 11.90it/s]
 63%|â–ˆâ–ˆâ–ˆâ–ˆâ–ˆâ–ˆâ–Ž   | 1256/1988 [02:00<01:01, 11.90it/s]
 63%|â–ˆâ–ˆâ–ˆâ–ˆâ–ˆâ–ˆâ–Ž   | 1258/1988 [02:00<01:01, 11.90it/s]
 63%|â–ˆâ–ˆâ–ˆâ–ˆâ–ˆâ–ˆâ–Ž   | 1260/1988 [02:00<01:01, 11.90it/s]
 63%|â–ˆâ–ˆâ–ˆâ–ˆâ–ˆâ–ˆâ–Ž   | 1262/1988 [02:00<01:01, 11.89it/s]
 64%|â–ˆâ–ˆâ–ˆâ–ˆâ–ˆâ–ˆâ–Ž   | 1264/1988 [02:00<01:00, 11.90it/s]
 64%|â–ˆâ–ˆâ–ˆâ–ˆâ–ˆâ–ˆâ–Ž   | 1266/1988 [02:00<01:00, 11.90it/s]
 64%|â–ˆâ–ˆâ–ˆâ–ˆâ–ˆâ–ˆâ–   | 1268/1988 [02:01<01:00, 11.90it/s]
 64%|â–ˆâ–ˆâ–ˆâ–ˆâ–ˆâ–ˆâ–   | 1270/1988 [02:01<01:00, 11.89it/s]
 64%|â–ˆâ–ˆâ–ˆâ–ˆâ–ˆâ–ˆâ–   | 1272/1988 [02:01<01:00, 11.89it/s]
 64%|â–ˆâ–ˆâ–ˆâ–ˆâ–ˆâ–ˆâ–   | 1274/1988 [02:01<01:00, 11.90it/s]
 64%|â–ˆâ–ˆâ–ˆâ–ˆâ–ˆâ–ˆâ–   | 1276/1988 [02:01<00:59, 11.89it/s]
 64%|â–ˆâ–ˆâ–ˆâ–ˆâ–ˆâ–ˆâ–   | 1278/1988 [02:01<00:59, 11.90it/s]
 64%|â–ˆâ–ˆâ–ˆâ–ˆâ–ˆâ–ˆâ–   | 1280/1988 [02:02<00:59, 11.90it/s]
 64%|â–ˆâ–ˆâ–ˆâ–ˆâ–ˆâ–ˆâ–   | 1282/1988 [02:02<00:59, 11.90it/s]
 65%|â–ˆâ–ˆâ–ˆâ–ˆâ–ˆâ–ˆâ–   | 1284/1988 [02:02<00:59, 11.90it/s]
 65%|â–ˆâ–ˆâ–ˆâ–ˆâ–ˆâ–ˆâ–   | 1286/1988 [02:02<00:58, 11.90it/s]
 65%|â–ˆâ–ˆâ–ˆâ–ˆâ–ˆâ–ˆâ–   | 1288/1988 [02:02<00:58, 11.90it/s]
 65%|â–ˆâ–ˆâ–ˆâ–ˆâ–ˆâ–ˆâ–   | 1290/1988 [02:03<00:58, 11.90it/s]
 65%|â–ˆâ–ˆâ–ˆâ–ˆâ–ˆâ–ˆâ–   | 1292/1988 [02:03<00:58, 11.90it/s]
 65%|â–ˆâ–ˆâ–ˆâ–ˆâ–ˆâ–ˆâ–Œ   | 1294/1988 [02:03<00:58, 11.90it/s]
 65%|â–ˆâ–ˆâ–ˆâ–ˆâ–ˆâ–ˆâ–Œ   | 1296/1988 [02:03<00:58, 11.89it/s]
 65%|â–ˆâ–ˆâ–ˆâ–ˆâ–ˆâ–ˆâ–Œ   | 1298/1988 [02:03<00:58, 11.90it/s]
 65%|â–ˆâ–ˆâ–ˆâ–ˆâ–ˆâ–ˆâ–Œ   | 1300/1988 [02:03<00:57, 11.90it/s]
 65%|â–ˆâ–ˆâ–ˆâ–ˆâ–ˆâ–ˆâ–Œ   | 1302/1988 [02:04<00:57, 11.89it/s]
 66%|â–ˆâ–ˆâ–ˆâ–ˆâ–ˆâ–ˆâ–Œ   | 1304/1988 [02:04<00:57, 11.89it/s]
 66%|â–ˆâ–ˆâ–ˆâ–ˆâ–ˆâ–ˆâ–Œ   | 1306/1988 [02:04<00:57, 11.89it/s]
 66%|â–ˆâ–ˆâ–ˆâ–ˆâ–ˆâ–ˆâ–Œ   | 1308/1988 [02:04<00:57, 11.89it/s]
 66%|â–ˆâ–ˆâ–ˆâ–ˆâ–ˆâ–ˆâ–Œ   | 1310/1988 [02:04<00:57, 11.89it/s]
 66%|â–ˆâ–ˆâ–ˆâ–ˆâ–ˆâ–ˆâ–Œ   | 1312/1988 [02:04<00:56, 11.90it/s]
 66%|â–ˆâ–ˆâ–ˆâ–ˆâ–ˆâ–ˆâ–Œ   | 1314/1988 [02:05<00:56, 11.89it/s]
 66%|â–ˆâ–ˆâ–ˆâ–ˆâ–ˆâ–ˆâ–Œ   | 1316/1988 [02:05<00:56, 11.90it/s]
 66%|â–ˆâ–ˆâ–ˆâ–ˆâ–ˆâ–ˆâ–‹   | 1318/1988 [02:05<00:56, 11.90it/s]
 66%|â–ˆâ–ˆâ–ˆâ–ˆâ–ˆâ–ˆâ–‹   | 1320/1988 [02:05<00:56, 11.90it/s]
 66%|â–ˆâ–ˆâ–ˆâ–ˆâ–ˆâ–ˆâ–‹   | 1322/1988 [02:05<00:55, 11.90it/s]
 67%|â–ˆâ–ˆâ–ˆâ–ˆâ–ˆâ–ˆâ–‹   | 1324/1988 [02:05<00:55, 11.91it/s]
 67%|â–ˆâ–ˆâ–ˆâ–ˆâ–ˆâ–ˆâ–‹   | 1326/1988 [02:06<00:55, 11.91it/s]
 67%|â–ˆâ–ˆâ–ˆâ–ˆâ–ˆâ–ˆâ–‹   | 1328/1988 [02:06<00:55, 11.91it/s]
 67%|â–ˆâ–ˆâ–ˆâ–ˆâ–ˆâ–ˆâ–‹   | 1330/1988 [02:06<00:55, 11.91it/s]
 67%|â–ˆâ–ˆâ–ˆâ–ˆâ–ˆâ–ˆâ–‹   | 1332/1988 [02:06<00:55, 11.90it/s]
 67%|â–ˆâ–ˆâ–ˆâ–ˆâ–ˆâ–ˆâ–‹   | 1334/1988 [02:06<00:54, 11.90it/s]
 67%|â–ˆâ–ˆâ–ˆâ–ˆâ–ˆâ–ˆâ–‹   | 1336/1988 [02:06<00:54, 11.90it/s]
 67%|â–ˆâ–ˆâ–ˆâ–ˆâ–ˆâ–ˆâ–‹   | 1338/1988 [02:07<00:54, 11.90it/s]
 67%|â–ˆâ–ˆâ–ˆâ–ˆâ–ˆâ–ˆâ–‹   | 1340/1988 [02:07<00:54, 11.90it/s]
 68%|â–ˆâ–ˆâ–ˆâ–ˆâ–ˆâ–ˆâ–Š   | 1342/1988 [02:07<00:54, 11.91it/s]
 68%|â–ˆâ–ˆâ–ˆâ–ˆâ–ˆâ–ˆâ–Š   | 1344/1988 [02:07<00:54, 11.91it/s]
 68%|â–ˆâ–ˆâ–ˆâ–ˆâ–ˆâ–ˆâ–Š   | 1346/1988 [02:07<00:53, 11.91it/s]
 68%|â–ˆâ–ˆâ–ˆâ–ˆâ–ˆâ–ˆâ–Š   | 1348/1988 [02:07<00:53, 11.91it/s]
 68%|â–ˆâ–ˆâ–ˆâ–ˆâ–ˆâ–ˆâ–Š   | 1350/1988 [02:08<00:53, 11.90it/s]
 68%|â–ˆâ–ˆâ–ˆâ–ˆâ–ˆâ–ˆâ–Š   | 1352/1988 [02:08<00:53, 11.90it/s]
 68%|â–ˆâ–ˆâ–ˆâ–ˆâ–ˆâ–ˆâ–Š   | 1354/1988 [02:08<00:53, 11.91it/s]
 68%|â–ˆâ–ˆâ–ˆâ–ˆâ–ˆâ–ˆâ–Š   | 1356/1988 [02:08<00:53, 11.90it/s]
 68%|â–ˆâ–ˆâ–ˆâ–ˆâ–ˆâ–ˆâ–Š   | 1358/1988 [02:08<00:52, 11.90it/s]
 68%|â–ˆâ–ˆâ–ˆâ–ˆâ–ˆâ–ˆâ–Š   | 1360/1988 [02:08<00:52, 11.90it/s]
 69%|â–ˆâ–ˆâ–ˆâ–ˆâ–ˆâ–ˆâ–Š   | 1362/1988 [02:09<00:52, 11.90it/s]
 69%|â–ˆâ–ˆâ–ˆâ–ˆâ–ˆâ–ˆâ–Š   | 1364/1988 [02:09<00:52, 11.90it/s]
 69%|â–ˆâ–ˆâ–ˆâ–ˆâ–ˆâ–ˆâ–Š   | 1366/1988 [02:09<00:52, 11.89it/s]
 69%|â–ˆâ–ˆâ–ˆâ–ˆâ–ˆâ–ˆâ–‰   | 1368/1988 [02:09<00:52, 11.89it/s]
 69%|â–ˆâ–ˆâ–ˆâ–ˆâ–ˆâ–ˆâ–‰   | 1370/1988 [02:09<00:51, 11.89it/s]
 69%|â–ˆâ–ˆâ–ˆâ–ˆâ–ˆâ–ˆâ–‰   | 1372/1988 [02:09<00:51, 11.90it/s]
 69%|â–ˆâ–ˆâ–ˆâ–ˆâ–ˆâ–ˆâ–‰   | 1374/1988 [02:10<00:51, 11.90it/s]
 69%|â–ˆâ–ˆâ–ˆâ–ˆâ–ˆâ–ˆâ–‰   | 1376/1988 [02:10<00:51, 11.89it/s]
 69%|â–ˆâ–ˆâ–ˆâ–ˆâ–ˆâ–ˆâ–‰   | 1378/1988 [02:10<00:51, 11.90it/s]
 69%|â–ˆâ–ˆâ–ˆâ–ˆâ–ˆâ–ˆâ–‰   | 1380/1988 [02:10<00:51, 11.90it/s]
 70%|â–ˆâ–ˆâ–ˆâ–ˆâ–ˆâ–ˆâ–‰   | 1382/1988 [02:10<00:50, 11.90it/s]
 70%|â–ˆâ–ˆâ–ˆâ–ˆâ–ˆâ–ˆâ–‰   | 1384/1988 [02:10<00:50, 11.90it/s]
 70%|â–ˆâ–ˆâ–ˆâ–ˆâ–ˆâ–ˆâ–‰   | 1386/1988 [02:11<00:50, 11.90it/s]
 70%|â–ˆâ–ˆâ–ˆâ–ˆâ–ˆâ–ˆâ–‰   | 1388/1988 [02:11<00:50, 11.89it/s]
 70%|â–ˆâ–ˆâ–ˆâ–ˆâ–ˆâ–ˆâ–‰   | 1390/1988 [02:11<00:50, 11.90it/s]
 70%|â–ˆâ–ˆâ–ˆâ–ˆâ–ˆâ–ˆâ–ˆ   | 1392/1988 [02:11<00:50, 11.90it/s]
 70%|â–ˆâ–ˆâ–ˆâ–ˆâ–ˆâ–ˆâ–ˆ   | 1394/1988 [02:11<00:49, 11.90it/s]
 70%|â–ˆâ–ˆâ–ˆâ–ˆâ–ˆâ–ˆâ–ˆ   | 1396/1988 [02:11<00:49, 11.90it/s]
 70%|â–ˆâ–ˆâ–ˆâ–ˆâ–ˆâ–ˆâ–ˆ   | 1398/1988 [02:12<00:49, 11.90it/s]
 70%|â–ˆâ–ˆâ–ˆâ–ˆâ–ˆâ–ˆâ–ˆ   | 1400/1988 [02:12<00:49, 11.90it/s]
 71%|â–ˆâ–ˆâ–ˆâ–ˆâ–ˆâ–ˆâ–ˆ   | 1402/1988 [02:12<00:49, 11.90it/s]
 71%|â–ˆâ–ˆâ–ˆâ–ˆâ–ˆâ–ˆâ–ˆ   | 1404/1988 [02:12<00:49, 11.90it/s]
 71%|â–ˆâ–ˆâ–ˆâ–ˆâ–ˆâ–ˆâ–ˆ   | 1406/1988 [02:12<00:48, 11.90it/s]
 71%|â–ˆâ–ˆâ–ˆâ–ˆâ–ˆâ–ˆâ–ˆ   | 1408/1988 [02:12<00:48, 11.89it/s]
 71%|â–ˆâ–ˆâ–ˆâ–ˆâ–ˆâ–ˆâ–ˆ   | 1410/1988 [02:13<00:48, 11.90it/s]
 71%|â–ˆâ–ˆâ–ˆâ–ˆâ–ˆâ–ˆâ–ˆ   | 1412/1988 [02:13<00:48, 11.90it/s]
 71%|â–ˆâ–ˆâ–ˆâ–ˆâ–ˆâ–ˆâ–ˆ   | 1414/1988 [02:13<00:48, 11.89it/s]
 71%|â–ˆâ–ˆâ–ˆâ–ˆâ–ˆâ–ˆâ–ˆ   | 1416/1988 [02:13<00:48, 11.89it/s]
 71%|â–ˆâ–ˆâ–ˆâ–ˆâ–ˆâ–ˆâ–ˆâ–  | 1418/1988 [02:13<00:47, 11.90it/s]
 71%|â–ˆâ–ˆâ–ˆâ–ˆâ–ˆâ–ˆâ–ˆâ–  | 1420/1988 [02:13<00:47, 11.90it/s]
 72%|â–ˆâ–ˆâ–ˆâ–ˆâ–ˆâ–ˆâ–ˆâ–  | 1422/1988 [02:14<00:47, 11.90it/s]
 72%|â–ˆâ–ˆâ–ˆâ–ˆâ–ˆâ–ˆâ–ˆâ–  | 1424/1988 [02:14<00:47, 11.90it/s]
 72%|â–ˆâ–ˆâ–ˆâ–ˆâ–ˆâ–ˆâ–ˆâ–  | 1426/1988 [02:14<00:47, 11.90it/s]
 72%|â–ˆâ–ˆâ–ˆâ–ˆâ–ˆâ–ˆâ–ˆâ–  | 1428/1988 [02:14<00:47, 11.90it/s]
 72%|â–ˆâ–ˆâ–ˆâ–ˆâ–ˆâ–ˆâ–ˆâ–  | 1430/1988 [02:14<00:46, 11.89it/s]
 72%|â–ˆâ–ˆâ–ˆâ–ˆâ–ˆâ–ˆâ–ˆâ–  | 1432/1988 [02:14<00:46, 11.89it/s]
 72%|â–ˆâ–ˆâ–ˆâ–ˆâ–ˆâ–ˆâ–ˆâ–  | 1434/1988 [02:15<00:46, 11.90it/s]
 72%|â–ˆâ–ˆâ–ˆâ–ˆâ–ˆâ–ˆâ–ˆâ–  | 1436/1988 [02:15<00:46, 11.90it/s]
 72%|â–ˆâ–ˆâ–ˆâ–ˆâ–ˆâ–ˆâ–ˆâ–  | 1438/1988 [02:15<00:46, 11.90it/s]
 72%|â–ˆâ–ˆâ–ˆâ–ˆâ–ˆâ–ˆâ–ˆâ–  | 1440/1988 [02:15<00:46, 11.90it/s]
 73%|â–ˆâ–ˆâ–ˆâ–ˆâ–ˆâ–ˆâ–ˆâ–Ž  | 1442/1988 [02:15<00:45, 11.90it/s]
 73%|â–ˆâ–ˆâ–ˆâ–ˆâ–ˆâ–ˆâ–ˆâ–Ž  | 1444/1988 [02:15<00:45, 11.90it/s]
 73%|â–ˆâ–ˆâ–ˆâ–ˆâ–ˆâ–ˆâ–ˆâ–Ž  | 1446/1988 [02:16<00:45, 11.89it/s]
 73%|â–ˆâ–ˆâ–ˆâ–ˆâ–ˆâ–ˆâ–ˆâ–Ž  | 1448/1988 [02:16<00:45, 11.89it/s]
 73%|â–ˆâ–ˆâ–ˆâ–ˆâ–ˆâ–ˆâ–ˆâ–Ž  | 1450/1988 [02:16<00:45, 11.89it/s]
 73%|â–ˆâ–ˆâ–ˆâ–ˆâ–ˆâ–ˆâ–ˆâ–Ž  | 1452/1988 [02:16<00:45, 11.89it/s]
 73%|â–ˆâ–ˆâ–ˆâ–ˆâ–ˆâ–ˆâ–ˆâ–Ž  | 1454/1988 [02:16<00:44, 11.89it/s]
 73%|â–ˆâ–ˆâ–ˆâ–ˆâ–ˆâ–ˆâ–ˆâ–Ž  | 1456/1988 [02:16<00:44, 11.90it/s]
 73%|â–ˆâ–ˆâ–ˆâ–ˆâ–ˆâ–ˆâ–ˆâ–Ž  | 1458/1988 [02:17<00:44, 11.90it/s]
 73%|â–ˆâ–ˆâ–ˆâ–ˆâ–ˆâ–ˆâ–ˆâ–Ž  | 1460/1988 [02:17<00:44, 11.90it/s]
 74%|â–ˆâ–ˆâ–ˆâ–ˆâ–ˆâ–ˆâ–ˆâ–Ž  | 1462/1988 [02:17<00:44, 11.90it/s]
 74%|â–ˆâ–ˆâ–ˆâ–ˆâ–ˆâ–ˆâ–ˆâ–Ž  | 1464/1988 [02:17<00:44, 11.90it/s]
 74%|â–ˆâ–ˆâ–ˆâ–ˆâ–ˆâ–ˆâ–ˆâ–Ž  | 1466/1988 [02:17<00:43, 11.90it/s]
 74%|â–ˆâ–ˆâ–ˆâ–ˆâ–ˆâ–ˆâ–ˆâ–  | 1468/1988 [02:17<00:43, 11.90it/s]
 74%|â–ˆâ–ˆâ–ˆâ–ˆâ–ˆâ–ˆâ–ˆâ–  | 1470/1988 [02:18<00:43, 11.89it/s]
 74%|â–ˆâ–ˆâ–ˆâ–ˆâ–ˆâ–ˆâ–ˆâ–  | 1472/1988 [02:18<00:43, 11.90it/s]
 74%|â–ˆâ–ˆâ–ˆâ–ˆâ–ˆâ–ˆâ–ˆâ–  | 1474/1988 [02:18<00:43, 11.90it/s]
 74%|â–ˆâ–ˆâ–ˆâ–ˆâ–ˆâ–ˆâ–ˆâ–  | 1476/1988 [02:18<00:43, 11.90it/s]
 74%|â–ˆâ–ˆâ–ˆâ–ˆâ–ˆâ–ˆâ–ˆâ–  | 1478/1988 [02:18<00:42, 11.90it/s]
 74%|â–ˆâ–ˆâ–ˆâ–ˆâ–ˆâ–ˆâ–ˆâ–  | 1480/1988 [02:18<00:42, 11.90it/s]
 75%|â–ˆâ–ˆâ–ˆâ–ˆâ–ˆâ–ˆâ–ˆâ–  | 1482/1988 [02:19<00:42, 11.90it/s]
 75%|â–ˆâ–ˆâ–ˆâ–ˆâ–ˆâ–ˆâ–ˆâ–  | 1484/1988 [02:19<00:42, 11.90it/s]
 75%|â–ˆâ–ˆâ–ˆâ–ˆâ–ˆâ–ˆâ–ˆâ–  | 1486/1988 [02:19<00:42, 11.90it/s]
 75%|â–ˆâ–ˆâ–ˆâ–ˆâ–ˆâ–ˆâ–ˆâ–  | 1488/1988 [02:19<00:42, 11.89it/s]
 75%|â–ˆâ–ˆâ–ˆâ–ˆâ–ˆâ–ˆâ–ˆâ–  | 1490/1988 [02:19<00:41, 11.89it/s]
                                                   
{'loss': 0.5374, 'grad_norm': 17.121030807495117, 'learning_rate': 1.25e-05, 'epoch': 3.0}

 75%|â–ˆâ–ˆâ–ˆâ–ˆâ–ˆâ–ˆâ–ˆâ–Œ  | 1491/1988 [02:19<00:41, 11.89it/s]

  0%|          | 0/83 [00:00<?, ?it/s][A

  6%|â–Œ         | 5/83 [00:00<00:01, 42.56it/s][A

 12%|â–ˆâ–        | 10/83 [00:00<00:01, 37.12it/s][A

 17%|â–ˆâ–‹        | 14/83 [00:00<00:01, 35.82it/s][A

 22%|â–ˆâ–ˆâ–       | 18/83 [00:00<00:01, 35.15it/s][A

 27%|â–ˆâ–ˆâ–‹       | 22/83 [00:00<00:01, 34.77it/s][A

 31%|â–ˆâ–ˆâ–ˆâ–      | 26/83 [00:00<00:01, 34.53it/s][A

 36%|â–ˆâ–ˆâ–ˆâ–Œ      | 30/83 [00:00<00:01, 34.39it/s][A

 41%|â–ˆâ–ˆâ–ˆâ–ˆ      | 34/83 [00:00<00:01, 34.31it/s][A

 46%|â–ˆâ–ˆâ–ˆâ–ˆâ–Œ     | 38/83 [00:01<00:01, 34.24it/s][A

 51%|â–ˆâ–ˆâ–ˆâ–ˆâ–ˆ     | 42/83 [00:01<00:01, 34.19it/s][A

 55%|â–ˆâ–ˆâ–ˆâ–ˆâ–ˆâ–Œ    | 46/83 [00:01<00:01, 34.15it/s][A

 60%|â–ˆâ–ˆâ–ˆâ–ˆâ–ˆâ–ˆ    | 50/83 [00:01<00:00, 34.13it/s][A

 65%|â–ˆâ–ˆâ–ˆâ–ˆâ–ˆâ–ˆâ–Œ   | 54/83 [00:01<00:00, 34.10it/s][A

 70%|â–ˆâ–ˆâ–ˆâ–ˆâ–ˆâ–ˆâ–‰   | 58/83 [00:01<00:00, 34.10it/s][A

 75%|â–ˆâ–ˆâ–ˆâ–ˆâ–ˆâ–ˆâ–ˆâ–  | 62/83 [00:01<00:00, 34.08it/s][A

 80%|â–ˆâ–ˆâ–ˆâ–ˆâ–ˆâ–ˆâ–ˆâ–‰  | 66/83 [00:01<00:00, 34.08it/s][A

 84%|â–ˆâ–ˆâ–ˆâ–ˆâ–ˆâ–ˆâ–ˆâ–ˆâ– | 70/83 [00:02<00:00, 34.08it/s][A

 89%|â–ˆâ–ˆâ–ˆâ–ˆâ–ˆâ–ˆâ–ˆâ–ˆâ–‰ | 74/83 [00:02<00:00, 34.07it/s][A

 94%|â–ˆâ–ˆâ–ˆâ–ˆâ–ˆâ–ˆâ–ˆâ–ˆâ–ˆâ–| 78/83 [00:02<00:00, 34.08it/s][A

 99%|â–ˆâ–ˆâ–ˆâ–ˆâ–ˆâ–ˆâ–ˆâ–ˆâ–ˆâ–‰| 82/83 [00:02<00:00, 34.19it/s][A
                                                   

                                               
[A{'eval_loss': 0.951712965965271, 'eval_accuracy': 0.6717095310136157, 'eval_precision': 0.6979904124097807, 'eval_recall': 0.6717095310136157, 'eval_f1': 0.6702257196280337, 'eval_runtime': 2.4302, 'eval_samples_per_second': 271.992, 'eval_steps_per_second': 34.153, 'epoch': 3.0}

 75%|â–ˆâ–ˆâ–ˆâ–ˆâ–ˆâ–ˆâ–ˆâ–Œ  | 1491/1988 [02:22<00:41, 11.89it/s]

100%|â–ˆâ–ˆâ–ˆâ–ˆâ–ˆâ–ˆâ–ˆâ–ˆâ–ˆâ–ˆ| 83/83 [00:02<00:00, 34.19it/s][A

                                               [A
 75%|â–ˆâ–ˆâ–ˆâ–ˆâ–ˆâ–ˆâ–ˆâ–Œ  | 1492/1988 [02:22<03:42,  2.23it/s]
 75%|â–ˆâ–ˆâ–ˆâ–ˆâ–ˆâ–ˆâ–ˆâ–Œ  | 1494/1988 [02:22<02:47,  2.95it/s]
 75%|â–ˆâ–ˆâ–ˆâ–ˆâ–ˆâ–ˆâ–ˆâ–Œ  | 1496/1988 [02:22<02:09,  3.81it/s]
 75%|â–ˆâ–ˆâ–ˆâ–ˆâ–ˆâ–ˆâ–ˆâ–Œ  | 1498/1988 [02:22<01:42,  4.78it/s]
 75%|â–ˆâ–ˆâ–ˆâ–ˆâ–ˆâ–ˆâ–ˆâ–Œ  | 1500/1988 [02:23<01:23,  5.83it/s]
 76%|â–ˆâ–ˆâ–ˆâ–ˆâ–ˆâ–ˆâ–ˆâ–Œ  | 1502/1988 [02:23<01:10,  6.88it/s]
 76%|â–ˆâ–ˆâ–ˆâ–ˆâ–ˆâ–ˆâ–ˆâ–Œ  | 1504/1988 [02:23<01:01,  7.88it/s]
 76%|â–ˆâ–ˆâ–ˆâ–ˆâ–ˆâ–ˆâ–ˆâ–Œ  | 1506/1988 [02:23<00:54,  8.77it/s]
 76%|â–ˆâ–ˆâ–ˆâ–ˆâ–ˆâ–ˆâ–ˆâ–Œ  | 1508/1988 [02:23<00:50,  9.52it/s]
 76%|â–ˆâ–ˆâ–ˆâ–ˆâ–ˆâ–ˆâ–ˆâ–Œ  | 1510/1988 [02:23<00:47, 10.13it/s]
 76%|â–ˆâ–ˆâ–ˆâ–ˆâ–ˆâ–ˆâ–ˆâ–Œ  | 1512/1988 [02:24<00:44, 10.60it/s]
 76%|â–ˆâ–ˆâ–ˆâ–ˆâ–ˆâ–ˆâ–ˆâ–Œ  | 1514/1988 [02:24<00:43, 10.96it/s]
 76%|â–ˆâ–ˆâ–ˆâ–ˆâ–ˆâ–ˆâ–ˆâ–‹  | 1516/1988 [02:24<00:42, 11.23it/s]
 76%|â–ˆâ–ˆâ–ˆâ–ˆâ–ˆâ–ˆâ–ˆâ–‹  | 1518/1988 [02:24<00:41, 11.42it/s]
 76%|â–ˆâ–ˆâ–ˆâ–ˆâ–ˆâ–ˆâ–ˆâ–‹  | 1520/1988 [02:24<00:40, 11.56it/s]
 77%|â–ˆâ–ˆâ–ˆâ–ˆâ–ˆâ–ˆâ–ˆâ–‹  | 1522/1988 [02:24<00:39, 11.66it/s]
 77%|â–ˆâ–ˆâ–ˆâ–ˆâ–ˆâ–ˆâ–ˆâ–‹  | 1524/1988 [02:25<00:39, 11.73it/s]
 77%|â–ˆâ–ˆâ–ˆâ–ˆâ–ˆâ–ˆâ–ˆâ–‹  | 1526/1988 [02:25<00:39, 11.78it/s]
 77%|â–ˆâ–ˆâ–ˆâ–ˆâ–ˆâ–ˆâ–ˆâ–‹  | 1528/1988 [02:25<00:38, 11.82it/s]
 77%|â–ˆâ–ˆâ–ˆâ–ˆâ–ˆâ–ˆâ–ˆâ–‹  | 1530/1988 [02:25<00:38, 11.84it/s]
 77%|â–ˆâ–ˆâ–ˆâ–ˆâ–ˆâ–ˆâ–ˆâ–‹  | 1532/1988 [02:25<00:38, 11.86it/s]
 77%|â–ˆâ–ˆâ–ˆâ–ˆâ–ˆâ–ˆâ–ˆâ–‹  | 1534/1988 [02:25<00:38, 11.87it/s]
 77%|â–ˆâ–ˆâ–ˆâ–ˆâ–ˆâ–ˆâ–ˆâ–‹  | 1536/1988 [02:26<00:38, 11.88it/s]
 77%|â–ˆâ–ˆâ–ˆâ–ˆâ–ˆâ–ˆâ–ˆâ–‹  | 1538/1988 [02:26<00:37, 11.89it/s]
 77%|â–ˆâ–ˆâ–ˆâ–ˆâ–ˆâ–ˆâ–ˆâ–‹  | 1540/1988 [02:26<00:37, 11.89it/s]
 78%|â–ˆâ–ˆâ–ˆâ–ˆâ–ˆâ–ˆâ–ˆâ–Š  | 1542/1988 [02:26<00:37, 11.89it/s]
 78%|â–ˆâ–ˆâ–ˆâ–ˆâ–ˆâ–ˆâ–ˆâ–Š  | 1544/1988 [02:26<00:37, 11.89it/s]
 78%|â–ˆâ–ˆâ–ˆâ–ˆâ–ˆâ–ˆâ–ˆâ–Š  | 1546/1988 [02:26<00:37, 11.89it/s]
 78%|â–ˆâ–ˆâ–ˆâ–ˆâ–ˆâ–ˆâ–ˆâ–Š  | 1548/1988 [02:27<00:37, 11.89it/s]
 78%|â–ˆâ–ˆâ–ˆâ–ˆâ–ˆâ–ˆâ–ˆâ–Š  | 1550/1988 [02:27<00:36, 11.89it/s]
 78%|â–ˆâ–ˆâ–ˆâ–ˆâ–ˆâ–ˆâ–ˆâ–Š  | 1552/1988 [02:27<00:36, 11.90it/s]
 78%|â–ˆâ–ˆâ–ˆâ–ˆâ–ˆâ–ˆâ–ˆâ–Š  | 1554/1988 [02:27<00:36, 11.90it/s]
 78%|â–ˆâ–ˆâ–ˆâ–ˆâ–ˆâ–ˆâ–ˆâ–Š  | 1556/1988 [02:27<00:36, 11.90it/s]
 78%|â–ˆâ–ˆâ–ˆâ–ˆâ–ˆâ–ˆâ–ˆâ–Š  | 1558/1988 [02:27<00:36, 11.90it/s]
 78%|â–ˆâ–ˆâ–ˆâ–ˆâ–ˆâ–ˆâ–ˆâ–Š  | 1560/1988 [02:28<00:35, 11.89it/s]
 79%|â–ˆâ–ˆâ–ˆâ–ˆâ–ˆâ–ˆâ–ˆâ–Š  | 1562/1988 [02:28<00:35, 11.90it/s]
 79%|â–ˆâ–ˆâ–ˆâ–ˆâ–ˆâ–ˆâ–ˆâ–Š  | 1564/1988 [02:28<00:35, 11.90it/s]
 79%|â–ˆâ–ˆâ–ˆâ–ˆâ–ˆâ–ˆâ–ˆâ–‰  | 1566/1988 [02:28<00:35, 11.90it/s]
 79%|â–ˆâ–ˆâ–ˆâ–ˆâ–ˆâ–ˆâ–ˆâ–‰  | 1568/1988 [02:28<00:35, 11.90it/s]
 79%|â–ˆâ–ˆâ–ˆâ–ˆâ–ˆâ–ˆâ–ˆâ–‰  | 1570/1988 [02:28<00:35, 11.90it/s]
 79%|â–ˆâ–ˆâ–ˆâ–ˆâ–ˆâ–ˆâ–ˆâ–‰  | 1572/1988 [02:29<00:34, 11.89it/s]
 79%|â–ˆâ–ˆâ–ˆâ–ˆâ–ˆâ–ˆâ–ˆâ–‰  | 1574/1988 [02:29<00:34, 11.89it/s]
 79%|â–ˆâ–ˆâ–ˆâ–ˆâ–ˆâ–ˆâ–ˆâ–‰  | 1576/1988 [02:29<00:34, 11.90it/s]
 79%|â–ˆâ–ˆâ–ˆâ–ˆâ–ˆâ–ˆâ–ˆâ–‰  | 1578/1988 [02:29<00:34, 11.90it/s]
 79%|â–ˆâ–ˆâ–ˆâ–ˆâ–ˆâ–ˆâ–ˆâ–‰  | 1580/1988 [02:29<00:34, 11.89it/s]
 80%|â–ˆâ–ˆâ–ˆâ–ˆâ–ˆâ–ˆâ–ˆâ–‰  | 1582/1988 [02:29<00:34, 11.90it/s]
 80%|â–ˆâ–ˆâ–ˆâ–ˆâ–ˆâ–ˆâ–ˆâ–‰  | 1584/1988 [02:30<00:33, 11.90it/s]
 80%|â–ˆâ–ˆâ–ˆâ–ˆâ–ˆâ–ˆâ–ˆâ–‰  | 1586/1988 [02:30<00:33, 11.90it/s]
 80%|â–ˆâ–ˆâ–ˆâ–ˆâ–ˆâ–ˆâ–ˆâ–‰  | 1588/1988 [02:30<00:33, 11.91it/s]
 80%|â–ˆâ–ˆâ–ˆâ–ˆâ–ˆâ–ˆâ–ˆâ–‰  | 1590/1988 [02:30<00:33, 11.90it/s]
 80%|â–ˆâ–ˆâ–ˆâ–ˆâ–ˆâ–ˆâ–ˆâ–ˆ  | 1592/1988 [02:30<00:33, 11.90it/s]
 80%|â–ˆâ–ˆâ–ˆâ–ˆâ–ˆâ–ˆâ–ˆâ–ˆ  | 1594/1988 [02:30<00:33, 11.90it/s]
 80%|â–ˆâ–ˆâ–ˆâ–ˆâ–ˆâ–ˆâ–ˆâ–ˆ  | 1596/1988 [02:31<00:32, 11.90it/s]
 80%|â–ˆâ–ˆâ–ˆâ–ˆâ–ˆâ–ˆâ–ˆâ–ˆ  | 1598/1988 [02:31<00:32, 11.90it/s]
 80%|â–ˆâ–ˆâ–ˆâ–ˆâ–ˆâ–ˆâ–ˆâ–ˆ  | 1600/1988 [02:31<00:32, 11.90it/s]
 81%|â–ˆâ–ˆâ–ˆâ–ˆâ–ˆâ–ˆâ–ˆâ–ˆ  | 1602/1988 [02:31<00:32, 11.90it/s]
 81%|â–ˆâ–ˆâ–ˆâ–ˆâ–ˆâ–ˆâ–ˆâ–ˆ  | 1604/1988 [02:31<00:32, 11.89it/s]
 81%|â–ˆâ–ˆâ–ˆâ–ˆâ–ˆâ–ˆâ–ˆâ–ˆ  | 1606/1988 [02:31<00:32, 11.89it/s]
 81%|â–ˆâ–ˆâ–ˆâ–ˆâ–ˆâ–ˆâ–ˆâ–ˆ  | 1608/1988 [02:32<00:31, 11.90it/s]
 81%|â–ˆâ–ˆâ–ˆâ–ˆâ–ˆâ–ˆâ–ˆâ–ˆ  | 1610/1988 [02:32<00:31, 11.90it/s]
 81%|â–ˆâ–ˆâ–ˆâ–ˆâ–ˆâ–ˆâ–ˆâ–ˆ  | 1612/1988 [02:32<00:31, 11.90it/s]
 81%|â–ˆâ–ˆâ–ˆâ–ˆâ–ˆâ–ˆâ–ˆâ–ˆ  | 1614/1988 [02:32<00:31, 11.90it/s]
 81%|â–ˆâ–ˆâ–ˆâ–ˆâ–ˆâ–ˆâ–ˆâ–ˆâ– | 1616/1988 [02:32<00:31, 11.89it/s]
 81%|â–ˆâ–ˆâ–ˆâ–ˆâ–ˆâ–ˆâ–ˆâ–ˆâ– | 1618/1988 [02:33<00:31, 11.90it/s]
 81%|â–ˆâ–ˆâ–ˆâ–ˆâ–ˆâ–ˆâ–ˆâ–ˆâ– | 1620/1988 [02:33<00:30, 11.91it/s]
 82%|â–ˆâ–ˆâ–ˆâ–ˆâ–ˆâ–ˆâ–ˆâ–ˆâ– | 1622/1988 [02:33<00:30, 11.91it/s]
 82%|â–ˆâ–ˆâ–ˆâ–ˆâ–ˆâ–ˆâ–ˆâ–ˆâ– | 1624/1988 [02:33<00:30, 11.90it/s]
 82%|â–ˆâ–ˆâ–ˆâ–ˆâ–ˆâ–ˆâ–ˆâ–ˆâ– | 1626/1988 [02:33<00:30, 11.91it/s]
 82%|â–ˆâ–ˆâ–ˆâ–ˆâ–ˆâ–ˆâ–ˆâ–ˆâ– | 1628/1988 [02:33<00:30, 11.90it/s]
 82%|â–ˆâ–ˆâ–ˆâ–ˆâ–ˆâ–ˆâ–ˆâ–ˆâ– | 1630/1988 [02:34<00:30, 11.90it/s]
 82%|â–ˆâ–ˆâ–ˆâ–ˆâ–ˆâ–ˆâ–ˆâ–ˆâ– | 1632/1988 [02:34<00:29, 11.91it/s]
 82%|â–ˆâ–ˆâ–ˆâ–ˆâ–ˆâ–ˆâ–ˆâ–ˆâ– | 1634/1988 [02:34<00:29, 11.90it/s]
 82%|â–ˆâ–ˆâ–ˆâ–ˆâ–ˆâ–ˆâ–ˆâ–ˆâ– | 1636/1988 [02:34<00:29, 11.90it/s]
 82%|â–ˆâ–ˆâ–ˆâ–ˆâ–ˆâ–ˆâ–ˆâ–ˆâ– | 1638/1988 [02:34<00:29, 11.90it/s]
 82%|â–ˆâ–ˆâ–ˆâ–ˆâ–ˆâ–ˆâ–ˆâ–ˆâ– | 1640/1988 [02:34<00:29, 11.91it/s]
 83%|â–ˆâ–ˆâ–ˆâ–ˆâ–ˆâ–ˆâ–ˆâ–ˆâ–Ž | 1642/1988 [02:35<00:29, 11.91it/s]
 83%|â–ˆâ–ˆâ–ˆâ–ˆâ–ˆâ–ˆâ–ˆâ–ˆâ–Ž | 1644/1988 [02:35<00:28, 11.91it/s]
 83%|â–ˆâ–ˆâ–ˆâ–ˆâ–ˆâ–ˆâ–ˆâ–ˆâ–Ž | 1646/1988 [02:35<00:28, 11.91it/s]
 83%|â–ˆâ–ˆâ–ˆâ–ˆâ–ˆâ–ˆâ–ˆâ–ˆâ–Ž | 1648/1988 [02:35<00:28, 11.90it/s]
 83%|â–ˆâ–ˆâ–ˆâ–ˆâ–ˆâ–ˆâ–ˆâ–ˆâ–Ž | 1650/1988 [02:35<00:28, 11.91it/s]
 83%|â–ˆâ–ˆâ–ˆâ–ˆâ–ˆâ–ˆâ–ˆâ–ˆâ–Ž | 1652/1988 [02:35<00:28, 11.91it/s]
 83%|â–ˆâ–ˆâ–ˆâ–ˆâ–ˆâ–ˆâ–ˆâ–ˆâ–Ž | 1654/1988 [02:36<00:28, 11.90it/s]
 83%|â–ˆâ–ˆâ–ˆâ–ˆâ–ˆâ–ˆâ–ˆâ–ˆâ–Ž | 1656/1988 [02:36<00:27, 11.91it/s]
 83%|â–ˆâ–ˆâ–ˆâ–ˆâ–ˆâ–ˆâ–ˆâ–ˆâ–Ž | 1658/1988 [02:36<00:27, 11.91it/s]
 84%|â–ˆâ–ˆâ–ˆâ–ˆâ–ˆâ–ˆâ–ˆâ–ˆâ–Ž | 1660/1988 [02:36<00:27, 11.90it/s]
 84%|â–ˆâ–ˆâ–ˆâ–ˆâ–ˆâ–ˆâ–ˆâ–ˆâ–Ž | 1662/1988 [02:36<00:27, 11.91it/s]
 84%|â–ˆâ–ˆâ–ˆâ–ˆâ–ˆâ–ˆâ–ˆâ–ˆâ–Ž | 1664/1988 [02:36<00:27, 11.91it/s]
 84%|â–ˆâ–ˆâ–ˆâ–ˆâ–ˆâ–ˆâ–ˆâ–ˆâ– | 1666/1988 [02:37<00:27, 11.90it/s]
 84%|â–ˆâ–ˆâ–ˆâ–ˆâ–ˆâ–ˆâ–ˆâ–ˆâ– | 1668/1988 [02:37<00:26, 11.91it/s]
 84%|â–ˆâ–ˆâ–ˆâ–ˆâ–ˆâ–ˆâ–ˆâ–ˆâ– | 1670/1988 [02:37<00:26, 11.91it/s]
 84%|â–ˆâ–ˆâ–ˆâ–ˆâ–ˆâ–ˆâ–ˆâ–ˆâ– | 1672/1988 [02:37<00:26, 11.91it/s]
 84%|â–ˆâ–ˆâ–ˆâ–ˆâ–ˆâ–ˆâ–ˆâ–ˆâ– | 1674/1988 [02:37<00:26, 11.91it/s]
 84%|â–ˆâ–ˆâ–ˆâ–ˆâ–ˆâ–ˆâ–ˆâ–ˆâ– | 1676/1988 [02:37<00:26, 11.91it/s]
 84%|â–ˆâ–ˆâ–ˆâ–ˆâ–ˆâ–ˆâ–ˆâ–ˆâ– | 1678/1988 [02:38<00:26, 11.91it/s]
 85%|â–ˆâ–ˆâ–ˆâ–ˆâ–ˆâ–ˆâ–ˆâ–ˆâ– | 1680/1988 [02:38<00:25, 11.92it/s]
 85%|â–ˆâ–ˆâ–ˆâ–ˆâ–ˆâ–ˆâ–ˆâ–ˆâ– | 1682/1988 [02:38<00:25, 11.92it/s]
 85%|â–ˆâ–ˆâ–ˆâ–ˆâ–ˆâ–ˆâ–ˆâ–ˆâ– | 1684/1988 [02:38<00:25, 11.91it/s]
 85%|â–ˆâ–ˆâ–ˆâ–ˆâ–ˆâ–ˆâ–ˆâ–ˆâ– | 1686/1988 [02:38<00:25, 11.91it/s]
 85%|â–ˆâ–ˆâ–ˆâ–ˆâ–ˆâ–ˆâ–ˆâ–ˆâ– | 1688/1988 [02:38<00:25, 11.91it/s]
 85%|â–ˆâ–ˆâ–ˆâ–ˆâ–ˆâ–ˆâ–ˆâ–ˆâ–Œ | 1690/1988 [02:39<00:25, 11.91it/s]
 85%|â–ˆâ–ˆâ–ˆâ–ˆâ–ˆâ–ˆâ–ˆâ–ˆâ–Œ | 1692/1988 [02:39<00:24, 11.90it/s]
 85%|â–ˆâ–ˆâ–ˆâ–ˆâ–ˆâ–ˆâ–ˆâ–ˆâ–Œ | 1694/1988 [02:39<00:24, 11.90it/s]
 85%|â–ˆâ–ˆâ–ˆâ–ˆâ–ˆâ–ˆâ–ˆâ–ˆâ–Œ | 1696/1988 [02:39<00:24, 11.91it/s]
 85%|â–ˆâ–ˆâ–ˆâ–ˆâ–ˆâ–ˆâ–ˆâ–ˆâ–Œ | 1698/1988 [02:39<00:24, 11.91it/s]
 86%|â–ˆâ–ˆâ–ˆâ–ˆâ–ˆâ–ˆâ–ˆâ–ˆâ–Œ | 1700/1988 [02:39<00:24, 11.91it/s]
 86%|â–ˆâ–ˆâ–ˆâ–ˆâ–ˆâ–ˆâ–ˆâ–ˆâ–Œ | 1702/1988 [02:40<00:24, 11.91it/s]
 86%|â–ˆâ–ˆâ–ˆâ–ˆâ–ˆâ–ˆâ–ˆâ–ˆâ–Œ | 1704/1988 [02:40<00:23, 11.91it/s]
 86%|â–ˆâ–ˆâ–ˆâ–ˆâ–ˆâ–ˆâ–ˆâ–ˆâ–Œ | 1706/1988 [02:40<00:23, 11.91it/s]
 86%|â–ˆâ–ˆâ–ˆâ–ˆâ–ˆâ–ˆâ–ˆâ–ˆâ–Œ | 1708/1988 [02:40<00:23, 11.91it/s]
 86%|â–ˆâ–ˆâ–ˆâ–ˆâ–ˆâ–ˆâ–ˆâ–ˆâ–Œ | 1710/1988 [02:40<00:23, 11.91it/s]
 86%|â–ˆâ–ˆâ–ˆâ–ˆâ–ˆâ–ˆâ–ˆâ–ˆâ–Œ | 1712/1988 [02:40<00:23, 11.91it/s]
 86%|â–ˆâ–ˆâ–ˆâ–ˆâ–ˆâ–ˆâ–ˆâ–ˆâ–Œ | 1714/1988 [02:41<00:23, 11.91it/s]
 86%|â–ˆâ–ˆâ–ˆâ–ˆâ–ˆâ–ˆâ–ˆâ–ˆâ–‹ | 1716/1988 [02:41<00:22, 11.91it/s]
 86%|â–ˆâ–ˆâ–ˆâ–ˆâ–ˆâ–ˆâ–ˆâ–ˆâ–‹ | 1718/1988 [02:41<00:22, 11.91it/s]
 87%|â–ˆâ–ˆâ–ˆâ–ˆâ–ˆâ–ˆâ–ˆâ–ˆâ–‹ | 1720/1988 [02:41<00:22, 11.91it/s]
 87%|â–ˆâ–ˆâ–ˆâ–ˆâ–ˆâ–ˆâ–ˆâ–ˆâ–‹ | 1722/1988 [02:41<00:22, 11.90it/s]
 87%|â–ˆâ–ˆâ–ˆâ–ˆâ–ˆâ–ˆâ–ˆâ–ˆâ–‹ | 1724/1988 [02:41<00:22, 11.90it/s]
 87%|â–ˆâ–ˆâ–ˆâ–ˆâ–ˆâ–ˆâ–ˆâ–ˆâ–‹ | 1726/1988 [02:42<00:22, 11.90it/s]
 87%|â–ˆâ–ˆâ–ˆâ–ˆâ–ˆâ–ˆâ–ˆâ–ˆâ–‹ | 1728/1988 [02:42<00:21, 11.90it/s]
 87%|â–ˆâ–ˆâ–ˆâ–ˆâ–ˆâ–ˆâ–ˆâ–ˆâ–‹ | 1730/1988 [02:42<00:21, 11.89it/s]
 87%|â–ˆâ–ˆâ–ˆâ–ˆâ–ˆâ–ˆâ–ˆâ–ˆâ–‹ | 1732/1988 [02:42<00:21, 11.89it/s]
 87%|â–ˆâ–ˆâ–ˆâ–ˆâ–ˆâ–ˆâ–ˆâ–ˆâ–‹ | 1734/1988 [02:42<00:21, 11.89it/s]
 87%|â–ˆâ–ˆâ–ˆâ–ˆâ–ˆâ–ˆâ–ˆâ–ˆâ–‹ | 1736/1988 [02:42<00:21, 11.89it/s]
 87%|â–ˆâ–ˆâ–ˆâ–ˆâ–ˆâ–ˆâ–ˆâ–ˆâ–‹ | 1738/1988 [02:43<00:21, 11.89it/s]
 88%|â–ˆâ–ˆâ–ˆâ–ˆâ–ˆâ–ˆâ–ˆâ–ˆâ–Š | 1740/1988 [02:43<00:20, 11.90it/s]
 88%|â–ˆâ–ˆâ–ˆâ–ˆâ–ˆâ–ˆâ–ˆâ–ˆâ–Š | 1742/1988 [02:43<00:20, 11.90it/s]
 88%|â–ˆâ–ˆâ–ˆâ–ˆâ–ˆâ–ˆâ–ˆâ–ˆâ–Š | 1744/1988 [02:43<00:20, 11.90it/s]
 88%|â–ˆâ–ˆâ–ˆâ–ˆâ–ˆâ–ˆâ–ˆâ–ˆâ–Š | 1746/1988 [02:43<00:20, 11.90it/s]
 88%|â–ˆâ–ˆâ–ˆâ–ˆâ–ˆâ–ˆâ–ˆâ–ˆâ–Š | 1748/1988 [02:43<00:20, 11.90it/s]
 88%|â–ˆâ–ˆâ–ˆâ–ˆâ–ˆâ–ˆâ–ˆâ–ˆâ–Š | 1750/1988 [02:44<00:19, 11.90it/s]
 88%|â–ˆâ–ˆâ–ˆâ–ˆâ–ˆâ–ˆâ–ˆâ–ˆâ–Š | 1752/1988 [02:44<00:19, 11.90it/s]
 88%|â–ˆâ–ˆâ–ˆâ–ˆâ–ˆâ–ˆâ–ˆâ–ˆâ–Š | 1754/1988 [02:44<00:19, 11.90it/s]
 88%|â–ˆâ–ˆâ–ˆâ–ˆâ–ˆâ–ˆâ–ˆâ–ˆâ–Š | 1756/1988 [02:44<00:19, 11.90it/s]
 88%|â–ˆâ–ˆâ–ˆâ–ˆâ–ˆâ–ˆâ–ˆâ–ˆâ–Š | 1758/1988 [02:44<00:19, 11.90it/s]
 89%|â–ˆâ–ˆâ–ˆâ–ˆâ–ˆâ–ˆâ–ˆâ–ˆâ–Š | 1760/1988 [02:44<00:19, 11.90it/s]
 89%|â–ˆâ–ˆâ–ˆâ–ˆâ–ˆâ–ˆâ–ˆâ–ˆâ–Š | 1762/1988 [02:45<00:18, 11.90it/s]
 89%|â–ˆâ–ˆâ–ˆâ–ˆâ–ˆâ–ˆâ–ˆâ–ˆâ–Š | 1764/1988 [02:45<00:18, 11.90it/s]
 89%|â–ˆâ–ˆâ–ˆâ–ˆâ–ˆâ–ˆâ–ˆâ–ˆâ–‰ | 1766/1988 [02:45<00:18, 11.90it/s]
 89%|â–ˆâ–ˆâ–ˆâ–ˆâ–ˆâ–ˆâ–ˆâ–ˆâ–‰ | 1768/1988 [02:45<00:18, 11.90it/s]
 89%|â–ˆâ–ˆâ–ˆâ–ˆâ–ˆâ–ˆâ–ˆâ–ˆâ–‰ | 1770/1988 [02:45<00:18, 11.90it/s]
 89%|â–ˆâ–ˆâ–ˆâ–ˆâ–ˆâ–ˆâ–ˆâ–ˆâ–‰ | 1772/1988 [02:45<00:18, 11.91it/s]
 89%|â–ˆâ–ˆâ–ˆâ–ˆâ–ˆâ–ˆâ–ˆâ–ˆâ–‰ | 1774/1988 [02:46<00:17, 11.91it/s]
 89%|â–ˆâ–ˆâ–ˆâ–ˆâ–ˆâ–ˆâ–ˆâ–ˆâ–‰ | 1776/1988 [02:46<00:17, 11.91it/s]
 89%|â–ˆâ–ˆâ–ˆâ–ˆâ–ˆâ–ˆâ–ˆâ–ˆâ–‰ | 1778/1988 [02:46<00:17, 11.90it/s]
 90%|â–ˆâ–ˆâ–ˆâ–ˆâ–ˆâ–ˆâ–ˆâ–ˆâ–‰ | 1780/1988 [02:46<00:17, 11.90it/s]
 90%|â–ˆâ–ˆâ–ˆâ–ˆâ–ˆâ–ˆâ–ˆâ–ˆâ–‰ | 1782/1988 [02:46<00:17, 11.90it/s]
 90%|â–ˆâ–ˆâ–ˆâ–ˆâ–ˆâ–ˆâ–ˆâ–ˆâ–‰ | 1784/1988 [02:46<00:17, 11.91it/s]
 90%|â–ˆâ–ˆâ–ˆâ–ˆâ–ˆâ–ˆâ–ˆâ–ˆâ–‰ | 1786/1988 [02:47<00:16, 11.90it/s]
 90%|â–ˆâ–ˆâ–ˆâ–ˆâ–ˆâ–ˆâ–ˆâ–ˆâ–‰ | 1788/1988 [02:47<00:16, 11.90it/s]
 90%|â–ˆâ–ˆâ–ˆâ–ˆâ–ˆâ–ˆâ–ˆâ–ˆâ–ˆ | 1790/1988 [02:47<00:16, 11.90it/s]
 90%|â–ˆâ–ˆâ–ˆâ–ˆâ–ˆâ–ˆâ–ˆâ–ˆâ–ˆ | 1792/1988 [02:47<00:16, 11.90it/s]
 90%|â–ˆâ–ˆâ–ˆâ–ˆâ–ˆâ–ˆâ–ˆâ–ˆâ–ˆ | 1794/1988 [02:47<00:16, 11.90it/s]
 90%|â–ˆâ–ˆâ–ˆâ–ˆâ–ˆâ–ˆâ–ˆâ–ˆâ–ˆ | 1796/1988 [02:47<00:16, 11.90it/s]
 90%|â–ˆâ–ˆâ–ˆâ–ˆâ–ˆâ–ˆâ–ˆâ–ˆâ–ˆ | 1798/1988 [02:48<00:15, 11.91it/s]
 91%|â–ˆâ–ˆâ–ˆâ–ˆâ–ˆâ–ˆâ–ˆâ–ˆâ–ˆ | 1800/1988 [02:48<00:15, 11.90it/s]
 91%|â–ˆâ–ˆâ–ˆâ–ˆâ–ˆâ–ˆâ–ˆâ–ˆâ–ˆ | 1802/1988 [02:48<00:15, 11.91it/s]
 91%|â–ˆâ–ˆâ–ˆâ–ˆâ–ˆâ–ˆâ–ˆâ–ˆâ–ˆ | 1804/1988 [02:48<00:15, 11.91it/s]
 91%|â–ˆâ–ˆâ–ˆâ–ˆâ–ˆâ–ˆâ–ˆâ–ˆâ–ˆ | 1806/1988 [02:48<00:15, 11.91it/s]
 91%|â–ˆâ–ˆâ–ˆâ–ˆâ–ˆâ–ˆâ–ˆâ–ˆâ–ˆ | 1808/1988 [02:48<00:15, 11.90it/s]
 91%|â–ˆâ–ˆâ–ˆâ–ˆâ–ˆâ–ˆâ–ˆâ–ˆâ–ˆ | 1810/1988 [02:49<00:14, 11.90it/s]
 91%|â–ˆâ–ˆâ–ˆâ–ˆâ–ˆâ–ˆâ–ˆâ–ˆâ–ˆ | 1812/1988 [02:49<00:14, 11.90it/s]
 91%|â–ˆâ–ˆâ–ˆâ–ˆâ–ˆâ–ˆâ–ˆâ–ˆâ–ˆ | 1814/1988 [02:49<00:14, 11.90it/s]
 91%|â–ˆâ–ˆâ–ˆâ–ˆâ–ˆâ–ˆâ–ˆâ–ˆâ–ˆâ–| 1816/1988 [02:49<00:14, 11.90it/s]
 91%|â–ˆâ–ˆâ–ˆâ–ˆâ–ˆâ–ˆâ–ˆâ–ˆâ–ˆâ–| 1818/1988 [02:49<00:14, 11.90it/s]
 92%|â–ˆâ–ˆâ–ˆâ–ˆâ–ˆâ–ˆâ–ˆâ–ˆâ–ˆâ–| 1820/1988 [02:49<00:14, 11.90it/s]
 92%|â–ˆâ–ˆâ–ˆâ–ˆâ–ˆâ–ˆâ–ˆâ–ˆâ–ˆâ–| 1822/1988 [02:50<00:13, 11.90it/s]
 92%|â–ˆâ–ˆâ–ˆâ–ˆâ–ˆâ–ˆâ–ˆâ–ˆâ–ˆâ–| 1824/1988 [02:50<00:13, 11.90it/s]
 92%|â–ˆâ–ˆâ–ˆâ–ˆâ–ˆâ–ˆâ–ˆâ–ˆâ–ˆâ–| 1826/1988 [02:50<00:13, 11.90it/s]
 92%|â–ˆâ–ˆâ–ˆâ–ˆâ–ˆâ–ˆâ–ˆâ–ˆâ–ˆâ–| 1828/1988 [02:50<00:13, 11.90it/s]
 92%|â–ˆâ–ˆâ–ˆâ–ˆâ–ˆâ–ˆâ–ˆâ–ˆâ–ˆâ–| 1830/1988 [02:50<00:13, 11.90it/s]
 92%|â–ˆâ–ˆâ–ˆâ–ˆâ–ˆâ–ˆâ–ˆâ–ˆâ–ˆâ–| 1832/1988 [02:50<00:13, 11.90it/s]
 92%|â–ˆâ–ˆâ–ˆâ–ˆâ–ˆâ–ˆâ–ˆâ–ˆâ–ˆâ–| 1834/1988 [02:51<00:12, 11.89it/s]
 92%|â–ˆâ–ˆâ–ˆâ–ˆâ–ˆâ–ˆâ–ˆâ–ˆâ–ˆâ–| 1836/1988 [02:51<00:12, 11.90it/s]
 92%|â–ˆâ–ˆâ–ˆâ–ˆâ–ˆâ–ˆâ–ˆâ–ˆâ–ˆâ–| 1838/1988 [02:51<00:12, 11.90it/s]
 93%|â–ˆâ–ˆâ–ˆâ–ˆâ–ˆâ–ˆâ–ˆâ–ˆâ–ˆâ–Ž| 1840/1988 [02:51<00:12, 11.90it/s]
 93%|â–ˆâ–ˆâ–ˆâ–ˆâ–ˆâ–ˆâ–ˆâ–ˆâ–ˆâ–Ž| 1842/1988 [02:51<00:12, 11.90it/s]
 93%|â–ˆâ–ˆâ–ˆâ–ˆâ–ˆâ–ˆâ–ˆâ–ˆâ–ˆâ–Ž| 1844/1988 [02:51<00:12, 11.90it/s]
 93%|â–ˆâ–ˆâ–ˆâ–ˆâ–ˆâ–ˆâ–ˆâ–ˆâ–ˆâ–Ž| 1846/1988 [02:52<00:11, 11.90it/s]
 93%|â–ˆâ–ˆâ–ˆâ–ˆâ–ˆâ–ˆâ–ˆâ–ˆâ–ˆâ–Ž| 1848/1988 [02:52<00:11, 11.90it/s]
 93%|â–ˆâ–ˆâ–ˆâ–ˆâ–ˆâ–ˆâ–ˆâ–ˆâ–ˆâ–Ž| 1850/1988 [02:52<00:11, 11.90it/s]
 93%|â–ˆâ–ˆâ–ˆâ–ˆâ–ˆâ–ˆâ–ˆâ–ˆâ–ˆâ–Ž| 1852/1988 [02:52<00:11, 11.90it/s]
 93%|â–ˆâ–ˆâ–ˆâ–ˆâ–ˆâ–ˆâ–ˆâ–ˆâ–ˆâ–Ž| 1854/1988 [02:52<00:11, 11.90it/s]
 93%|â–ˆâ–ˆâ–ˆâ–ˆâ–ˆâ–ˆâ–ˆâ–ˆâ–ˆâ–Ž| 1856/1988 [02:52<00:11, 11.90it/s]
 93%|â–ˆâ–ˆâ–ˆâ–ˆâ–ˆâ–ˆâ–ˆâ–ˆâ–ˆâ–Ž| 1858/1988 [02:53<00:10, 11.90it/s]
 94%|â–ˆâ–ˆâ–ˆâ–ˆâ–ˆâ–ˆâ–ˆâ–ˆâ–ˆâ–Ž| 1860/1988 [02:53<00:10, 11.90it/s]
 94%|â–ˆâ–ˆâ–ˆâ–ˆâ–ˆâ–ˆâ–ˆâ–ˆâ–ˆâ–Ž| 1862/1988 [02:53<00:10, 11.90it/s]
 94%|â–ˆâ–ˆâ–ˆâ–ˆâ–ˆâ–ˆâ–ˆâ–ˆâ–ˆâ–| 1864/1988 [02:53<00:10, 11.90it/s]
 94%|â–ˆâ–ˆâ–ˆâ–ˆâ–ˆâ–ˆâ–ˆâ–ˆâ–ˆâ–| 1866/1988 [02:53<00:10, 11.89it/s]
 94%|â–ˆâ–ˆâ–ˆâ–ˆâ–ˆâ–ˆâ–ˆâ–ˆâ–ˆâ–| 1868/1988 [02:54<00:10, 11.90it/s]
 94%|â–ˆâ–ˆâ–ˆâ–ˆâ–ˆâ–ˆâ–ˆâ–ˆâ–ˆâ–| 1870/1988 [02:54<00:09, 11.90it/s]
 94%|â–ˆâ–ˆâ–ˆâ–ˆâ–ˆâ–ˆâ–ˆâ–ˆâ–ˆâ–| 1872/1988 [02:54<00:09, 11.90it/s]
 94%|â–ˆâ–ˆâ–ˆâ–ˆâ–ˆâ–ˆâ–ˆâ–ˆâ–ˆâ–| 1874/1988 [02:54<00:09, 11.90it/s]
 94%|â–ˆâ–ˆâ–ˆâ–ˆâ–ˆâ–ˆâ–ˆâ–ˆâ–ˆâ–| 1876/1988 [02:54<00:09, 11.90it/s]
 94%|â–ˆâ–ˆâ–ˆâ–ˆâ–ˆâ–ˆâ–ˆâ–ˆâ–ˆâ–| 1878/1988 [02:54<00:09, 11.89it/s]
 95%|â–ˆâ–ˆâ–ˆâ–ˆâ–ˆâ–ˆâ–ˆâ–ˆâ–ˆâ–| 1880/1988 [02:55<00:09, 11.90it/s]
 95%|â–ˆâ–ˆâ–ˆâ–ˆâ–ˆâ–ˆâ–ˆâ–ˆâ–ˆâ–| 1882/1988 [02:55<00:08, 11.90it/s]
 95%|â–ˆâ–ˆâ–ˆâ–ˆâ–ˆâ–ˆâ–ˆâ–ˆâ–ˆâ–| 1884/1988 [02:55<00:08, 11.90it/s]
 95%|â–ˆâ–ˆâ–ˆâ–ˆâ–ˆâ–ˆâ–ˆâ–ˆâ–ˆâ–| 1886/1988 [02:55<00:08, 11.90it/s]
 95%|â–ˆâ–ˆâ–ˆâ–ˆâ–ˆâ–ˆâ–ˆâ–ˆâ–ˆâ–| 1888/1988 [02:55<00:08, 11.90it/s]
 95%|â–ˆâ–ˆâ–ˆâ–ˆâ–ˆâ–ˆâ–ˆâ–ˆâ–ˆâ–Œ| 1890/1988 [02:55<00:08, 11.90it/s]
 95%|â–ˆâ–ˆâ–ˆâ–ˆâ–ˆâ–ˆâ–ˆâ–ˆâ–ˆâ–Œ| 1892/1988 [02:56<00:08, 11.90it/s]
 95%|â–ˆâ–ˆâ–ˆâ–ˆâ–ˆâ–ˆâ–ˆâ–ˆâ–ˆâ–Œ| 1894/1988 [02:56<00:07, 11.90it/s]
 95%|â–ˆâ–ˆâ–ˆâ–ˆâ–ˆâ–ˆâ–ˆâ–ˆâ–ˆâ–Œ| 1896/1988 [02:56<00:07, 11.90it/s]
 95%|â–ˆâ–ˆâ–ˆâ–ˆâ–ˆâ–ˆâ–ˆâ–ˆâ–ˆâ–Œ| 1898/1988 [02:56<00:07, 11.89it/s]
 96%|â–ˆâ–ˆâ–ˆâ–ˆâ–ˆâ–ˆâ–ˆâ–ˆâ–ˆâ–Œ| 1900/1988 [02:56<00:07, 11.90it/s]
 96%|â–ˆâ–ˆâ–ˆâ–ˆâ–ˆâ–ˆâ–ˆâ–ˆâ–ˆâ–Œ| 1902/1988 [02:56<00:07, 11.90it/s]
 96%|â–ˆâ–ˆâ–ˆâ–ˆâ–ˆâ–ˆâ–ˆâ–ˆâ–ˆâ–Œ| 1904/1988 [02:57<00:07, 11.89it/s]
 96%|â–ˆâ–ˆâ–ˆâ–ˆâ–ˆâ–ˆâ–ˆâ–ˆâ–ˆâ–Œ| 1906/1988 [02:57<00:06, 11.90it/s]
 96%|â–ˆâ–ˆâ–ˆâ–ˆâ–ˆâ–ˆâ–ˆâ–ˆâ–ˆâ–Œ| 1908/1988 [02:57<00:06, 11.90it/s]
 96%|â–ˆâ–ˆâ–ˆâ–ˆâ–ˆâ–ˆâ–ˆâ–ˆâ–ˆâ–Œ| 1910/1988 [02:57<00:06, 11.90it/s]
 96%|â–ˆâ–ˆâ–ˆâ–ˆâ–ˆâ–ˆâ–ˆâ–ˆâ–ˆâ–Œ| 1912/1988 [02:57<00:06, 11.91it/s]
 96%|â–ˆâ–ˆâ–ˆâ–ˆâ–ˆâ–ˆâ–ˆâ–ˆâ–ˆâ–‹| 1914/1988 [02:57<00:06, 11.91it/s]
 96%|â–ˆâ–ˆâ–ˆâ–ˆâ–ˆâ–ˆâ–ˆâ–ˆâ–ˆâ–‹| 1916/1988 [02:58<00:06, 11.91it/s]
 96%|â–ˆâ–ˆâ–ˆâ–ˆâ–ˆâ–ˆâ–ˆâ–ˆâ–ˆâ–‹| 1918/1988 [02:58<00:05, 11.91it/s]
 97%|â–ˆâ–ˆâ–ˆâ–ˆâ–ˆâ–ˆâ–ˆâ–ˆâ–ˆâ–‹| 1920/1988 [02:58<00:05, 11.91it/s]
 97%|â–ˆâ–ˆâ–ˆâ–ˆâ–ˆâ–ˆâ–ˆâ–ˆâ–ˆâ–‹| 1922/1988 [02:58<00:05, 11.90it/s]
 97%|â–ˆâ–ˆâ–ˆâ–ˆâ–ˆâ–ˆâ–ˆâ–ˆâ–ˆâ–‹| 1924/1988 [02:58<00:05, 11.90it/s]
 97%|â–ˆâ–ˆâ–ˆâ–ˆâ–ˆâ–ˆâ–ˆâ–ˆâ–ˆâ–‹| 1926/1988 [02:58<00:05, 11.90it/s]
 97%|â–ˆâ–ˆâ–ˆâ–ˆâ–ˆâ–ˆâ–ˆâ–ˆâ–ˆâ–‹| 1928/1988 [02:59<00:05, 11.90it/s]
 97%|â–ˆâ–ˆâ–ˆâ–ˆâ–ˆâ–ˆâ–ˆâ–ˆâ–ˆâ–‹| 1930/1988 [02:59<00:04, 11.90it/s]
 97%|â–ˆâ–ˆâ–ˆâ–ˆâ–ˆâ–ˆâ–ˆâ–ˆâ–ˆâ–‹| 1932/1988 [02:59<00:04, 11.90it/s]
 97%|â–ˆâ–ˆâ–ˆâ–ˆâ–ˆâ–ˆâ–ˆâ–ˆâ–ˆâ–‹| 1934/1988 [02:59<00:04, 11.91it/s]
 97%|â–ˆâ–ˆâ–ˆâ–ˆâ–ˆâ–ˆâ–ˆâ–ˆâ–ˆâ–‹| 1936/1988 [02:59<00:04, 11.91it/s]
 97%|â–ˆâ–ˆâ–ˆâ–ˆâ–ˆâ–ˆâ–ˆâ–ˆâ–ˆâ–‹| 1938/1988 [02:59<00:04, 11.91it/s]
 98%|â–ˆâ–ˆâ–ˆâ–ˆâ–ˆâ–ˆâ–ˆâ–ˆâ–ˆâ–Š| 1940/1988 [03:00<00:04, 11.91it/s]
 98%|â–ˆâ–ˆâ–ˆâ–ˆâ–ˆâ–ˆâ–ˆâ–ˆâ–ˆâ–Š| 1942/1988 [03:00<00:03, 11.91it/s]
 98%|â–ˆâ–ˆâ–ˆâ–ˆâ–ˆâ–ˆâ–ˆâ–ˆâ–ˆâ–Š| 1944/1988 [03:00<00:03, 11.91it/s]
 98%|â–ˆâ–ˆâ–ˆâ–ˆâ–ˆâ–ˆâ–ˆâ–ˆâ–ˆâ–Š| 1946/1988 [03:00<00:03, 11.91it/s]
 98%|â–ˆâ–ˆâ–ˆâ–ˆâ–ˆâ–ˆâ–ˆâ–ˆâ–ˆâ–Š| 1948/1988 [03:00<00:03, 11.90it/s]
 98%|â–ˆâ–ˆâ–ˆâ–ˆâ–ˆâ–ˆâ–ˆâ–ˆâ–ˆâ–Š| 1950/1988 [03:00<00:03, 11.91it/s]
 98%|â–ˆâ–ˆâ–ˆâ–ˆâ–ˆâ–ˆâ–ˆâ–ˆâ–ˆâ–Š| 1952/1988 [03:01<00:03, 11.91it/s]
 98%|â–ˆâ–ˆâ–ˆâ–ˆâ–ˆâ–ˆâ–ˆâ–ˆâ–ˆâ–Š| 1954/1988 [03:01<00:02, 11.89it/s]
 98%|â–ˆâ–ˆâ–ˆâ–ˆâ–ˆâ–ˆâ–ˆâ–ˆâ–ˆâ–Š| 1956/1988 [03:01<00:02, 11.89it/s]
 98%|â–ˆâ–ˆâ–ˆâ–ˆâ–ˆâ–ˆâ–ˆâ–ˆâ–ˆâ–Š| 1958/1988 [03:01<00:02, 11.89it/s]
 99%|â–ˆâ–ˆâ–ˆâ–ˆâ–ˆâ–ˆâ–ˆâ–ˆâ–ˆâ–Š| 1960/1988 [03:01<00:02, 11.89it/s]
 99%|â–ˆâ–ˆâ–ˆâ–ˆâ–ˆâ–ˆâ–ˆâ–ˆâ–ˆâ–Š| 1962/1988 [03:01<00:02, 11.90it/s]
 99%|â–ˆâ–ˆâ–ˆâ–ˆâ–ˆâ–ˆâ–ˆâ–ˆâ–ˆâ–‰| 1964/1988 [03:02<00:02, 11.90it/s]
 99%|â–ˆâ–ˆâ–ˆâ–ˆâ–ˆâ–ˆâ–ˆâ–ˆâ–ˆâ–‰| 1966/1988 [03:02<00:01, 11.90it/s]
 99%|â–ˆâ–ˆâ–ˆâ–ˆâ–ˆâ–ˆâ–ˆâ–ˆâ–ˆâ–‰| 1968/1988 [03:02<00:01, 11.89it/s]
 99%|â–ˆâ–ˆâ–ˆâ–ˆâ–ˆâ–ˆâ–ˆâ–ˆâ–ˆâ–‰| 1970/1988 [03:02<00:01, 11.90it/s]
 99%|â–ˆâ–ˆâ–ˆâ–ˆâ–ˆâ–ˆâ–ˆâ–ˆâ–ˆâ–‰| 1972/1988 [03:02<00:01, 11.90it/s]
 99%|â–ˆâ–ˆâ–ˆâ–ˆâ–ˆâ–ˆâ–ˆâ–ˆâ–ˆâ–‰| 1974/1988 [03:02<00:01, 11.90it/s]
 99%|â–ˆâ–ˆâ–ˆâ–ˆâ–ˆâ–ˆâ–ˆâ–ˆâ–ˆâ–‰| 1976/1988 [03:03<00:01, 11.90it/s]
 99%|â–ˆâ–ˆâ–ˆâ–ˆâ–ˆâ–ˆâ–ˆâ–ˆâ–ˆâ–‰| 1978/1988 [03:03<00:00, 11.90it/s]
100%|â–ˆâ–ˆâ–ˆâ–ˆâ–ˆâ–ˆâ–ˆâ–ˆâ–ˆâ–‰| 1980/1988 [03:03<00:00, 11.90it/s]
100%|â–ˆâ–ˆâ–ˆâ–ˆâ–ˆâ–ˆâ–ˆâ–ˆâ–ˆâ–‰| 1982/1988 [03:03<00:00, 11.90it/s]
100%|â–ˆâ–ˆâ–ˆâ–ˆâ–ˆâ–ˆâ–ˆâ–ˆâ–ˆâ–‰| 1984/1988 [03:03<00:00, 11.90it/s]
100%|â–ˆâ–ˆâ–ˆâ–ˆâ–ˆâ–ˆâ–ˆâ–ˆâ–ˆâ–‰| 1986/1988 [03:03<00:00, 11.89it/s]
100%|â–ˆâ–ˆâ–ˆâ–ˆâ–ˆâ–ˆâ–ˆâ–ˆâ–ˆâ–ˆ| 1988/1988 [03:04<00:00, 11.98it/s]
                                                   
{'loss': 0.2841, 'grad_norm': 1.2026125192642212, 'learning_rate': 0.0, 'epoch': 4.0}

100%|â–ˆâ–ˆâ–ˆâ–ˆâ–ˆâ–ˆâ–ˆâ–ˆâ–ˆâ–ˆ| 1988/1988 [03:04<00:00, 11.98it/s]

  0%|          | 0/83 [00:00<?, ?it/s][A

  6%|â–Œ         | 5/83 [00:00<00:01, 42.61it/s][A

 12%|â–ˆâ–        | 10/83 [00:00<00:01, 37.14it/s][A

 17%|â–ˆâ–‹        | 14/83 [00:00<00:01, 35.84it/s][A

 22%|â–ˆâ–ˆâ–       | 18/83 [00:00<00:01, 35.18it/s][A

 27%|â–ˆâ–ˆâ–‹       | 22/83 [00:00<00:01, 34.79it/s][A

 31%|â–ˆâ–ˆâ–ˆâ–      | 26/83 [00:00<00:01, 34.54it/s][A

 36%|â–ˆâ–ˆâ–ˆâ–Œ      | 30/83 [00:00<00:01, 34.39it/s][A

 41%|â–ˆâ–ˆâ–ˆâ–ˆ      | 34/83 [00:00<00:01, 34.29it/s][A

 46%|â–ˆâ–ˆâ–ˆâ–ˆâ–Œ     | 38/83 [00:01<00:01, 34.22it/s][A

 51%|â–ˆâ–ˆâ–ˆâ–ˆâ–ˆ     | 42/83 [00:01<00:01, 34.17it/s][A

 55%|â–ˆâ–ˆâ–ˆâ–ˆâ–ˆâ–Œ    | 46/83 [00:01<00:01, 34.15it/s][A

 60%|â–ˆâ–ˆâ–ˆâ–ˆâ–ˆâ–ˆ    | 50/83 [00:01<00:00, 34.11it/s][A

 65%|â–ˆâ–ˆâ–ˆâ–ˆâ–ˆâ–ˆâ–Œ   | 54/83 [00:01<00:00, 34.11it/s][A

 70%|â–ˆâ–ˆâ–ˆâ–ˆâ–ˆâ–ˆâ–‰   | 58/83 [00:01<00:00, 34.11it/s][A

 75%|â–ˆâ–ˆâ–ˆâ–ˆâ–ˆâ–ˆâ–ˆâ–  | 62/83 [00:01<00:00, 34.11it/s][A

 80%|â–ˆâ–ˆâ–ˆâ–ˆâ–ˆâ–ˆâ–ˆâ–‰  | 66/83 [00:01<00:00, 34.10it/s][A

 84%|â–ˆâ–ˆâ–ˆâ–ˆâ–ˆâ–ˆâ–ˆâ–ˆâ– | 70/83 [00:02<00:00, 34.11it/s][A

 89%|â–ˆâ–ˆâ–ˆâ–ˆâ–ˆâ–ˆâ–ˆâ–ˆâ–‰ | 74/83 [00:02<00:00, 34.10it/s][A

 94%|â–ˆâ–ˆâ–ˆâ–ˆâ–ˆâ–ˆâ–ˆâ–ˆâ–ˆâ–| 78/83 [00:02<00:00, 34.10it/s][A

 99%|â–ˆâ–ˆâ–ˆâ–ˆâ–ˆâ–ˆâ–ˆâ–ˆâ–ˆâ–‰| 82/83 [00:02<00:00, 34.21it/s][A
                                                   

                                               
[A{'eval_loss': 1.415844202041626, 'eval_accuracy': 0.6611195158850227, 'eval_precision': 0.6655816066622343, 'eval_recall': 0.6611195158850227, 'eval_f1': 0.6614529588846381, 'eval_runtime': 2.4283, 'eval_samples_per_second': 272.204, 'eval_steps_per_second': 34.18, 'epoch': 4.0}

100%|â–ˆâ–ˆâ–ˆâ–ˆâ–ˆâ–ˆâ–ˆâ–ˆâ–ˆâ–ˆ| 1988/1988 [03:06<00:00, 11.98it/s]

100%|â–ˆâ–ˆâ–ˆâ–ˆâ–ˆâ–ˆâ–ˆâ–ˆâ–ˆâ–ˆ| 83/83 [00:02<00:00, 34.21it/s][A

                                               [A
                                                   
{'train_runtime': 186.5181, 'train_samples_per_second': 85.268, 'train_steps_per_second': 10.658, 'train_loss': 0.6453679888780928, 'epoch': 4.0}

100%|â–ˆâ–ˆâ–ˆâ–ˆâ–ˆâ–ˆâ–ˆâ–ˆâ–ˆâ–ˆ| 1988/1988 [03:06<00:00, 11.98it/s]
100%|â–ˆâ–ˆâ–ˆâ–ˆâ–ˆâ–ˆâ–ˆâ–ˆâ–ˆâ–ˆ| 1988/1988 [03:06<00:00, 10.66it/s]

  0%|          | 0/80 [00:00<?, ?it/s]
  6%|â–‹         | 5/80 [00:00<00:01, 42.67it/s]
 12%|â–ˆâ–Ž        | 10/80 [00:00<00:01, 37.16it/s]
 18%|â–ˆâ–Š        | 14/80 [00:00<00:01, 35.86it/s]
 22%|â–ˆâ–ˆâ–Ž       | 18/80 [00:00<00:01, 35.19it/s]
 28%|â–ˆâ–ˆâ–Š       | 22/80 [00:00<00:01, 34.80it/s]
 32%|â–ˆâ–ˆâ–ˆâ–Ž      | 26/80 [00:00<00:01, 34.57it/s]
 38%|â–ˆâ–ˆâ–ˆâ–Š      | 30/80 [00:00<00:01, 34.42it/s]
 42%|â–ˆâ–ˆâ–ˆâ–ˆâ–Ž     | 34/80 [00:00<00:01, 34.33it/s]
 48%|â–ˆâ–ˆâ–ˆâ–ˆâ–Š     | 38/80 [00:01<00:01, 34.26it/s]
 52%|â–ˆâ–ˆâ–ˆâ–ˆâ–ˆâ–Ž    | 42/80 [00:01<00:01, 34.21it/s]
 57%|â–ˆâ–ˆâ–ˆâ–ˆâ–ˆâ–Š    | 46/80 [00:01<00:00, 34.18it/s]
 62%|â–ˆâ–ˆâ–ˆâ–ˆâ–ˆâ–ˆâ–Ž   | 50/80 [00:01<00:00, 34.16it/s]
 68%|â–ˆâ–ˆâ–ˆâ–ˆâ–ˆâ–ˆâ–Š   | 54/80 [00:01<00:00, 34.13it/s]
 72%|â–ˆâ–ˆâ–ˆâ–ˆâ–ˆâ–ˆâ–ˆâ–Ž  | 58/80 [00:01<00:00, 34.13it/s]
 78%|â–ˆâ–ˆâ–ˆâ–ˆâ–ˆâ–ˆâ–ˆâ–Š  | 62/80 [00:01<00:00, 34.13it/s]
 82%|â–ˆâ–ˆâ–ˆâ–ˆâ–ˆâ–ˆâ–ˆâ–ˆâ–Ž | 66/80 [00:01<00:00, 34.13it/s]
 88%|â–ˆâ–ˆâ–ˆâ–ˆâ–ˆâ–ˆâ–ˆâ–ˆâ–Š | 70/80 [00:02<00:00, 34.12it/s]
 92%|â–ˆâ–ˆâ–ˆâ–ˆâ–ˆâ–ˆâ–ˆâ–ˆâ–ˆâ–Ž| 74/80 [00:02<00:00, 34.09it/s]
 98%|â–ˆâ–ˆâ–ˆâ–ˆâ–ˆâ–ˆâ–ˆâ–ˆâ–ˆâ–Š| 78/80 [00:02<00:00, 34.08it/s]
100%|â–ˆâ–ˆâ–ˆâ–ˆâ–ˆâ–ˆâ–ˆâ–ˆâ–ˆâ–ˆ| 80/80 [00:02<00:00, 34.74it/s]
{'eval_loss': 1.2937432527542114, 'eval_accuracy': 0.6965408805031447, 'eval_precision': 0.7012765547668295, 'eval_recall': 0.6965408805031447, 'eval_f1': 0.6974807055599116, 'eval_runtime': 2.3365, 'eval_samples_per_second': 272.207, 'eval_steps_per_second': 34.24, 'epoch': 4.0}

this is just bert with 5 epoch no preprocessing?